Log file open, 05/22/18 14:38:57
LogWindows: Failed to load 'aqProf.dll' (GetLastError=126)
LogWindows: File 'aqProf.dll' does not exist
LogWindows: Failed to load 'VtuneApi.dll' (GetLastError=126)
LogWindows: File 'VtuneApi.dll' does not exist
LogWindows: Failed to load 'VtuneApi32e.dll' (GetLastError=126)
LogWindows: File 'VtuneApi32e.dll' does not exist
LogInit: Display: Running engine for game: DarkMatter_UEProj
LogPlatformFile: Not using cached read wrapper
LogInit: Display: RandInit(-900252697) SRandInit(-900252697).
LogInit: Read version file with build ID '3944462'
LogInit: Overriding engine version to CL 3989454, compatible CL 3944462
LogInit: Registered custom module enumerator with build ID '3944462'
LogTaskGraph: Started task graph with 5 named threads and 23 total threads with 3 sets of task threads.
LogStats: Stats thread started at 0.383663
LogD3D11RHI: Aftermath initialized
LogICUInternationalization: Display: ICU TimeZone Detection - Raw Offset: +1:00, Platform Override: ''
LogModuleManager: Display: Found up-to-date module file ../../../Engine/Plugins/2D/Paper2D/Binaries/Win64/UE4Editor-Paper2D.dll (API version 3944462).
LogModuleManager: Display: Found up-to-date module file ../../../Engine/Plugins/2D/Paper2D/Binaries/Win64/UE4Editor-Paper2DEditor.dll (API version 3944462).
LogModuleManager: Display: Found up-to-date module file ../../../Engine/Plugins/2D/Paper2D/Binaries/Win64/UE4Editor-PaperSpriteSheetImporter.dll (API version 3944462).
LogModuleManager: Display: Found up-to-date module file ../../../Engine/Plugins/2D/Paper2D/Binaries/Win64/UE4Editor-PaperTiledImporter.dll (API version 3944462).
LogModuleManager: Display: Found up-to-date module file ../../../Engine/Plugins/2D/Paper2D/Binaries/Win64/UE4Editor-SmartSnapping.dll (API version 3944462).
LogModuleManager: Display: Found up-to-date module file ../../../Engine/Plugins/Blendables/LightPropagationVolume/Binaries/Win64/UE4Editor-LightPropagationVolumeRuntime.dll (API version 3944462).
LogModuleManager: Display: Found up-to-date module file ../../../Engine/Plugins/Blendables/LightPropagationVolume/Binaries/Win64/UE4Editor-LightPropagationVolumeEditor.dll (API version 3944462).
LogModuleManager: Display: Found up-to-date module file ../../../Engine/Plugins/Developer/CLionSourceCodeAccess/Binaries/Win64/UE4Editor-CLionSourceCodeAccess.dll (API version 3944462).
LogModuleManager: Display: Found up-to-date module file ../../../Engine/Plugins/Developer/GitSourceControl/Binaries/Win64/UE4Editor-GitSourceControl.dll (API version 3944462).
LogModuleManager: Display: Found up-to-date module file ../../../Engine/Plugins/Developer/PerforceSourceControl/Binaries/Win64/UE4Editor-PerforceSourceControl.dll (API version 3944462).
LogModuleManager: Display: Found up-to-date module file ../../../Engine/Plugins/Developer/SubversionSourceControl/Binaries/Win64/UE4Editor-SubversionSourceControl.dll (API version 3944462).
LogModuleManager: Display: Found up-to-date module file ../../../Engine/Plugins/Developer/UObjectPlugin/Binaries/Win64/UE4Editor-UObjectPlugin.dll (API version 3944462).
LogModuleManager: Display: Found up-to-date module file ../../../Engine/Plugins/Developer/VisualStudioCodeSourceCodeAccess/Binaries/Win64/UE4Editor-VisualStudioCodeSourceCodeAccess.dll (API version 3944462).
LogModuleManager: Display: Found up-to-date module file ../../../Engine/Plugins/Developer/VisualStudioSourceCodeAccess/Binaries/Win64/UE4Editor-VisualStudioSourceCodeAccess.dll (API version 3944462).
LogModuleManager: Display: Found up-to-date module file ../../../Engine/Plugins/Editor/AssetManagerEditor/Binaries/Win64/UE4Editor-AssetManagerEditor.dll (API version 3944462).
LogModuleManager: Display: Found up-to-date module file ../../../Engine/Plugins/Editor/CryptoKeys/Binaries/Win64/UE4Editor-CryptoKeys.dll (API version 3944462).
LogModuleManager: Display: Found up-to-date module file ../../../Engine/Plugins/Editor/CryptoKeys/Binaries/Win64/UE4Editor-CryptoKeysOpenSSL.dll (API version 3944462).
LogModuleManager: Display: Found up-to-date module file ../../../Engine/Plugins/Editor/DataValidation/Binaries/Win64/UE4Editor-DataValidation.dll (API version 3944462).
LogModuleManager: Display: Found up-to-date module file ../../../Engine/Plugins/Editor/FacialAnimation/Binaries/Win64/UE4Editor-FacialAnimation.dll (API version 3944462).
LogModuleManager: Display: Found up-to-date module file ../../../Engine/Plugins/Editor/FacialAnimation/Binaries/Win64/UE4Editor-FacialAnimationEditor.dll (API version 3944462).
LogModuleManager: Display: Found up-to-date module file ../../../Engine/Plugins/Editor/GameplayTagsEditor/Binaries/Win64/UE4Editor-GameplayTagsEditor.dll (API version 3944462).
LogModuleManager: Display: Found up-to-date module file ../../../Engine/Plugins/Editor/MobileLauncherProfileWizard/Binaries/Win64/UE4Editor-MobileLauncherProfileWizard.dll (API version 3944462).
LogModuleManager: Display: Found up-to-date module file ../../../Engine/Plugins/Editor/PluginBrowser/Binaries/Win64/UE4Editor-PluginBrowser.dll (API version 3944462).
LogModuleManager: Display: Found up-to-date module file ../../../Engine/Plugins/Editor/SpeedTreeImporter/Binaries/Win64/UE4Editor-SpeedTreeImporter.dll (API version 3944462).
LogModuleManager: Display: Found up-to-date module file ../../../Engine/Plugins/Enterprise/DatasmithContent/Binaries/Win64/UE4Editor-DatasmithContent.dll (API version 3944462).
LogModuleManager: Display: Found up-to-date module file ../../../Engine/Plugins/Experimental/AlembicImporter/Binaries/Win64/UE4Editor-AlembicImporter.dll (API version 3944462).
LogModuleManager: Display: Found up-to-date module file ../../../Engine/Plugins/Experimental/AlembicImporter/Binaries/Win64/UE4Editor-AlembicLibrary.dll (API version 3944462).
LogModuleManager: Display: Found up-to-date module file ../../../Engine/Plugins/Experimental/CharacterAI/Binaries/Win64/UE4Editor-CharacterAI.dll (API version 3944462).
LogModuleManager: Display: Found up-to-date module file ../../../Engine/Plugins/Experimental/HTML5Networking/Binaries/Win64/UE4Editor-HTML5Networking.dll (API version 3944462).
LogModuleManager: Display: Found up-to-date module file ../../../Engine/Plugins/Media/AndroidMedia/Binaries/Win64/UE4Editor-AndroidMediaEditor.dll (API version 3944462).
LogModuleManager: Display: Found up-to-date module file ../../../Engine/Plugins/Media/AndroidMedia/Binaries/Win64/UE4Editor-AndroidMediaFactory.dll (API version 3944462).
LogModuleManager: Display: Found up-to-date module file ../../../Engine/Plugins/Media/AvfMedia/Binaries/Win64/UE4Editor-AvfMediaEditor.dll (API version 3944462).
LogModuleManager: Display: Found up-to-date module file ../../../Engine/Plugins/Media/AvfMedia/Binaries/Win64/UE4Editor-AvfMediaFactory.dll (API version 3944462).
LogModuleManager: Display: Found up-to-date module file ../../../Engine/Plugins/Media/AvfMedia/Binaries/Win64/UE4Editor-AvfMediaFactory.dll (API version 3944462).
LogModuleManager: Display: Found up-to-date module file ../../../Engine/Plugins/Media/ImgMedia/Binaries/Win64/UE4Editor-ImgMedia.dll (API version 3944462).
LogModuleManager: Display: Found up-to-date module file ../../../Engine/Plugins/Media/ImgMedia/Binaries/Win64/UE4Editor-ImgMediaEditor.dll (API version 3944462).
LogModuleManager: Display: Found up-to-date module file ../../../Engine/Plugins/Media/ImgMedia/Binaries/Win64/UE4Editor-ImgMediaFactory.dll (API version 3944462).
LogModuleManager: Display: Found up-to-date module file ../../../Engine/Plugins/Media/ImgMedia/Binaries/Win64/UE4Editor-ImgMediaFactory.dll (API version 3944462).
LogModuleManager: Display: Found up-to-date module file ../../../Engine/Plugins/Media/ImgMedia/Binaries/Win64/UE4Editor-OpenExrWrapper.dll (API version 3944462).
LogModuleManager: Display: Found up-to-date module file ../../../Engine/Plugins/Media/LinearTimecode/Binaries/Win64/UE4Editor-LinearTimecode.dll (API version 3944462).
LogModuleManager: Display: Found up-to-date module file ../../../Engine/Plugins/Media/MediaCompositing/Binaries/Win64/UE4Editor-MediaCompositing.dll (API version 3944462).
LogModuleManager: Display: Found up-to-date module file ../../../Engine/Plugins/Media/MediaCompositing/Binaries/Win64/UE4Editor-MediaCompositingEditor.dll (API version 3944462).
LogModuleManager: Display: Found up-to-date module file ../../../Engine/Plugins/Media/MediaPlayerEditor/Binaries/Win64/UE4Editor-MediaPlayerEditor.dll (API version 3944462).
LogModuleManager: Display: Found up-to-date module file ../../../Engine/Plugins/Media/WmfMedia/Binaries/Win64/UE4Editor-WmfMedia.dll (API version 3944462).
LogModuleManager: Display: Found up-to-date module file ../../../Engine/Plugins/Media/WmfMedia/Binaries/Win64/UE4Editor-WmfMediaEditor.dll (API version 3944462).
LogModuleManager: Display: Found up-to-date module file ../../../Engine/Plugins/Media/WmfMedia/Binaries/Win64/UE4Editor-WmfMediaFactory.dll (API version 3944462).
LogModuleManager: Display: Found up-to-date module file ../../../Engine/Plugins/Media/WmfMedia/Binaries/Win64/UE4Editor-WmfMediaFactory.dll (API version 3944462).
LogModuleManager: Display: Found up-to-date module file ../../../Engine/Plugins/Messaging/TcpMessaging/Binaries/Win64/UE4Editor-TcpMessaging.dll (API version 3944462).
LogModuleManager: Display: Found up-to-date module file ../../../Engine/Plugins/Messaging/UdpMessaging/Binaries/Win64/UE4Editor-UdpMessaging.dll (API version 3944462).
LogModuleManager: Display: Found up-to-date module file ../../../Engine/Plugins/MovieScene/ActorSequence/Binaries/Win64/UE4Editor-ActorSequence.dll (API version 3944462).
LogModuleManager: Display: Found up-to-date module file ../../../Engine/Plugins/MovieScene/LevelSequenceEditor/Binaries/Win64/UE4Editor-LevelSequenceEditor.dll (API version 3944462).
LogModuleManager: Display: Found up-to-date module file ../../../Engine/Plugins/MovieScene/MatineeToLevelSequence/Binaries/Win64/UE4Editor-MatineeToLevelSequence.dll (API version 3944462).
LogModuleManager: Display: Found up-to-date module file ../../../Engine/Plugins/NetcodeUnitTest/NetcodeUnitTest/Binaries/Win64/UE4Editor-NetcodeUnitTest.dll (API version 3944462).
LogModuleManager: Display: Found up-to-date module file ../../../Engine/Plugins/NetcodeUnitTest/NUTUnrealEngine4/Binaries/Win64/UE4Editor-NUTUnrealEngine4.dll (API version 3944462).
LogModuleManager: Display: Found up-to-date module file ../../../Engine/Plugins/Online/OnlineSubsystem/Binaries/Win64/UE4Editor-OnlineSubsystem.dll (API version 3944462).
LogModuleManager: Display: Found up-to-date module file ../../../Engine/Plugins/Runtime/AndroidPermission/Binaries/Win64/UE4Editor-AndroidPermission.dll (API version 3944462).
LogModuleManager: Display: Found up-to-date module file ../../../Engine/Plugins/Online/OnlineSubsystemNull/Binaries/Win64/UE4Editor-OnlineSubsystemNull.dll (API version 3944462).
LogModuleManager: Display: Found up-to-date module file ../../../Engine/Plugins/Online/OnlineSubsystemUtils/Binaries/Win64/UE4Editor-OnlineSubsystemUtils.dll (API version 3944462).
LogModuleManager: Display: Found up-to-date module file ../../../Engine/Plugins/Online/OnlineSubsystemUtils/Binaries/Win64/UE4Editor-OnlineBlueprintSupport.dll (API version 3944462).
LogModuleManager: Display: Found up-to-date module file ../../../Engine/Plugins/Runtime/AndroidDeviceProfileSelector/Binaries/Win64/UE4Editor-AndroidDeviceProfileSelector.dll (API version 3944462).
LogModuleManager: Display: Found up-to-date module file ../../../Engine/Plugins/Runtime/AppleARKit/Binaries/Win64/UE4Editor-AppleARKit.dll (API version 3944462).
LogModuleManager: Display: Found up-to-date module file ../../../Engine/Plugins/Runtime/ProceduralMeshComponent/Binaries/Win64/UE4Editor-ProceduralMeshComponent.dll (API version 3944462).
LogModuleManager: Display: Found up-to-date module file ../../../Engine/Plugins/Runtime/ProceduralMeshComponent/Binaries/Win64/UE4Editor-ProceduralMeshComponentEditor.dll (API version 3944462).
LogModuleManager: Display: Found up-to-date module file ../../../Engine/Plugins/Animation/LiveLink/Binaries/Win64/UE4Editor-LiveLink.dll (API version 3944462).
LogModuleManager: Display: Found up-to-date module file ../../../Engine/Plugins/Animation/LiveLink/Binaries/Win64/UE4Editor-LiveLinkEditor.dll (API version 3944462).
LogModuleManager: Display: Found up-to-date module file ../../../Engine/Plugins/Runtime/ArchVisCharacter/Binaries/Win64/UE4Editor-ArchVisCharacter.dll (API version 3944462).
LogModuleManager: Display: Found up-to-date module file ../../../Engine/Plugins/Runtime/AudioCapture/Binaries/Win64/UE4Editor-AudioCapture.dll (API version 3944462).
LogModuleManager: Display: Found up-to-date module file ../../../Engine/Plugins/Runtime/AudioCapture/Binaries/Win64/UE4Editor-AudioCaptureEditor.dll (API version 3944462).
LogModuleManager: Display: Found up-to-date module file ../../../Engine/Plugins/Runtime/CableComponent/Binaries/Win64/UE4Editor-CableComponent.dll (API version 3944462).
LogModuleManager: Display: Found up-to-date module file ../../../Engine/Plugins/Runtime/CustomMeshComponent/Binaries/Win64/UE4Editor-CustomMeshComponent.dll (API version 3944462).
LogModuleManager: Display: Found up-to-date module file ../../../Engine/Plugins/Runtime/ExampleDeviceProfileSelector/Binaries/Win64/UE4Editor-ExampleDeviceProfileSelector.dll (API version 3944462).
LogModuleManager: Display: Found up-to-date module file ../../../Engine/Plugins/Runtime/ImmediatePhysics/Binaries/Win64/UE4Editor-ImmediatePhysics.dll (API version 3944462).
LogModuleManager: Display: Found up-to-date module file ../../../Engine/Plugins/Runtime/ImmediatePhysics/Binaries/Win64/UE4Editor-ImmediatePhysicsEditor.dll (API version 3944462).
LogModuleManager: Display: Found up-to-date module file ../../../Engine/Plugins/Runtime/LocationServicesBPLibrary/Binaries/Win64/UE4Editor-LocationServicesBPLibrary.dll (API version 3944462).
LogModuleManager: Display: Found up-to-date module file ../../../Engine/Plugins/Runtime/MobilePatchingUtils/Binaries/Win64/UE4Editor-MobilePatchingUtils.dll (API version 3944462).
LogModuleManager: Display: Found up-to-date module file ../../../Engine/Plugins/Runtime/Oculus/OculusVR/Binaries/Win64/UE4Editor-OculusHMD.dll (API version 3944462).
LogModuleManager: Display: Found up-to-date module file ../../../Engine/Plugins/Runtime/Oculus/OculusVR/Binaries/Win64/UE4Editor-OculusInput.dll (API version 3944462).
LogModuleManager: Display: Found up-to-date module file ../../../Engine/Plugins/Runtime/Oculus/OculusVR/Binaries/Win64/UE4Editor-OculusEditor.dll (API version 3944462).
LogModuleManager: Display: Found up-to-date module file ../../../Engine/Plugins/Runtime/PhysXVehicles/Binaries/Win64/UE4Editor-PhysXVehicles.dll (API version 3944462).
LogModuleManager: Display: Found up-to-date module file ../../../Engine/Plugins/Runtime/PhysXVehicles/Binaries/Win64/UE4Editor-PhysXVehiclesEditor.dll (API version 3944462).
LogModuleManager: Display: Found up-to-date module file ../../../Engine/Plugins/Runtime/RuntimePhysXCooking/Binaries/Win64/UE4Editor-RuntimePhysXCooking.dll (API version 3944462).
LogModuleManager: Display: Found up-to-date module file ../../../Engine/Plugins/Runtime/Steam/SteamVR/Binaries/Win64/UE4Editor-SteamVR.dll (API version 3944462).
LogModuleManager: Display: Found up-to-date module file ../../../Engine/Plugins/Runtime/Steam/SteamVR/Binaries/Win64/UE4Editor-SteamVRController.dll (API version 3944462).
LogModuleManager: Display: Found up-to-date module file ../../../Engine/Plugins/Runtime/WindowsMoviePlayer/Binaries/Win64/UE4Editor-WindowsMoviePlayer.dll (API version 3944462).
LogPluginManager: Mounting plugin Paper2D
LogPluginManager: Mounting plugin LiveLink
LogPluginManager: Mounting plugin LightPropagationVolume
LogPluginManager: Mounting plugin CLionSourceCodeAccess
LogPluginManager: Mounting plugin CodeLiteSourceCodeAccess
LogPluginManager: Mounting plugin GitSourceControl
LogPluginManager: Mounting plugin KDevelopSourceCodeAccess
LogPluginManager: Mounting plugin NullSourceCodeAccess
LogPluginManager: Mounting plugin PerforceSourceControl
LogPluginManager: Mounting plugin SubversionSourceControl
LogPluginManager: Mounting plugin UObjectPlugin
LogPluginManager: Mounting plugin VisualStudioCodeSourceCodeAccess
LogPluginManager: Mounting plugin VisualStudioSourceCodeAccess
LogPluginManager: Mounting plugin XCodeSourceCodeAccess
LogPluginManager: Mounting plugin AssetManagerEditor
LogPluginManager: Mounting plugin CryptoKeys
LogPluginManager: Mounting plugin DataValidation
LogPluginManager: Mounting plugin FacialAnimation
LogPluginManager: Mounting plugin GameplayTagsEditor
LogPluginManager: Mounting plugin MobileLauncherProfileWizard
LogPluginManager: Mounting plugin PluginBrowser
LogPluginManager: Mounting plugin SpeedTreeImporter
LogPluginManager: Mounting plugin DatasmithContent
LogPluginManager: Mounting plugin AlembicImporter
LogPluginManager: Mounting plugin CharacterAI
LogPluginManager: Mounting plugin HTML5Networking
LogPluginManager: Mounting plugin AndroidMedia
LogPluginManager: Mounting plugin AvfMedia
LogPluginManager: Mounting plugin ImgMedia
LogPluginManager: Mounting plugin LinearTimecode
LogPluginManager: Mounting plugin MediaCompositing
LogPluginManager: Mounting plugin MediaPlayerEditor
LogPluginManager: Mounting plugin WmfMedia
LogPluginManager: Mounting plugin TcpMessaging
LogPluginManager: Mounting plugin UdpMessaging
LogPluginManager: Mounting plugin ActorSequence
LogPluginManager: Mounting plugin LevelSequenceEditor
LogPluginManager: Mounting plugin MatineeToLevelSequence
LogPluginManager: Mounting plugin NetcodeUnitTest
LogPluginManager: Mounting plugin NUTUnrealEngine4
LogPluginManager: Mounting plugin OnlineSubsystemGooglePlay
LogPluginManager: Mounting plugin OnlineSubsystemIOS
LogPluginManager: Mounting plugin OnlineSubsystem
LogPluginManager: Mounting plugin OnlineSubsystemNull
LogPluginManager: Mounting plugin OnlineSubsystemUtils
LogPluginManager: Mounting plugin AndroidDeviceProfileSelector
LogPluginManager: Mounting plugin AndroidMoviePlayer
LogPluginManager: Mounting plugin AndroidPermission
LogPluginManager: Mounting plugin AppleARKit
LogPluginManager: Mounting plugin AppleMoviePlayer
LogPluginManager: Mounting plugin ArchVisCharacter
LogPluginManager: Mounting plugin AudioCapture
LogPluginManager: Mounting plugin CableComponent
LogPluginManager: Mounting plugin CustomMeshComponent
LogPluginManager: Mounting plugin ExampleDeviceProfileSelector
LogPluginManager: Mounting plugin GoogleCloudMessaging
LogPluginManager: Mounting plugin ImmediatePhysics
LogPluginManager: Mounting plugin IOSDeviceProfileSelector
LogPluginManager: Mounting plugin LinuxDeviceProfileSelector
LogPluginManager: Mounting plugin LocationServicesBPLibrary
LogPluginManager: Mounting plugin MobilePatchingUtils
LogPluginManager: Mounting plugin OculusVR
LogPluginManager: Plugin shader directory ../../../Engine/Plugins/Runtime/Oculus/OculusVR/Shaders found
LogPluginManager: Mapping shader source directory ../../../Engine/Plugins/Runtime/Oculus/OculusVR/Shaders to virtual directory /Plugin/OculusVR
LogPluginManager: Mounting plugin PhysXVehicles
LogPluginManager: Mounting plugin ProceduralMeshComponent
LogPluginManager: Mounting plugin RuntimePhysXCooking
LogPluginManager: Mounting plugin SteamVR
LogPluginManager: Mounting plugin WindowsMoviePlayer
LogStreaming: Display: Took  3.291s to configure plugins.
LogInit: Using libcurl 7.47.1
LogInit:  - built for x86_64-pc-win32
LogInit:  - supports SSL with OpenSSL/1.0.2g
LogInit:  - supports HTTP deflate (compression) using libz 1.2.8
LogInit:  - other features:
LogInit:      CURL_VERSION_SSL
LogInit:      CURL_VERSION_LIBZ
LogInit:      CURL_VERSION_IPV6
LogInit:      CURL_VERSION_ASYNCHDNS
LogInit:      CURL_VERSION_LARGEFILE
LogInit:      CURL_VERSION_IDN
LogInit:  CurlRequestOptions (configurable via config and command line):
LogInit:  - bVerifyPeer = false  - Libcurl will NOT verify peer certificate
LogInit:  - bUseHttpProxy = false  - Libcurl will NOT use HTTP proxy
LogInit:  - bDontReuseConnections = false  - Libcurl will reuse connections
LogInit:  - CertBundlePath = nullptr  - Libcurl will use whatever was configured at build time.
LogInit:  - MaxHostConnections = 16  - Libcurl will limit the number of connections to a host
LogInit:  - LocalHostAddr = Default
LogInit: WinSock: version 1.1 (2.2), MaxSocks=32767, MaxUdp=65467
LogInit: WinSock: I am Ganesh (10.3.26.70:0)
LogInit: Build: ++UE4+Release-4.19-CL-3989454
LogInit: Engine Version: 4.19.1-3989454+++UE4+Release-4.19
LogInit: Compatible Engine Version: 4.19.0-3944462+++UE4+Release-4.19
LogInit: Net CL: 3944462
LogDevObjectVersion: Number of dev versions registered: 18
LogDevObjectVersion:   Dev-Blueprints (B0D832E4-1F89-4F0D-ACCF-7EB736FD4AA2): 10
LogDevObjectVersion:   Dev-Build (E1C64328-A22C-4D53-A36C-8E866417BD8C): 0
LogDevObjectVersion:   Dev-Core (375EC13C-06E4-48FB-B500-84F0262A717E): 2
LogDevObjectVersion:   Dev-Editor (E4B068ED-F494-42E9-A231-DA0B2E46BB41): 23
LogDevObjectVersion:   Dev-Framework (CFFC743F-43B0-4480-9391-14DF171D2073): 33
LogDevObjectVersion:   Dev-Mobile (B02B49B5-BB20-44E9-A304-32B752E40360): 2
LogDevObjectVersion:   Dev-Networking (A4E4105C-59A1-49B5-A7C5-40C4547EDFEE): 0
LogDevObjectVersion:   Dev-Online (39C831C9-5AE6-47DC-9A44-9C173E1C8E7C): 0
LogDevObjectVersion:   Dev-Physics (78F01B33-EBEA-4F98-B9B4-84EACCB95AA2): 0
LogDevObjectVersion:   Dev-Platform (6631380F-2D4D-43E0-8009-CF276956A95A): 0
LogDevObjectVersion:   Dev-Rendering (12F88B9F-8875-4AFC-A67C-D90C383ABD29): 25
LogDevObjectVersion:   Dev-Sequencer (7B5AE74C-D270-4C10-A958-57980B212A5A): 6
LogDevObjectVersion:   Dev-VR (D7296918-1DD6-4BDD-9DE2-64A83CC13884): 1
LogDevObjectVersion:   Dev-LoadTimes (C2A15278-BFE7-4AFE-6C17-90FF531DF755): 1
LogDevObjectVersion:   Private-Geometry (6EACA3D4-40EC-4CC1-B786-8BED09428FC5): 2
LogDevObjectVersion:   Dev-AnimPhys (29E575DD-E0A3-4627-9D10-D276232CDCEA): 16
LogDevObjectVersion:   Dev-ReflectionCapture (6B266CEC-1EC7-4B8F-A30B-E4D90942FC07): 1
LogDevObjectVersion:   Dev-Automation (0DF73D61-A23F-47EA-B727-89E90C41499A): 1
LogInit: Compiled (64-bit): Apr  6 2018 12:26:04
LogInit: Compiled with Visual C++: 19.00.24215.01
LogInit: Build Configuration: Development
LogInit: Branch Name: ++UE4+Release-4.19
LogInit: Command Line: -EpicPortal 
LogInit: Base Directory: C:/Program Files/Epic Games/UE_4.19/Engine/Binaries/Win64/
LogInit: Installed Engine Build: 1
LogStreaming: Display: Took  0.001s to delete old logs.
LogInit: Presizing for max 8388607 objects, including 0 objects not considered by GC, pre-allocating 0 bytes for permanent pool.
LogInit: Object subsystem initialized
[2018.05.22-12.39.01:920][  0]LogInit: Selected Device Profile: [Windows]
[2018.05.22-12.39.01:920][  0]LogInit: Applying CVar settings loaded from the selected device profile: [Windows]
[2018.05.22-12.39.01:954][  0]LogInit: Computer: GANESH
[2018.05.22-12.39.01:954][  0]LogInit: User: Demi
[2018.05.22-12.39.01:954][  0]LogInit: CPU Page size=4096, Cores=4
[2018.05.22-12.39.01:954][  0]LogInit: High frequency timer resolution =2.531245 MHz
[2018.05.22-12.39.01:955][  0]LogMemory: Memory total: Physical=15.9GB (16GB approx)
[2018.05.22-12.39.01:955][  0]LogMemory: Platform Memory Stats for Windows
[2018.05.22-12.39.01:955][  0]LogMemory: Process Physical Memory: 275.16 MB used, 275.16 MB peak
[2018.05.22-12.39.01:955][  0]LogMemory: Process Virtual Memory: 264.83 MB used, 264.83 MB peak
[2018.05.22-12.39.01:955][  0]LogMemory: Physical Memory: 8412.95 MB used,  7846.80 MB free, 16259.75 MB total
[2018.05.22-12.39.01:955][  0]LogMemory: Virtual Memory: 683.66 MB used,  7846.80 MB free, 134217728.00 MB total
[2018.05.22-12.39.02:017][  0]LogInit: Using OS detected language (en-US).
[2018.05.22-12.39.02:017][  0]LogInit: Using OS detected locale (en-US).
[2018.05.22-12.39.02:027][  0]LogTextLocalizationManager: No specific localization for 'en-US' exists, so the 'en' localization will be used.
[2018.05.22-12.39.02:987][  0]LogStreaming: Display: Took  0.970s to EndInitTextLocalization.
[2018.05.22-12.39.02:987][  0]LogInit: Setting process to per monitor DPI aware
[2018.05.22-12.39.03:077][  0]LogSlate: New Slate User Created.  User Index 0, Is Virtual User: 0
[2018.05.22-12.39.03:077][  0]LogSlate: Slate User Registered.  User Index 0, Is Virtual User: 0
[2018.05.22-12.39.03:614][  0]LogD3D11RHI: D3D11 adapters:
[2018.05.22-12.39.03:701][  0]LogD3D11RHI:    0. 'NVIDIA GeForce GTX 1060' (Feature Level 11_0)
[2018.05.22-12.39.03:701][  0]LogD3D11RHI:       6084/0/8129 MB DedicatedVideo/DedicatedSystem/SharedSystem, Outputs:1, VendorId:0x10de
[2018.05.22-12.39.03:716][  0]LogD3D11RHI:    1. 'Intel(R) HD Graphics 530' (Feature Level 11_0)
[2018.05.22-12.39.03:716][  0]LogD3D11RHI:       128/0/8129 MB DedicatedVideo/DedicatedSystem/SharedSystem, Outputs:0, VendorId:0x8086
[2018.05.22-12.39.03:721][  0]LogD3D11RHI:    2. 'Microsoft Basic Render Driver' (Feature Level 11_0)
[2018.05.22-12.39.03:721][  0]LogD3D11RHI:       0/0/8129 MB DedicatedVideo/DedicatedSystem/SharedSystem, Outputs:0, VendorId:0x1414
[2018.05.22-12.39.03:721][  0]LogD3D11RHI: Chosen D3D11 Adapter: 0
[2018.05.22-12.39.03:736][  0]LogD3D11RHI: Creating new Direct3DDevice
[2018.05.22-12.39.03:736][  0]LogD3D11RHI:     GPU DeviceId: 0x1c60 (for the marketing name, search the web for "GPU Device Id")
[2018.05.22-12.39.03:736][  0]LogWindows: EnumDisplayDevices:
[2018.05.22-12.39.03:737][  0]LogWindows:    0. 'Intel(R) HD Graphics 530' (P:1 D:1)
[2018.05.22-12.39.03:737][  0]LogWindows:    1. 'Intel(R) HD Graphics 530' (P:0 D:0)
[2018.05.22-12.39.03:737][  0]LogWindows:    2. 'Intel(R) HD Graphics 530' (P:0 D:0)
[2018.05.22-12.39.03:738][  0]LogWindows:    3. 'NVIDIA GeForce GTX 1060' (P:0 D:0)
[2018.05.22-12.39.03:738][  0]LogWindows:    4. 'NVIDIA GeForce GTX 1060' (P:0 D:0)
[2018.05.22-12.39.03:738][  0]LogWindows:    5. 'NVIDIA GeForce GTX 1060' (P:0 D:0)
[2018.05.22-12.39.03:738][  0]LogWindows:    6. 'NVIDIA GeForce GTX 1060' (P:0 D:0)
[2018.05.22-12.39.03:738][  0]LogWindows: DebugString: GetVideoDriverDetailsInvalid PrimaryIsNotTheChoosenAdapter GetVideoDriverDetailsInvalid PrimaryIsNotTheChoosenAdapter GetVideoDriverDetailsInvalid PrimaryIsNotTheChoosenAdapter GetVideoDriverDetailsInvalid PrimaryIsNotTheChoosenAdapter GetVideoDriverDetailsInvalid PrimaryIsNotTheChoosenAdapter GetVideoDriverDetailsInvalid PrimaryIsNotTheChoosenAdapter GetVideoDriverDetailsInvalid PrimaryIsNotTheChoosenAdapter FoundDriverCount:0 
[2018.05.22-12.39.03:739][  0]LogD3D11RHI:     Adapter Name: NVIDIA GeForce GTX 1060
[2018.05.22-12.39.03:739][  0]LogD3D11RHI:   Driver Version: Unknown (internal:Unknown, unified:Unknown)
[2018.05.22-12.39.03:739][  0]LogD3D11RHI:      Driver Date: Unknown
[2018.05.22-12.39.03:739][  0]LogRHI: Texture pool is 4259 MB (70% of 6084 MB)
[2018.05.22-12.39.03:794][  0]LogD3D11RHI: [Aftermath] Aftermath enabled but failed to initialize
[2018.05.22-12.39.03:794][  0]LogD3D11RHI: [Aftermath] Aftermath enabled and primed
[2018.05.22-12.39.03:794][  0]LogD3D11RHI: Async texture creation enabled
[2018.05.22-12.39.03:809][  0]LogD3D11RHI: GPU Timing Frequency: 1000.000000 (Debug: 2 1)
[2018.05.22-12.39.03:812][  0]LogShaderCompilers: Guid format shader working directory is -22 characters bigger than the processId version (../../../../../../Users/Demi/Desktop/Dark Matter/DarkMatter_UEProj/Intermediate/Shaders/WorkingDirectory/23400/).
[2018.05.22-12.39.03:812][  0]LogShaderCompilers: Cleaned the shader compiler working directory 'C:/Users/Demi/AppData/Local/Temp/UnrealShaderWorkingDir/AA6ACF504E8014B5268F6C81286B501C/'.
[2018.05.22-12.39.04:402][  0]LogTemp: Display: Loaded TP AllDesktopTargetPlatform
[2018.05.22-12.39.04:433][  0]LogTemp: Display: Loaded TP MacClientTargetPlatform
[2018.05.22-12.39.04:464][  0]LogTemp: Display: Loaded TP MacNoEditorTargetPlatform
[2018.05.22-12.39.04:500][  0]LogTemp: Display: Loaded TP MacServerTargetPlatform
[2018.05.22-12.39.04:543][  0]LogTemp: Display: Loaded TP MacTargetPlatform
[2018.05.22-12.39.04:583][  0]LogTemp: Display: Loaded TP WindowsClientTargetPlatform
[2018.05.22-12.39.04:623][  0]LogTemp: Display: Loaded TP WindowsNoEditorTargetPlatform
[2018.05.22-12.39.04:659][  0]LogTemp: Display: Loaded TP WindowsServerTargetPlatform
[2018.05.22-12.39.04:677][  0]LogTemp: Display: Loaded TP WindowsTargetPlatform
[2018.05.22-12.39.04:706][  0]LogTemp: Display: Loaded TP Android_ASTCTargetPlatform
[2018.05.22-12.39.04:744][  0]LogTemp: Display: Loaded TP Android_ATCTargetPlatform
[2018.05.22-12.39.04:771][  0]LogTemp: Display: Loaded TP Android_DXTTargetPlatform
[2018.05.22-12.39.04:807][  0]LogTemp: Display: Loaded TP Android_ETC1aTargetPlatform
[2018.05.22-12.39.04:840][  0]LogTemp: Display: Loaded TP Android_ETC1TargetPlatform
[2018.05.22-12.39.04:874][  0]LogTemp: Display: Loaded TP Android_ETC2TargetPlatform
[2018.05.22-12.39.04:944][  0]LogTemp: Display: Loaded TP Android_MultiTargetPlatform
[2018.05.22-12.39.04:944][  0]LogTemp: Display: Loaded TP Android_PVRTCTargetPlatform
[2018.05.22-12.39.04:976][  0]LogTemp: Display: Loaded TP AndroidTargetPlatform
[2018.05.22-12.39.04:979][  0]LogTemp: Display: Loaded TP HTML5TargetPlatform
[2018.05.22-12.39.05:038][  0]LogTemp: Display: Loaded TP IOSTargetPlatform
[2018.05.22-12.39.05:065][  0]LogTemp: Display: Loaded TP TVOSTargetPlatform
[2018.05.22-12.39.05:093][  0]LogTemp: Display: Loaded TP LinuxClientTargetPlatform
[2018.05.22-12.39.05:118][  0]LogTemp: Display: Loaded TP LinuxNoEditorTargetPlatform
[2018.05.22-12.39.05:145][  0]LogTemp: Display: Loaded TP LinuxServerTargetPlatform
[2018.05.22-12.39.05:178][  0]LogTemp: Display: Loaded TP LinuxTargetPlatform
[2018.05.22-12.39.05:178][  0]LogTargetPlatformManager: Display: Building Assets For Windows
[2018.05.22-12.39.05:471][  0]LogXGEController: Cannot use XGE Controller as Incredibuild is not installed on this machine.
[2018.05.22-12.39.05:471][  0]LogShaderCompilers: Cannot use XGE Shader Compiler as Incredibuild is not installed on this machine.
[2018.05.22-12.39.05:471][  0]LogShaderCompilers: Display: Using Local Shader Compiler.
[2018.05.22-12.39.07:150][  0]LogDerivedDataCache: Display: Max Cache Size: 512 MB
[2018.05.22-12.39.07:277][  0]LogDerivedDataCache: Loaded boot cache 0.13s 74MB C:/Users/Demi/AppData/Local/UnrealEngine/4.19/DerivedDataCache/Boot.ddc.
[2018.05.22-12.39.07:277][  0]LogDerivedDataCache: Display: Loaded Boot cache: C:/Users/Demi/AppData/Local/UnrealEngine/4.19/DerivedDataCache/Boot.ddc
[2018.05.22-12.39.07:277][  0]LogDerivedDataCache: FDerivedDataBackendGraph:  Pak pak cache file ../../../../../../Users/Demi/Desktop/Dark Matter/DarkMatter_UEProj/DerivedDataCache/DDC.ddp not found, will not use a pak cache.
[2018.05.22-12.39.07:277][  0]LogDerivedDataCache: Unable to find inner node Pak for hierarchical cache Hierarchy.
[2018.05.22-12.39.07:277][  0]LogDerivedDataCache: FDerivedDataBackendGraph:  CompressedPak pak cache file ../../../../../../Users/Demi/Desktop/Dark Matter/DarkMatter_UEProj/DerivedDataCache/Compressed.ddp not found, will not use a pak cache.
[2018.05.22-12.39.07:277][  0]LogDerivedDataCache: Unable to find inner node CompressedPak for hierarchical cache Hierarchy.
[2018.05.22-12.39.07:316][  0]LogDerivedDataCache: Display: Pak cache opened for reading ../../../Engine/DerivedDataCache/Compressed.ddp.
[2018.05.22-12.39.07:331][  0]LogDerivedDataCache: Using Local data cache path C:/Users/Demi/AppData/Local/UnrealEngine/Common/DerivedDataCache: Writable
[2018.05.22-12.39.07:354][  0]LogMaterial: Verifying Global Shaders for PCD3D_SM5
[2018.05.22-12.39.07:355][  0]LogSlate: Using Freetype 2.6.0
[2018.05.22-12.39.07:356][  0]LogSlate: SlateFontCache - WITH_FREETYPE: 1, WITH_HARFBUZZ: 1
[2018.05.22-12.39.07:356][  0]LogSlate: SlateFontCache - WITH_FREETYPE: 1, WITH_HARFBUZZ: 1
[2018.05.22-12.39.07:661][  0]LogAssetRegistry: FAssetRegistry took 0.0323 seconds to start up
[2018.05.22-12.39.08:384][  0]LogInit: Selected Device Profile: [Windows]
[2018.05.22-12.39.08:702][  0]LogSimplygon: Simplygon DLL not present - disabling.
[2018.05.22-12.39.08:708][  0]LogMeshReduction: Using SimplygonSwarm for distributed automatic mesh merging
[2018.05.22-12.39.08:709][  0]LogMeshReduction: Using QuadricMeshReduction for automatic static mesh reduction
[2018.05.22-12.39.08:709][  0]LogMeshReduction: No automatic skeletal mesh reduction module available
[2018.05.22-12.39.08:709][  0]LogMeshReduction: No automatic mesh merging module available
[2018.05.22-12.39.08:709][  0]LogMeshMerging: No automatic mesh merging module available
[2018.05.22-12.39.08:790][  0]LogNetVersion: DarkMatter_UEProj , NetCL: 3944462, EngineNetVer: 2, GameNetVer: 0 (Checksum: 1298174506)
[2018.05.22-12.39.09:778][  0]LogPackageLocalizationCache: Processed 9 localized package path(s) for 2 prioritized culture(s) in 0.228662 seconds
[2018.05.22-12.39.09:787][  0]LogUObjectArray: 36728 objects as part of root set at end of initial load.
[2018.05.22-12.39.09:787][  0]LogUObjectAllocator: 7314312 out of 0 bytes used by permanent object pool.
[2018.05.22-12.39.09:787][  0]LogUObjectArray: CloseDisregardForGC: 0/0 objects in disregard for GC pool
[2018.05.22-12.39.13:813][  0]LogTcpMessaging: Initializing TcpMessaging bridge
[2018.05.22-12.39.13:877][  0]LogUdpMessaging: Initializing bridge on interface 0.0.0.0:0 to multicast group 230.0.0.1:6666.
[2018.05.22-12.39.14:785][  0]SourceControl: Source control is disabled
[2018.05.22-12.39.14:785][  0]SourceControl: Source control is disabled
[2018.05.22-12.39.14:840][  0]SourceControl: Source control is disabled
[2018.05.22-12.39.14:887][  0]SourceControl: Source control is disabled
[2018.05.22-12.39.16:104][  0]LogAndroidPermission: UAndroidPermissionCallbackProxy::GetInstance
[2018.05.22-12.39.16:566][  0]LogOcInput: OculusInput pre-init called
[2018.05.22-12.39.16:848][  0]LogEngine: Initializing Engine...
[2018.05.22-12.39.16:853][  0]LogHMD: Failed to initialize OpenVR with code 110
[2018.05.22-12.39.16:857][  0]LogStats: UGameplayTagsManager::ConstructGameplayTagTree: Construct from data asset -  0.000 s
[2018.05.22-12.39.16:857][  0]LogStats: UGameplayTagsManager::ConstructGameplayTagTree: GameplayTagTreeChangedEvent.Broadcast -  0.000 s
[2018.05.22-12.39.17:299][  0]LogAIModule: Creating AISystem for world Untitled
[2018.05.22-12.39.17:420][  0]LogInit: XAudio2 using 'Luidsprekers (Realtek High Definition Audio)' : 2 channels at 48 kHz using 32 bits per sample (channel mask 0x3)
[2018.05.22-12.39.17:559][  0]LogInit: FAudioDevice initialized.
[2018.05.22-12.39.17:673][  0]LogDerivedDataCache: Saved boot cache 0.11s 74MB C:/Users/Demi/AppData/Local/UnrealEngine/4.19/DerivedDataCache/Boot.ddc.
[2018.05.22-12.39.17:692][  0]LogInit: Texture streaming: Enabled
[2018.05.22-12.39.17:733][  0]LogEngineSessionManager: EngineSessionManager initialized
[2018.05.22-12.39.17:770][  0]LogInit: Transaction tracking system initialized
[2018.05.22-12.39.17:832][  0]BlueprintLog: New page: Editor Load
[2018.05.22-12.39.18:025][  0]LocalizationService: Localization service is disabled
[2018.05.22-12.39.18:266][  0]LogConsoleResponse: Display: 
[2018.05.22-12.39.18:597][  0]LogCook: Display: Max memory allowance for cook 16384mb min free memory 0mb
[2018.05.22-12.39.18:597][  0]LogCook: Display: Mobile HDR setting 1
[2018.05.22-12.39.18:598][  0]LogGameplayTags: Display: UGameplayTagsManager::DoneAddingNativeTags. DelegateIsBound: 0
[2018.05.22-12.39.18:598][  0]LogStats: UGameplayTagsManager::ConstructGameplayTagTree: Construct from data asset -  0.000 s
[2018.05.22-12.39.18:598][  0]LogStats: UGameplayTagsManager::ConstructGameplayTagTree: GameplayTagTreeChangedEvent.Broadcast -  0.000 s
[2018.05.22-12.39.19:295][  0]LogFileCache: Scanning file cache for directory 'C:/Users/Demi/Desktop/Dark Matter/DarkMatter_UEProj/Content/' took 0.02s
[2018.05.22-12.39.19:624][  0]SourceControl: Source control is disabled
[2018.05.22-12.39.19:624][  0]Cmd: MAP LOAD FILE="../../../../../../Users/Demi/Desktop/Dark Matter/DarkMatter_UEProj/Content/TopDownBP/Maps/TopDownExampleMap.umap" TEMPLATE=0 SHOWPROGRESS=1 FEATURELEVEL=3
[2018.05.22-12.39.19:626][  0]LightingResults: New page: Lighting Build
[2018.05.22-12.39.19:633][  0]MapCheck: New page: Map Check
[2018.05.22-12.39.19:633][  0]LightingResults: New page: Lighting Build
[2018.05.22-12.39.20:522][  0]LogSkeletalMesh: Skeletal Mesh found in DDC [30.456160ms] /Game/Mannequin/Character/Mesh/SK_Mannequin.SK_Mannequin
[2018.05.22-12.39.20:868][  0]LogAIModule: Creating AISystem for world TopDownExampleMap
[2018.05.22-12.39.20:896][  0]LogEditorServer: Finished looking for orphan Actors (0.000 secs)
[2018.05.22-12.39.20:927][  0]Cmd: MAP CHECKDEP NOCLEARLOG
[2018.05.22-12.39.21:129][  0]MapCheck: Map check complete: 0 Error(s), 0 Warning(s), took 202.522ms to complete.
[2018.05.22-12.39.21:129][  0]LogFileHelpers: Loading map 'TopDownExampleMap' took 1.505
[2018.05.22-12.39.21:220][  0]LogWindowsTextInputMethodSystem: Display: IME system now deactivated.
[2018.05.22-12.39.21:221][  0]LogWindowsTextInputMethodSystem: Display: IME system now deactivated.
[2018.05.22-12.39.21:503][  0]LogCollectionManager: Loaded 0 collections in 0.005885 seconds
[2018.05.22-12.39.21:584][  0]LogFileCache: Scanning file cache for directory 'C:/Users/Demi/Desktop/Dark Matter/DarkMatter_UEProj/Saved/Collections/' took 0.01s
[2018.05.22-12.39.21:585][  0]LogFileCache: Scanning file cache for directory 'C:/Users/Demi/Desktop/Dark Matter/DarkMatter_UEProj/Content/Developers/Demi/Collections/' took 0.01s
[2018.05.22-12.39.21:585][  0]LogFileCache: Scanning file cache for directory 'C:/Users/Demi/Desktop/Dark Matter/DarkMatter_UEProj/Content/Collections/' took 0.01s
[2018.05.22-12.39.21:585][  0]LogCollectionManager: Rebuilt the GUID cache for 0 collections in 0.000000 seconds
[2018.05.22-12.39.21:605][  0]LogContentBrowser: Native class hierarchy populated in 0.0176 seconds. Added 2453 classes and 560 folders.
[2018.05.22-12.39.21:626][  0]LogContentBrowser: Native class hierarchy updated for 'WidgetCarousel' in 0.0004 seconds. Added 0 classes and 0 folders.
[2018.05.22-12.39.21:854][  0]LogContentBrowser: Native class hierarchy updated for 'AddContentDialog' in 0.0004 seconds. Added 0 classes and 0 folders.
[2018.05.22-12.39.22:044][  0]LogSlate: Took 0.000564 seconds to synchronously load lazily loaded font '../../../Engine/Content/Slate/Fonts/Roboto-Regular.ttf' (155K)
[2018.05.22-12.39.25:869][  0]LogSlate: Only BGRA pngs, bmps or icos are supported in by External Image Picker
[2018.05.22-12.39.25:940][  0]LogSlate: Took 0.001472 seconds to synchronously load lazily loaded font '../../../Engine/Content/Slate/Fonts/Roboto-Bold.ttf' (160K)
[2018.05.22-12.39.25:957][  0]LogSlate: Took 0.002827 seconds to synchronously load lazily loaded font '../../../Engine/Content/Editor/Slate/Fonts/FontAwesome.ttf' (139K)
[2018.05.22-12.39.26:242][  0]LogTemp: Executing iPhonePackager certificates Engine -bundlename com.YourCompany.DarkMatterUEProj
[2018.05.22-12.39.26:242][  0]LogTemp: CWD: C:\Program Files\Epic Games\UE_4.19\Engine\Binaries\DotNET\IOS
[2018.05.22-12.39.26:242][  0]LogTemp: Initial Dir: C:\Program Files\Epic Games\UE_4.19
[2018.05.22-12.39.26:242][  0]LogTemp: Env CWD: C:\Program Files\Epic Games\UE_4.19\Engine\Binaries\DotNET\IOS
[2018.05.22-12.39.26:242][  0]LogTemp: BranchPath = GANESH/C/Program Files/Epic Games/UE_4.19/Engine/Binaries --- GameBranchPath = GANESH/C/Program Files/Epic Games/UE_4.19/Engine/Binaries
[2018.05.22-12.39.26:243][  0]LogTemp: IPP ERROR: Could not find provision directory 'C:\Users\Demi\AppData\Local/Apple Computer/MobileDevice/Provisioning Profiles/'.
[2018.05.22-12.39.26:243][  0]LogRenderer: Reallocating scene render targets to support 1052x508 Format 10 NumSamples 1 (Frame:1).
[2018.05.22-12.39.26:627][  0]LogContentBrowser: Native class hierarchy updated for 'HierarchicalLODOutliner' in 0.0005 seconds. Added 0 classes and 0 folders.
[2018.05.22-12.39.26:628][  0]LogLoad: (Engine Initialization) Total time: 31.01 seconds
[2018.05.22-12.39.26:628][  0]LogLoad: (Engine Initialization) Total Blueprint compile time: 0.00 seconds
[2018.05.22-12.39.26:685][  0]LogContentStreaming: Texture pool size now 1000 MB
[2018.05.22-12.39.26:758][  0]LogSlate: Took 0.003588 seconds to synchronously load lazily loaded font '../../../Engine/Content/Slate/Fonts/Roboto-Light.ttf' (167K)
[2018.05.22-12.39.27:098][  3]LogAssetRegistry: Asset discovery search completed in 19.4599 seconds
[2018.05.22-12.39.27:102][  3]LogCollectionManager: Rebuilt the object cache for 0 collections in 0.000000 seconds (found 0 objects)
[2018.05.22-12.39.27:102][  3]LogCollectionManager: Fixed up redirectors for 0 collections in 0.000082 seconds (updated 0 objects)
[2018.05.22-12.41.46:236][744]LogSlate: FSceneViewport::OnFocusLost() reason 0
[2018.05.22-12.41.46:288][749]LogSlate: Window 'Project Settings' being destroyed
[2018.05.22-12.41.46:294][749]LogSlate: Window 'Project Settings' being destroyed
[2018.05.22-12.41.59:487][167]LogEditorViewport: Clicking on Actor (LMB): StaticMeshActor (Floor3)
[2018.05.22-12.42.06:235][875]LogSlate: FSceneViewport::OnFocusLost() reason 2
[2018.05.22-12.42.21:201][483]LogSlate: FSceneViewport::OnFocusLost() reason 2
[2018.05.22-12.42.23:002][675]LogEditorViewport: Clicking on Actor (LMB): BP_Sky_Sphere_C (SkySphereBlueprint2)
[2018.05.22-12.42.26:739][ 62]LogEditorViewport: Clicking on Actor (LMB): StaticMeshActor (Wall3)
[2018.05.22-12.42.28:387][235]Cmd: DELETE
[2018.05.22-12.42.28:387][235]Cmd: ACTOR DELETE
[2018.05.22-12.42.28:394][235]LogEditorActor: Deleted Actor: StaticMeshActor
[2018.05.22-12.42.28:407][235]LogEditorActor: Deleted 1 Actors (0.019 secs)
[2018.05.22-12.42.55:046][194]LogSlate: FSceneViewport::OnFocusLost() reason 0
[2018.05.22-12.42.55:951][290]LogRenderer: Reallocating scene render targets to support 1060x508 Format 10 NumSamples 1 (Frame:18076).
[2018.05.22-12.42.56:000][291]LogRenderer: Reallocating scene render targets to support 1064x508 Format 10 NumSamples 1 (Frame:18078).
[2018.05.22-12.42.56:050][292]LogRenderer: Reallocating scene render targets to support 1080x508 Format 10 NumSamples 1 (Frame:18080).
[2018.05.22-12.42.56:096][293]LogRenderer: Reallocating scene render targets to support 1084x508 Format 10 NumSamples 1 (Frame:18082).
[2018.05.22-12.42.57:326][417]LogRenderer: Reallocating scene render targets to support 1084x512 Format 10 NumSamples 1 (Frame:18202).
[2018.05.22-12.42.57:374][418]LogRenderer: Reallocating scene render targets to support 1084x524 Format 10 NumSamples 1 (Frame:18204).
[2018.05.22-12.42.57:425][419]LogRenderer: Reallocating scene render targets to support 1084x552 Format 10 NumSamples 1 (Frame:18206).
[2018.05.22-12.42.57:477][420]LogRenderer: Reallocating scene render targets to support 1084x572 Format 10 NumSamples 1 (Frame:18208).
[2018.05.22-12.42.57:524][421]LogRenderer: Reallocating scene render targets to support 1084x584 Format 10 NumSamples 1 (Frame:18210).
[2018.05.22-12.42.57:571][422]LogRenderer: Reallocating scene render targets to support 1084x600 Format 10 NumSamples 1 (Frame:18212).
[2018.05.22-12.42.57:615][423]LogRenderer: Reallocating scene render targets to support 1084x616 Format 10 NumSamples 1 (Frame:18214).
[2018.05.22-12.42.57:705][425]LogRenderer: Reallocating scene render targets to support 1084x620 Format 10 NumSamples 1 (Frame:18218).
[2018.05.22-12.42.57:752][426]LogRenderer: Reallocating scene render targets to support 1084x624 Format 10 NumSamples 1 (Frame:18220).
[2018.05.22-12.42.57:796][427]LogRenderer: Reallocating scene render targets to support 1084x632 Format 10 NumSamples 1 (Frame:18222).
[2018.05.22-12.42.57:841][428]LogRenderer: Reallocating scene render targets to support 1084x636 Format 10 NumSamples 1 (Frame:18224).
[2018.05.22-12.42.57:885][429]LogRenderer: Reallocating scene render targets to support 1084x640 Format 10 NumSamples 1 (Frame:18226).
[2018.05.22-12.42.57:933][430]LogRenderer: Reallocating scene render targets to support 1084x644 Format 10 NumSamples 1 (Frame:18228).
[2018.05.22-12.42.57:979][431]LogRenderer: Reallocating scene render targets to support 1084x660 Format 10 NumSamples 1 (Frame:18230).
[2018.05.22-12.42.58:024][432]LogRenderer: Reallocating scene render targets to support 1084x664 Format 10 NumSamples 1 (Frame:18232).
[2018.05.22-12.42.58:071][433]LogRenderer: Reallocating scene render targets to support 1084x672 Format 10 NumSamples 1 (Frame:18234).
[2018.05.22-12.42.58:114][434]LogRenderer: Reallocating scene render targets to support 1084x676 Format 10 NumSamples 1 (Frame:18236).
[2018.05.22-12.43.03:176][927]LogRenderer: Reallocating scene render targets to support 1092x676 Format 10 NumSamples 1 (Frame:18652).
[2018.05.22-12.43.03:224][928]LogRenderer: Reallocating scene render targets to support 1096x676 Format 10 NumSamples 1 (Frame:18654).
[2018.05.22-12.43.03:272][929]LogRenderer: Reallocating scene render targets to support 1104x676 Format 10 NumSamples 1 (Frame:18656).
[2018.05.22-12.43.03:317][930]LogRenderer: Reallocating scene render targets to support 1108x676 Format 10 NumSamples 1 (Frame:18658).
[2018.05.22-12.43.03:364][931]LogRenderer: Reallocating scene render targets to support 1120x676 Format 10 NumSamples 1 (Frame:18660).
[2018.05.22-12.43.03:410][932]LogRenderer: Reallocating scene render targets to support 1128x676 Format 10 NumSamples 1 (Frame:18662).
[2018.05.22-12.43.03:456][933]LogRenderer: Reallocating scene render targets to support 1136x676 Format 10 NumSamples 1 (Frame:18664).
[2018.05.22-12.43.03:546][935]LogRenderer: Reallocating scene render targets to support 1140x676 Format 10 NumSamples 1 (Frame:18668).
[2018.05.22-12.43.03:590][936]LogRenderer: Reallocating scene render targets to support 1152x676 Format 10 NumSamples 1 (Frame:18670).
[2018.05.22-12.43.15:914][284]LogEditorViewport: Clicking on Actor (LMB): StaticMeshActor (Wall2)
[2018.05.22-12.43.23:242][ 41]LogEditorViewport: Clicking on Actor (LMB): BP_Sky_Sphere_C (SkySphereBlueprint2)
[2018.05.22-12.44.17:056][712]LogSlate: FSceneViewport::OnFocusLost() reason 0
[2018.05.22-12.44.44:829][727]LogSlate: Window 'Save Content' being destroyed
[2018.05.22-12.47.53:908][ 98]LogSlate: FSceneViewport::OnFocusLost() reason 0
[2018.05.22-12.47.53:984][107]LogTemp: Repeating last play command: Selected Viewport
[2018.05.22-12.47.54:007][107]LogBlueprintUserMessages: Early PlayInEditor Detection: Level '/Game/TopDownBP/Maps/TopDownExampleMap.TopDownExampleMap:PersistentLevel' has LevelScriptBlueprint '/Game/TopDownBP/Maps/TopDownExampleMap.TopDownExampleMap:PersistentLevel.TopDownExampleMap' with GeneratedClass '/Game/TopDownBP/Maps/TopDownExampleMap.TopDownExampleMap_C' with ClassGeneratedBy '/Game/TopDownBP/Maps/TopDownExampleMap.TopDownExampleMap:PersistentLevel.TopDownExampleMap'
[2018.05.22-12.47.54:007][107]LogPlayLevel: PlayLevel: No blueprints needed recompiling
[2018.05.22-12.47.54:009][107]PIE: New page: PIE session: TopDownExampleMap (May 22, 2018, 4:47:54 PM)
[2018.05.22-12.47.54:009][107]LogPlayLevel: Creating play world package: /Game/TopDownBP/Maps/UEDPIE_0_TopDownExampleMap
[2018.05.22-12.47.54:046][107]LogPlayLevel: PIE: StaticDuplicateObject took: (0.036994s)
[2018.05.22-12.47.54:048][107]LogAIModule: Creating AISystem for world TopDownExampleMap
[2018.05.22-12.47.54:048][107]LogPlayLevel: PIE: World Init took: (0.001806s)
[2018.05.22-12.47.54:048][107]LogPlayLevel: PIE: Created PIE world by copying editor world from /Game/TopDownBP/Maps/TopDownExampleMap.TopDownExampleMap to /Game/TopDownBP/Maps/UEDPIE_0_TopDownExampleMap.TopDownExampleMap (0.039187s)
[2018.05.22-12.47.54:075][107]LogInit: XAudio2 using 'Luidsprekers (Realtek High Definition Audio)' : 2 channels at 48 kHz using 32 bits per sample (channel mask 0x3)
[2018.05.22-12.47.54:111][107]LogInit: FAudioDevice initialized.
[2018.05.22-12.47.54:156][107]LogLoad: Game class is 'TopDownGameMode_C'
[2018.05.22-12.47.54:162][107]LogWorld: Bringing World /Game/TopDownBP/Maps/UEDPIE_0_TopDownExampleMap.TopDownExampleMap up for play (max tick rate 0) at 2018.05.22-14.47.54
[2018.05.22-12.47.54:162][107]LogWorld: Bringing up level for play took: 0.003668
[2018.05.22-12.47.54:175][107]LogContentBrowser: Native class hierarchy updated for 'MovieSceneCapture' in 0.0005 seconds. Added 11 classes and 0 folders.
[2018.05.22-12.47.54:176][107]PIE: Play in editor start time for /Game/TopDownBP/Maps/UEDPIE_0_TopDownExampleMap -0.59
[2018.05.22-12.47.54:176][107]LogBlueprintUserMessages: Late PlayInEditor Detection: Level '/Game/TopDownBP/Maps/TopDownExampleMap.TopDownExampleMap:PersistentLevel' has LevelScriptBlueprint '/Game/TopDownBP/Maps/TopDownExampleMap.TopDownExampleMap:PersistentLevel.TopDownExampleMap' with GeneratedClass '/Game/TopDownBP/Maps/TopDownExampleMap.TopDownExampleMap_C' with ClassGeneratedBy '/Game/TopDownBP/Maps/TopDownExampleMap.TopDownExampleMap:PersistentLevel.TopDownExampleMap'
[2018.05.22-12.48.00:791][773]LogSlate: FSceneViewport::OnFocusLost() reason 0
[2018.05.22-12.48.00:864][780]LogBlueprintUserMessages: Early EndPlayMap Detection: Level '/Game/TopDownBP/Maps/TopDownExampleMap.TopDownExampleMap:PersistentLevel' has LevelScriptBlueprint '/Game/TopDownBP/Maps/TopDownExampleMap.TopDownExampleMap:PersistentLevel.TopDownExampleMap' with GeneratedClass '/Game/TopDownBP/Maps/TopDownExampleMap.TopDownExampleMap_C' with ClassGeneratedBy '/Game/TopDownBP/Maps/TopDownExampleMap.TopDownExampleMap:PersistentLevel.TopDownExampleMap'
[2018.05.22-12.48.00:902][780]LogBlueprintUserMessages: Late EndPlayMap Detection: Level '/Game/TopDownBP/Maps/TopDownExampleMap.TopDownExampleMap:PersistentLevel' has LevelScriptBlueprint '/Game/TopDownBP/Maps/TopDownExampleMap.TopDownExampleMap:PersistentLevel.TopDownExampleMap' with GeneratedClass '/Game/TopDownBP/Maps/TopDownExampleMap.TopDownExampleMap_C' with ClassGeneratedBy '/Game/TopDownBP/Maps/TopDownExampleMap.TopDownExampleMap:PersistentLevel.TopDownExampleMap'
[2018.05.22-12.49.24:909][238]LogSlate: Took 0.000418 seconds to synchronously load lazily loaded font '../../../Engine/Content/Slate/Fonts/Roboto-Light.ttf' (167K)
[2018.05.22-12.49.34:158][265]LogSavePackage: Save=187.84ms
[2018.05.22-12.49.34:158][265]LogSavePackage: Moving '../../../../../../Users/Demi/Desktop/Dark Matter/DarkMatter_UEProj/Saved/TopDownExampleMap_Auto176DF4BCE43671282E0D13DA7054F5BA5.tmp' to '../../../../../../Users/Demi/Desktop/Dark Matter/DarkMatter_UEProj/Saved/Autosaves/Game/TopDownBP/Maps/TopDownExampleMap_Auto1.umap'
[2018.05.22-12.49.34:163][265]LogSavePackage: Display: Finished SavePackage ../../../../../../Users/Demi/Desktop/Dark Matter/DarkMatter_UEProj/Saved/Autosaves/Game/TopDownBP/Maps/TopDownExampleMap_Auto1.umap
[2018.05.22-12.49.34:167][265]LogFileHelpers: Editor autosave (incl. sublevels) for '/Game/TopDownBP/Maps/TopDownExampleMap' took 0.233
[2018.05.22-12.49.34:167][265]LogFileHelpers: Editor autosave (incl. sublevels) for all levels took 0.233
[2018.05.22-13.09.23:768][366]LogSlate: FSceneViewport::OnFocusLost() reason 0
[2018.05.22-13.09.25:670][378]LogSlate: Window 'Save Content' being destroyed
[2018.05.22-13.09.25:762][378]LogSlate: Window 'DarkMatter_UEProj - Unreal Editor' being destroyed
[2018.05.22-13.09.26:047][379]Cmd: QUIT_EDITOR
[2018.05.22-13.09.26:363][379]LogWindowsTextInputMethodSystem: Display: IME system now deactivated.
[2018.05.22-13.09.26:363][379]LogWindowsTextInputMethodSystem: Display: IME system now deactivated.
[2018.05.22-13.09.26:377][379]LogSlate: Slate User Destroyed.  User Index 0, Is Virtual User: 0
[2018.05.22-13.09.26:377][379]LogExit: Preparing to exit.
[2018.05.22-13.09.27:342][379]LogDirectoryWatcher: A directory notification for 'C:/Users/Demi/Desktop/Dark Matter/DarkMatter_UEProj/Content/' was aborted.
[2018.05.22-13.09.27:360][379]LogExit: Editor shut down
[2018.05.22-13.09.27:365][379]LogExit: Transaction tracking system shut down
[2018.05.22-13.09.27:499][379]LogDirectoryWatcher: A directory notification for '../../../Engine/Content/' was aborted.
[2018.05.22-13.09.27:499][379]LogDirectoryWatcher: A directory notification for '../../../../../../Users/Demi/Desktop/Dark Matter/DarkMatter_UEProj/Content/' was aborted.
[2018.05.22-13.09.27:499][379]LogDirectoryWatcher: A directory notification for '../../Plugins/2D/Paper2D/Content/' was aborted.
[2018.05.22-13.09.27:499][379]LogDirectoryWatcher: A directory notification for '../../Plugins/Enterprise/DatasmithContent/Content/' was aborted.
[2018.05.22-13.09.27:499][379]LogDirectoryWatcher: A directory notification for '../../Plugins/Media/MediaCompositing/Content/' was aborted.
[2018.05.22-13.09.27:499][379]LogDirectoryWatcher: A directory notification for '../../Plugins/Runtime/AppleARKit/Content/' was aborted.
[2018.05.22-13.09.27:499][379]LogDirectoryWatcher: A directory notification for '../../Plugins/Runtime/Oculus/OculusVR/Content/' was aborted.
[2018.05.22-13.09.27:499][379]LogDirectoryWatcher: A directory notification for '../../Plugins/Runtime/Steam/SteamVR/Content/' was aborted.
[2018.05.22-13.09.27:563][379]LogExit: Object subsystem successfully closed.
[2018.05.22-13.09.27:586][379]LogShaderCompilers: Display: Shaders left to compile 0
[2018.05.22-13.09.27:590][379]LogD3D11RHI: Shutdown
[2018.05.22-13.09.27:590][379]LogD3D11RHI: CleanupD3DDevice
[2018.05.22-13.09.27:592][379]LogD3D11RHI: ~FD3D11DynamicRHI
[2018.05.22-13.09.27:626][379]LogModuleManager: Shutting down and abandoning module MovieSceneCapture (578)
[2018.05.22-13.09.27:626][379]LogModuleManager: Shutting down and abandoning module HierarchicalLODOutliner (576)
[2018.05.22-13.09.27:626][379]LogModuleManager: Shutting down and abandoning module ExternalImagePicker (574)
[2018.05.22-13.09.27:626][379]LogModuleManager: Shutting down and abandoning module AddContentDialog (572)
[2018.05.22-13.09.27:628][379]LogDirectoryWatcher: A directory notification for 'C:/Program Files/Epic Games/UE_4.19/FeaturePacks/' was aborted.
[2018.05.22-13.09.27:629][379]LogModuleManager: Shutting down and abandoning module WidgetCarousel (571)
[2018.05.22-13.09.27:629][379]LogModuleManager: Shutting down and abandoning module EditorWidgets (568)
[2018.05.22-13.09.27:629][379]LogModuleManager: Shutting down and abandoning module CollectionManager (566)
[2018.05.22-13.09.27:630][379]LogDirectoryWatcher: A directory notification for 'C:/Users/Demi/Desktop/Dark Matter/DarkMatter_UEProj/Content/Collections/' was aborted.
[2018.05.22-13.09.27:630][379]LogDirectoryWatcher: A directory notification for 'C:/Users/Demi/Desktop/Dark Matter/DarkMatter_UEProj/Content/Developers/Demi/Collections/' was aborted.
[2018.05.22-13.09.27:630][379]LogDirectoryWatcher: A directory notification for 'C:/Users/Demi/Desktop/Dark Matter/DarkMatter_UEProj/Saved/Collections/' was aborted.
[2018.05.22-13.09.27:630][379]LogModuleManager: Shutting down and abandoning module SceneOutliner (564)
[2018.05.22-13.09.27:630][379]LogModuleManager: Shutting down and abandoning module StatsViewer (562)
[2018.05.22-13.09.27:630][379]LogModuleManager: Shutting down and abandoning module FoliageEdit (560)
[2018.05.22-13.09.27:630][379]LogModuleManager: Shutting down and abandoning module LandscapeEditor (558)
[2018.05.22-13.09.27:630][379]LogModuleManager: Shutting down and abandoning module MeshPaintMode (556)
[2018.05.22-13.09.27:630][379]LogModuleManager: Shutting down and abandoning module SceneDepthPickerMode (554)
[2018.05.22-13.09.27:630][379]LogModuleManager: Shutting down and abandoning module ActorPickerMode (552)
[2018.05.22-13.09.27:630][379]LogModuleManager: Shutting down and abandoning module GeometryMode (550)
[2018.05.22-13.09.27:630][379]LogModuleManager: Shutting down and abandoning module TextureAlignMode (548)
[2018.05.22-13.09.27:630][379]LogModuleManager: Shutting down and abandoning module BspMode (546)
[2018.05.22-13.09.27:630][379]LogModuleManager: Shutting down and abandoning module PIEPreviewDeviceProfileSelector (544)
[2018.05.22-13.09.27:630][379]LogModuleManager: Shutting down and abandoning module HardwareSurvey (542)
[2018.05.22-13.09.27:630][379]LogModuleManager: Shutting down and abandoning module SequenceRecorderSections (540)
[2018.05.22-13.09.27:630][379]LogModuleManager: Shutting down and abandoning module AutomationWorker (538)
[2018.05.22-13.09.27:630][379]LogModuleManager: Shutting down and abandoning module AudioCaptureEditor (536)
[2018.05.22-13.09.27:630][379]LogModuleManager: Shutting down and abandoning module SequenceRecorder (535)
[2018.05.22-13.09.27:630][379]LogModuleManager: Shutting down and abandoning module MatineeToLevelSequence (532)
[2018.05.22-13.09.27:631][379]LogModuleManager: Shutting down and abandoning module LevelSequenceEditor (530)
[2018.05.22-13.09.27:631][379]LogModuleManager: Shutting down and abandoning module PlacementMode (529)
[2018.05.22-13.09.27:631][379]LogModuleManager: Shutting down and abandoning module MaterialEditor (528)
[2018.05.22-13.09.27:631][379]LogModuleManager: Shutting down and abandoning module WmfMediaFactory (524)
[2018.05.22-13.09.27:631][379]LogModuleManager: Shutting down and abandoning module WmfMediaEditor (522)
[2018.05.22-13.09.27:631][379]LogModuleManager: Shutting down and abandoning module MediaPlayerEditor (520)
[2018.05.22-13.09.27:631][379]LogModuleManager: Shutting down and abandoning module OpenExrWrapper (518)
[2018.05.22-13.09.27:631][379]LogModuleManager: Shutting down and abandoning module ImgMediaFactory (516)
[2018.05.22-13.09.27:631][379]LogModuleManager: Shutting down and abandoning module ImgMediaEditor (514)
[2018.05.22-13.09.27:631][379]LogModuleManager: Shutting down and abandoning module AvfMediaFactory (512)
[2018.05.22-13.09.27:631][379]LogModuleManager: Shutting down and abandoning module AvfMediaEditor (510)
[2018.05.22-13.09.27:631][379]LogModuleManager: Shutting down and abandoning module AndroidMediaFactory (508)
[2018.05.22-13.09.27:631][379]LogModuleManager: Shutting down and abandoning module AndroidMediaEditor (506)
[2018.05.22-13.09.27:631][379]LogModuleManager: Shutting down and abandoning module CharacterAI (504)
[2018.05.22-13.09.27:631][379]LogModuleManager: Shutting down and abandoning module SmartSnapping (502)
[2018.05.22-13.09.27:631][379]LogModuleManager: Shutting down and abandoning module SessionServices (500)
[2018.05.22-13.09.27:631][379]LogModuleManager: Shutting down and abandoning module ViewportSnapping (498)
[2018.05.22-13.09.27:631][379]LogModuleManager: Shutting down and abandoning module ViewportInteraction (496)
[2018.05.22-13.09.27:631][379]LogModuleManager: Shutting down and abandoning module ClothPainter (494)
[2018.05.22-13.09.27:631][379]LogModuleManager: Shutting down and abandoning module SkeletalMeshEditor (493)
[2018.05.22-13.09.27:631][379]LogModuleManager: Shutting down and abandoning module LogVisualizer (490)
[2018.05.22-13.09.27:631][379]LogModuleManager: Shutting down and abandoning module IntroTutorials (488)
[2018.05.22-13.09.27:631][379]LogModuleManager: Shutting down and abandoning module GameProjectGeneration (487)
[2018.05.22-13.09.27:631][379]LogModuleManager: Shutting down and abandoning module IOSPlatformEditor (484)
[2018.05.22-13.09.27:631][379]LogModuleManager: Shutting down and abandoning module HTML5PlatformEditor (482)
[2018.05.22-13.09.27:631][379]LogModuleManager: Shutting down and abandoning module AndroidPlatformEditor (480)
[2018.05.22-13.09.27:631][379]LogModuleManager: Shutting down and abandoning module AndroidDeviceDetection (479)
[2018.05.22-13.09.28:552][379]LogModuleManager: Shutting down and abandoning module WindowsPlatformEditor (476)
[2018.05.22-13.09.28:552][379]LogModuleManager: Shutting down and abandoning module IOSRuntimeSettings (474)
[2018.05.22-13.09.28:552][379]LogModuleManager: Shutting down and abandoning module AndroidRuntimeSettings (472)
[2018.05.22-13.09.28:552][379]LogModuleManager: Shutting down and abandoning module InputBindingEditor (470)
[2018.05.22-13.09.28:552][379]LogModuleManager: Shutting down and abandoning module MergeActors (468)
[2018.05.22-13.09.28:552][379]LogModuleManager: Shutting down and abandoning module LocalizationDashboard (466)
[2018.05.22-13.09.28:552][379]LogModuleManager: Shutting down and abandoning module LocalizationService (465)
[2018.05.22-13.09.28:552][379]LogModuleManager: Shutting down and abandoning module HardwareTargeting (462)
[2018.05.22-13.09.28:552][379]LogModuleManager: Shutting down and abandoning module DeviceProfileEditor (460)
[2018.05.22-13.09.28:552][379]LogModuleManager: Shutting down and abandoning module UndoHistory (458)
[2018.05.22-13.09.28:552][379]LogModuleManager: Shutting down and abandoning module XmlParser (456)
[2018.05.22-13.09.28:552][379]LogModuleManager: Shutting down and abandoning module Blutility (454)
[2018.05.22-13.09.28:552][379]LogModuleManager: Shutting down and abandoning module ProjectSettingsViewer (452)
[2018.05.22-13.09.28:553][379]LogModuleManager: Shutting down and abandoning module ProjectTargetPlatformEditor (451)
[2018.05.22-13.09.28:553][379]LogModuleManager: Shutting down and abandoning module EditorSettingsViewer (448)
[2018.05.22-13.09.28:553][379]LogModuleManager: Shutting down and abandoning module SettingsEditor (446)
[2018.05.22-13.09.28:553][379]LogModuleManager: Shutting down and abandoning module ProjectLauncher (444)
[2018.05.22-13.09.28:553][379]LogModuleManager: Shutting down and abandoning module SessionFrontend (442)
[2018.05.22-13.09.28:553][379]LogModuleManager: Shutting down and abandoning module ProfilerClient (440)
[2018.05.22-13.09.28:553][379]LogModuleManager: Shutting down and abandoning module DeviceManager (438)
[2018.05.22-13.09.28:553][379]LogModuleManager: Shutting down and abandoning module TargetDeviceServices (437)
[2018.05.22-13.09.28:619][379]LogModuleManager: Shutting down and abandoning module AutomationController (434)
[2018.05.22-13.09.28:619][379]LogModuleManager: Shutting down and abandoning module AutomationWindow (432)
[2018.05.22-13.09.28:619][379]LogModuleManager: Shutting down and abandoning module Layers (430)
[2018.05.22-13.09.28:619][379]LogModuleManager: Shutting down and abandoning module ComponentVisualizers (428)
[2018.05.22-13.09.28:619][379]LogModuleManager: Shutting down and abandoning module DetailCustomizations (426)
[2018.05.22-13.09.28:619][379]LogModuleManager: Shutting down and abandoning module PackagesDialog (424)
[2018.05.22-13.09.28:619][379]LogModuleManager: Shutting down and abandoning module Persona (422)
[2018.05.22-13.09.28:619][379]LogModuleManager: Shutting down and abandoning module AdvancedPreviewScene (421)
[2018.05.22-13.09.28:619][379]LogModuleManager: Shutting down and abandoning module AnimGraph (419)
[2018.05.22-13.09.28:619][379]LogModuleManager: Shutting down and abandoning module Kismet (416)
[2018.05.22-13.09.28:620][379]LogModuleManager: Shutting down and abandoning module GraphEditor (414)
[2018.05.22-13.09.28:620][379]LogModuleManager: Shutting down and abandoning module ClassViewer (412)
[2018.05.22-13.09.28:620][379]LogModuleManager: Shutting down and abandoning module Toolbox (410)
[2018.05.22-13.09.28:620][379]LogModuleManager: Shutting down and abandoning module ModuleUI (408)
[2018.05.22-13.09.28:620][379]LogModuleManager: Shutting down and abandoning module MovieSceneTools (406)
[2018.05.22-13.09.28:620][379]LogModuleManager: Shutting down and abandoning module OutputLog (404)
[2018.05.22-13.09.28:620][379]LogModuleManager: Shutting down and abandoning module GammaUI (402)
[2018.05.22-13.09.28:620][379]LogModuleManager: Shutting down and abandoning module Documentation (400)
[2018.05.22-13.09.28:620][379]LogModuleManager: Shutting down and abandoning module MovieSceneTracks (398)
[2018.05.22-13.09.28:620][379]LogModuleManager: Shutting down and abandoning module MovieScene (396)
[2018.05.22-13.09.28:620][379]LogModuleManager: Shutting down and abandoning module StreamingPauseRendering (394)
[2018.05.22-13.09.28:620][379]LogModuleManager: Shutting down and abandoning module LauncherPlatform (392)
[2018.05.22-13.09.28:620][379]LogModuleManager: Shutting down and abandoning module AnalyticsET (390)
[2018.05.22-13.09.28:620][379]LogModuleManager: Shutting down and abandoning module PortalServices (388)
[2018.05.22-13.09.28:620][379]LogModuleManager: Shutting down and abandoning module PortalRpc (386)
[2018.05.22-13.09.28:620][379]LogModuleManager: Shutting down and abandoning module MessagingRpc (384)
[2018.05.22-13.09.28:620][379]LogModuleManager: Shutting down and abandoning module AIModule (382)
[2018.05.22-13.09.28:620][379]LogModuleManager: Shutting down and abandoning module GameplayDebugger (381)
[2018.05.22-13.09.28:620][379]LogModuleManager: Shutting down and abandoning module AITestSuite (379)
[2018.05.22-13.09.28:620][379]LogModuleManager: Shutting down and abandoning module DesktopPlatform (376)
[2018.05.22-13.09.28:620][379]LogModuleManager: Shutting down and abandoning module ProfilerService (374)
[2018.05.22-13.09.28:867][379]LogModuleManager: Shutting down and abandoning module TaskGraph (372)
[2018.05.22-13.09.28:867][379]LogModuleManager: Shutting down and abandoning module SteamVRController (370)
[2018.05.22-13.09.28:867][379]LogModuleManager: Shutting down and abandoning module ProceduralMeshComponentEditor (368)
[2018.05.22-13.09.28:867][379]LogModuleManager: Shutting down and abandoning module ProceduralMeshComponent (366)
[2018.05.22-13.09.28:867][379]LogModuleManager: Shutting down and abandoning module OculusInput (364)
[2018.05.22-13.09.28:867][379]LogModuleManager: Shutting down and abandoning module MobilePatchingUtils (362)
[2018.05.22-13.09.28:867][379]LogModuleManager: Shutting down and abandoning module CustomMeshComponent (360)
[2018.05.22-13.09.28:867][379]LogModuleManager: Shutting down and abandoning module CableComponent (358)
[2018.05.22-13.09.28:867][379]LogModuleManager: Shutting down and abandoning module AudioCapture (356)
[2018.05.22-13.09.28:867][379]LogModuleManager: Shutting down and abandoning module ArchVisCharacter (354)
[2018.05.22-13.09.28:867][379]LogModuleManager: Shutting down and abandoning module AndroidPermission (352)
[2018.05.22-13.09.28:867][379]LogModuleManager: Shutting down and abandoning module NUTUnrealEngine4 (348)
[2018.05.22-13.09.28:867][379]LogModuleManager: Shutting down and abandoning module NetcodeUnitTest (346)
[2018.05.22-13.09.28:867][379]LogModuleManager: Shutting down and abandoning module MediaCompositingEditor (344)
[2018.05.22-13.09.28:867][379]LogModuleManager: Shutting down and abandoning module MediaCompositing (342)
[2018.05.22-13.09.28:867][379]LogModuleManager: Shutting down and abandoning module LinearTimecode (340)
[2018.05.22-13.09.28:868][379]LogModuleManager: Shutting down and abandoning module ImgMedia (338)
[2018.05.22-13.09.28:871][379]LogModuleManager: Shutting down and abandoning module HTML5Networking (336)
[2018.05.22-13.09.28:871][379]LogModuleManager: Shutting down and abandoning module AlembicImporter (334)
[2018.05.22-13.09.28:871][379]LogModuleManager: Shutting down and abandoning module AlembicLibrary (333)
[2018.05.22-13.09.28:871][379]LogModuleManager: Shutting down and abandoning module GeometryCache (332)
[2018.05.22-13.09.28:871][379]LogModuleManager: Shutting down and abandoning module GeometryCacheEd (331)
[2018.05.22-13.09.28:871][379]LogModuleManager: Shutting down and abandoning module DatasmithContent (326)
[2018.05.22-13.09.28:871][379]LogModuleManager: Shutting down and abandoning module SpeedTreeImporter (324)
[2018.05.22-13.09.28:871][379]LogModuleManager: Shutting down and abandoning module PluginBrowser (322)
[2018.05.22-13.09.28:871][379]LogModuleManager: Shutting down and abandoning module MobileLauncherProfileWizard (320)
[2018.05.22-13.09.28:871][379]LogModuleManager: Shutting down and abandoning module CryptoKeysOpenSSL (318)
[2018.05.22-13.09.28:871][379]LogModuleManager: Shutting down and abandoning module CryptoKeys (316)
[2018.05.22-13.09.28:871][379]LogModuleManager: Shutting down and abandoning module VisualStudioSourceCodeAccess (314)
[2018.05.22-13.09.28:871][379]LogModuleManager: Shutting down and abandoning module VisualStudioCodeSourceCodeAccess (312)
[2018.05.22-13.09.28:871][379]LogModuleManager: Shutting down and abandoning module UObjectPlugin (310)
[2018.05.22-13.09.28:871][379]LogModuleManager: Shutting down and abandoning module SubversionSourceControl (308)
[2018.05.22-13.09.28:871][379]LogModuleManager: Shutting down and abandoning module PerforceSourceControl (306)
[2018.05.22-13.09.28:871][379]LogModuleManager: Shutting down and abandoning module GitSourceControl (304)
[2018.05.22-13.09.28:871][379]LogModuleManager: Shutting down and abandoning module SourceControl (303)
[2018.05.22-13.09.28:871][379]LogModuleManager: Shutting down and abandoning module CLionSourceCodeAccess (300)
[2018.05.22-13.09.28:871][379]LogModuleManager: Shutting down and abandoning module LightPropagationVolumeEditor (298)
[2018.05.22-13.09.28:871][379]LogModuleManager: Shutting down and abandoning module PaperTiledImporter (296)
[2018.05.22-13.09.28:871][379]LogModuleManager: Shutting down and abandoning module PaperSpriteSheetImporter (294)
[2018.05.22-13.09.28:871][379]LogModuleManager: Shutting down and abandoning module Paper2DEditor (292)
[2018.05.22-13.09.28:871][379]LogModuleManager: Shutting down and abandoning module MeshPaint (291)
[2018.05.22-13.09.28:871][379]LogModuleManager: Shutting down and abandoning module RuntimePhysXCooking (288)
[2018.05.22-13.09.28:871][379]LogModuleManager: Shutting down and abandoning module PhysXVehiclesEditor (286)
[2018.05.22-13.09.28:871][379]LogModuleManager: Shutting down and abandoning module PhysXVehicles (284)
[2018.05.22-13.09.28:871][379]LogModuleManager: Shutting down and abandoning module OculusEditor (282)
[2018.05.22-13.09.28:871][379]LogModuleManager: Shutting down and abandoning module LocationServicesBPLibrary (280)
[2018.05.22-13.09.28:871][379]LogModuleManager: Shutting down and abandoning module ImmediatePhysicsEditor (278)
[2018.05.22-13.09.28:871][379]LogModuleManager: Shutting down and abandoning module ImmediatePhysics (276)
[2018.05.22-13.09.28:871][379]LogModuleManager: Shutting down and abandoning module ActorSequence (274)
[2018.05.22-13.09.28:871][379]LogModuleManager: Shutting down and abandoning module UdpMessaging (272)
[2018.05.22-13.09.28:972][379]LogModuleManager: Shutting down and abandoning module TcpMessaging (270)
[2018.05.22-13.09.29:072][379]LogModuleManager: Shutting down and abandoning module GameplayTagsEditor (268)
[2018.05.22-13.09.29:072][379]LogModuleManager: Shutting down and abandoning module FacialAnimationEditor (266)
[2018.05.22-13.09.29:072][379]LogModuleManager: Shutting down and abandoning module FacialAnimation (264)
[2018.05.22-13.09.29:072][379]LogModuleManager: Shutting down and abandoning module DataValidation (262)
[2018.05.22-13.09.29:072][379]LogModuleManager: Shutting down and abandoning module AssetManagerEditor (260)
[2018.05.22-13.09.29:072][379]LogModuleManager: Shutting down and abandoning module LevelEditor (259)
[2018.05.22-13.09.29:073][379]LogModuleManager: Shutting down and abandoning module PixelInspectorModule (258)
[2018.05.22-13.09.29:073][379]LogModuleManager: Shutting down and abandoning module CommonMenuExtensions (256)
[2018.05.22-13.09.29:073][379]LogModuleManager: Shutting down and abandoning module MainFrame (254)
[2018.05.22-13.09.29:073][379]LogModuleManager: Shutting down and abandoning module HotReload (253)
[2018.05.22-13.09.29:074][379]LogModuleManager: Shutting down and abandoning module ContentBrowser (249)
[2018.05.22-13.09.29:075][379]LogModuleManager: Shutting down and abandoning module TreeMap (247)
[2018.05.22-13.09.29:075][379]LogModuleManager: Shutting down and abandoning module LightPropagationVolumeRuntime (244)
[2018.05.22-13.09.29:075][379]LogModuleManager: Shutting down and abandoning module LiveLinkEditor (242)
[2018.05.22-13.09.29:075][379]LogModuleManager: Shutting down and abandoning module LiveLink (240)
[2018.05.22-13.09.29:451][379]LogModuleManager: Shutting down and abandoning module Paper2D (238)
[2018.05.22-13.09.29:451][379]LogModuleManager: Shutting down and abandoning module WindowsMoviePlayer (236)
[2018.05.22-13.09.29:451][379]LogModuleManager: Shutting down and abandoning module WmfMedia (234)
[2018.05.22-13.09.29:452][379]LogModuleManager: Shutting down and abandoning module Media (233)
[2018.05.22-13.09.29:458][379]LogModuleManager: Shutting down and abandoning module PacketHandler (230)
[2018.05.22-13.09.29:458][379]LogModuleManager: Shutting down and abandoning module ClothingSystemEditor (228)
[2018.05.22-13.09.29:458][379]LogModuleManager: Shutting down and abandoning module ClothingSystemRuntime (226)
[2018.05.22-13.09.29:458][379]LogModuleManager: Shutting down and abandoning module MediaAssets (224)
[2018.05.22-13.09.29:458][379]LogModuleManager: Shutting down and abandoning module Overlay (222)
[2018.05.22-13.09.29:458][379]LogModuleManager: Shutting down and abandoning module OverlayEditor (221)
[2018.05.22-13.09.29:458][379]LogModuleManager: Shutting down and abandoning module VREditor (218)
[2018.05.22-13.09.29:458][379]LogModuleManager: Shutting down and abandoning module StringTableEditor (216)
[2018.05.22-13.09.29:458][379]LogModuleManager: Shutting down and abandoning module GameplayTasksEditor (214)
[2018.05.22-13.09.29:458][379]LogModuleManager: Shutting down and abandoning module BehaviorTreeEditor (212)
[2018.05.22-13.09.29:458][379]LogModuleManager: Shutting down and abandoning module FunctionalTesting (210)
[2018.05.22-13.09.29:458][379]LogModuleManager: Shutting down and abandoning module CollisionAnalyzer (208)
[2018.05.22-13.09.29:458][379]LogModuleManager: Shutting down and abandoning module WorkspaceMenuStructure (207)
[2018.05.22-13.09.29:458][379]LogModuleManager: Shutting down and abandoning module UMG (204)
[2018.05.22-13.09.29:458][379]LogModuleManager: Shutting down and abandoning module UMGEditor (203)
[2018.05.22-13.09.29:458][379]LogModuleManager: Shutting down and abandoning module Sequencer (202)
[2018.05.22-13.09.29:458][379]LogModuleManager: Shutting down and abandoning module MessageLog (199)
[2018.05.22-13.09.29:458][379]LogModuleManager: Shutting down and abandoning module SlateReflector (194)
[2018.05.22-13.09.29:458][379]LogModuleManager: Shutting down and abandoning module Slate (192)
[2018.05.22-13.09.29:458][379]LogModuleManager: Shutting down and abandoning module EditorStyle (190)
[2018.05.22-13.09.29:460][379]LogModuleManager: Shutting down and abandoning module MRMesh (188)
[2018.05.22-13.09.29:460][379]LogModuleManager: Shutting down and abandoning module SourceCodeAccess (186)
[2018.05.22-13.09.29:460][379]LogModuleManager: Shutting down and abandoning module HeadMountedDisplay (184)
[2018.05.22-13.09.29:460][379]LogModuleManager: Shutting down and abandoning module XAudio2 (182)
[2018.05.22-13.09.29:460][379]LogModuleManager: Shutting down and abandoning module Networking (180)
[2018.05.22-13.09.29:460][379]LogModuleManager: Shutting down and abandoning module Core (178)
[2018.05.22-13.09.29:460][379]LogModuleManager: Shutting down and abandoning module LevelSequence (176)
[2018.05.22-13.09.29:460][379]LogModuleManager: Shutting down and abandoning module KismetCompiler (174)
[2018.05.22-13.09.29:460][379]LogModuleManager: Shutting down and abandoning module MeshUtilities (172)
[2018.05.22-13.09.29:460][379]LogModuleManager: Shutting down and abandoning module MeshMergeUtilities (171)
[2018.05.22-13.09.29:460][379]LogModuleManager: Shutting down and abandoning module MeshReductionInterface (170)
[2018.05.22-13.09.29:460][379]LogModuleManager: Shutting down and abandoning module SimplygonSwarm (169)
[2018.05.22-13.09.29:460][379]LogModuleManager: Shutting down and abandoning module SimplygonMeshReduction (167)
[2018.05.22-13.09.29:460][379]LogModuleManager: Shutting down and abandoning module QuadricMeshReduction (165)
[2018.05.22-13.09.29:460][379]LogModuleManager: Shutting down and abandoning module MaterialBaking (161)
[2018.05.22-13.09.29:460][379]LogModuleManager: Shutting down and abandoning module DirectoryWatcher (157)
[2018.05.22-13.09.29:461][379]LogModuleManager: Shutting down and abandoning module DerivedDataCache (154)
[2018.05.22-13.09.29:523][379]LogDerivedDataCache: Shutdown
[2018.05.22-13.09.29:523][379]LogModuleManager: Shutting down and abandoning module XGEController (152)
[2018.05.22-13.09.29:523][379]LogModuleManager: Shutting down and abandoning module TargetPlatform (150)
[2018.05.22-13.09.29:523][379]LogModuleManager: Shutting down and abandoning module VulkanShaderFormat (149)
[2018.05.22-13.09.29:523][379]LogModuleManager: Shutting down and abandoning module ShaderFormatVectorVM (147)
[2018.05.22-13.09.29:523][379]LogModuleManager: Shutting down and abandoning module ShaderFormatOpenGL (145)
[2018.05.22-13.09.29:523][379]LogModuleManager: Shutting down and abandoning module ShaderFormatD3D (143)
[2018.05.22-13.09.29:523][379]LogModuleManager: Shutting down and abandoning module MetalShaderFormat (141)
[2018.05.22-13.09.29:523][379]LogModuleManager: Shutting down and abandoning module TextureFormatUncompressed (139)
[2018.05.22-13.09.29:523][379]LogModuleManager: Shutting down and abandoning module TextureFormatPVR (137)
[2018.05.22-13.09.29:523][379]LogModuleManager: Shutting down and abandoning module TextureFormatDXT (135)
[2018.05.22-13.09.29:523][379]LogModuleManager: Shutting down and abandoning module TextureFormatIntelISPCTexComp (133)
[2018.05.22-13.09.29:523][379]LogModuleManager: Shutting down and abandoning module TextureFormatASTC (131)
[2018.05.22-13.09.29:524][379]LogModuleManager: Shutting down and abandoning module ImageWrapper (130)
[2018.05.22-13.09.29:524][379]LogModuleManager: Shutting down and abandoning module TextureFormatAndroid (127)
[2018.05.22-13.09.29:524][379]LogModuleManager: Shutting down and abandoning module AudioFormatOpus (125)
[2018.05.22-13.09.29:524][379]LogModuleManager: Shutting down and abandoning module AudioFormatOgg (123)
[2018.05.22-13.09.29:524][379]LogModuleManager: Shutting down and abandoning module AudioFormatADPCM (121)
[2018.05.22-13.09.29:524][379]LogModuleManager: Shutting down and abandoning module LinuxTargetPlatform (119)
[2018.05.22-13.09.29:524][379]LogModuleManager: Shutting down and abandoning module LinuxServerTargetPlatform (117)
[2018.05.22-13.09.29:524][379]LogModuleManager: Shutting down and abandoning module LinuxNoEditorTargetPlatform (115)
[2018.05.22-13.09.29:524][379]LogModuleManager: Shutting down and abandoning module LinuxClientTargetPlatform (113)
[2018.05.22-13.09.29:524][379]LogModuleManager: Shutting down and abandoning module TVOSTargetPlatform (111)
[2018.05.22-13.09.29:524][379]LogModuleManager: Shutting down and abandoning module Messaging (109)
[2018.05.22-13.09.29:524][379]LogModuleManager: Shutting down and abandoning module IOSTargetPlatform (107)
[2018.05.22-13.09.29:524][379]LogModuleManager: Shutting down and abandoning module HTML5TargetPlatform (105)
[2018.05.22-13.09.29:524][379]LogModuleManager: Shutting down and abandoning module AndroidTargetPlatform (103)
[2018.05.22-13.09.29:524][379]LogModuleManager: Shutting down and abandoning module Android_PVRTCTargetPlatform (101)
[2018.05.22-13.09.29:524][379]LogModuleManager: Shutting down and abandoning module Android_MultiTargetPlatform (99)
[2018.05.22-13.09.29:524][379]LogModuleManager: Shutting down and abandoning module Android_ETC2TargetPlatform (97)
[2018.05.22-13.09.29:524][379]LogModuleManager: Shutting down and abandoning module Android_ETC1TargetPlatform (95)
[2018.05.22-13.09.29:524][379]LogModuleManager: Shutting down and abandoning module Android_ETC1aTargetPlatform (93)
[2018.05.22-13.09.29:524][379]LogModuleManager: Shutting down and abandoning module Android_DXTTargetPlatform (91)
[2018.05.22-13.09.29:524][379]LogModuleManager: Shutting down and abandoning module Android_ATCTargetPlatform (89)
[2018.05.22-13.09.29:524][379]LogModuleManager: Shutting down and abandoning module Android_ASTCTargetPlatform (87)
[2018.05.22-13.09.29:524][379]LogModuleManager: Shutting down and abandoning module WindowsTargetPlatform (85)
[2018.05.22-13.09.29:524][379]LogModuleManager: Shutting down and abandoning module WindowsServerTargetPlatform (83)
[2018.05.22-13.09.29:524][379]LogModuleManager: Shutting down and abandoning module WindowsNoEditorTargetPlatform (81)
[2018.05.22-13.09.29:524][379]LogModuleManager: Shutting down and abandoning module WindowsClientTargetPlatform (79)
[2018.05.22-13.09.29:524][379]LogModuleManager: Shutting down and abandoning module MacTargetPlatform (77)
[2018.05.22-13.09.29:524][379]LogModuleManager: Shutting down and abandoning module MacServerTargetPlatform (75)
[2018.05.22-13.09.29:524][379]LogModuleManager: Shutting down and abandoning module MacNoEditorTargetPlatform (73)
[2018.05.22-13.09.29:524][379]LogModuleManager: Shutting down and abandoning module MacClientTargetPlatform (71)
[2018.05.22-13.09.29:524][379]LogModuleManager: Shutting down and abandoning module AllDesktopTargetPlatform (69)
[2018.05.22-13.09.29:524][379]LogModuleManager: Shutting down and abandoning module InputCore (66)
[2018.05.22-13.09.29:524][379]LogModuleManager: Shutting down and abandoning module Settings (64)
[2018.05.22-13.09.29:524][379]LogModuleManager: Shutting down and abandoning module PhysXCooking (62)
[2018.05.22-13.09.29:524][379]LogModuleManager: Shutting down and abandoning module SteamVR (60)
[2018.05.22-13.09.29:524][379]LogModuleManager: Shutting down and abandoning module OculusHMD (58)
[2018.05.22-13.09.29:524][379]LogModuleManager: Shutting down and abandoning module ExampleDeviceProfileSelector (56)
[2018.05.22-13.09.29:524][379]LogModuleManager: Shutting down and abandoning module AppleARKit (54)
[2018.05.22-13.09.29:524][379]LogModuleManager: Shutting down and abandoning module AugmentedReality (51)
[2018.05.22-13.09.29:524][379]LogModuleManager: Shutting down and abandoning module OnlineBlueprintSupport (48)
[2018.05.22-13.09.29:525][379]LogModuleManager: Shutting down and abandoning module OnlineSubsystem (44)
[2018.05.22-13.09.29:525][379]LogModuleManager: Shutting down and abandoning module XMPP (43)
[2018.05.22-13.09.29:525][379]LogModuleManager: Shutting down and abandoning module HTTP (41)
[2018.05.22-13.09.29:525][379]LogHttp: Display: Http module shutting down, but needs to wait on 1 outstanding Http requests:
[2018.05.22-13.09.29:525][379]LogHttp: Display: 	verb=[POST] url=[https://datarouter.ol.epicgames.com/datarouter/api/v1/public/data?SessionID=%7BF3155363-440F-DB24-BD60-3B9BFAADD57F%7D&AppID=UEEditor.Rocket.Release&AppVersion=4.19.1-3989454%2B%2B%2BUE4%2BRelease-4.19&UserID=16780f744bc018e3491830ba0fc76b66%7Cf9a0354237634815a2b59242208d7987%7C287cbb64-d8bf-4a9f-a9b5-f87f95f8bcab&AppEnvironment=datacollector-binary&UploadType=eteventstream] status=Processing
[2018.05.22-13.09.29:551][379]LogModuleManager: Shutting down and abandoning module SSL (40)
[2018.05.22-13.09.29:552][379]LogModuleManager: Shutting down and abandoning module AnimationModifiers (36)
[2018.05.22-13.09.29:552][379]LogModuleManager: Shutting down and abandoning module PropertyEditor (35)
[2018.05.22-13.09.29:552][379]LogModuleManager: Shutting down and abandoning module AudioEditor (32)
[2018.05.22-13.09.29:552][379]LogModuleManager: Shutting down and abandoning module TextureCompressor (30)
[2018.05.22-13.09.29:553][379]LogModuleManager: Shutting down and abandoning module ShaderCore (28)
[2018.05.22-13.09.29:553][379]LogModuleManager: Shutting down and abandoning module Landscape (26)
[2018.05.22-13.09.29:553][379]LogModuleManager: Shutting down and abandoning module SlateRHIRenderer (24)
[2018.05.22-13.09.29:555][379]LogModuleManager: Shutting down and abandoning module OpenGLDrv (22)
[2018.05.22-13.09.29:555][379]LogModuleManager: Shutting down and abandoning module D3D11RHI (20)
[2018.05.22-13.09.29:555][379]LogModuleManager: Shutting down and abandoning module AnimGraphRuntime (18)
[2018.05.22-13.09.29:555][379]LogModuleManager: Shutting down and abandoning module Renderer (16)
[2018.05.22-13.09.29:555][379]LogModuleManager: Shutting down and abandoning module Engine (14)
[2018.05.22-13.09.29:555][379]LogModuleManager: Shutting down and abandoning module CoreUObject (12)
[2018.05.22-13.09.29:555][379]LogModuleManager: Shutting down and abandoning module NetworkFile (10)
[2018.05.22-13.09.29:555][379]LogModuleManager: Shutting down and abandoning module CookedIterativeFile (8)
[2018.05.22-13.09.29:555][379]LogModuleManager: Shutting down and abandoning module StreamingFile (6)
[2018.05.22-13.09.29:555][379]LogModuleManager: Shutting down and abandoning module SandboxFile (4)
[2018.05.22-13.09.29:555][379]LogModuleManager: Shutting down and abandoning module PakFile (2)
[2018.05.22-13.09.29:564][379]LogExit: Exiting.
[2018.05.22-13.09.29:588][379]Log file closed, 05/22/18 15:09:29
