Log file open, 04/23/18 14:03:54
LogWindows: Failed to load 'aqProf.dll' (GetLastError=126)
LogWindows: File 'aqProf.dll' does not exist
LogWindows: Failed to load 'VtuneApi.dll' (GetLastError=126)
LogWindows: File 'VtuneApi.dll' does not exist
LogWindows: Failed to load 'VtuneApi32e.dll' (GetLastError=126)
LogWindows: File 'VtuneApi32e.dll' does not exist
LogInit: Display: Running engine for game: DarkMatter_UEProj
LogPlatformFile: Not using cached read wrapper
LogInit: Display: RandInit(-1141940758) SRandInit(-1141940758).
LogInit: Read version file with build ID '3944462'
LogInit: Overriding engine version to CL 3989454, compatible CL 3944462
LogInit: Registered custom module enumerator with build ID '3944462'
LogTaskGraph: Started task graph with 5 named threads and 23 total threads with 3 sets of task threads.
LogStats: Stats thread started at 0.296352
LogD3D11RHI: Aftermath initialized
LogICUInternationalization: Display: ICU TimeZone Detection - Raw Offset: +1:00, Platform Override: ''
LogModuleManager: Display: Found up-to-date module file ../../../Engine/Plugins/2D/Paper2D/Binaries/Win64/UE4Editor-Paper2D.dll (API version 3944462).
LogModuleManager: Display: Found up-to-date module file ../../../Engine/Plugins/2D/Paper2D/Binaries/Win64/UE4Editor-Paper2DEditor.dll (API version 3944462).
LogModuleManager: Display: Found up-to-date module file ../../../Engine/Plugins/2D/Paper2D/Binaries/Win64/UE4Editor-PaperSpriteSheetImporter.dll (API version 3944462).
LogModuleManager: Display: Found up-to-date module file ../../../Engine/Plugins/2D/Paper2D/Binaries/Win64/UE4Editor-PaperTiledImporter.dll (API version 3944462).
LogModuleManager: Display: Found up-to-date module file ../../../Engine/Plugins/2D/Paper2D/Binaries/Win64/UE4Editor-SmartSnapping.dll (API version 3944462).
LogModuleManager: Display: Found up-to-date module file ../../../Engine/Plugins/Blendables/LightPropagationVolume/Binaries/Win64/UE4Editor-LightPropagationVolumeRuntime.dll (API version 3944462).
LogModuleManager: Display: Found up-to-date module file ../../../Engine/Plugins/Blendables/LightPropagationVolume/Binaries/Win64/UE4Editor-LightPropagationVolumeEditor.dll (API version 3944462).
LogModuleManager: Display: Found up-to-date module file ../../../Engine/Plugins/Developer/CLionSourceCodeAccess/Binaries/Win64/UE4Editor-CLionSourceCodeAccess.dll (API version 3944462).
LogModuleManager: Display: Found up-to-date module file ../../../Engine/Plugins/Developer/GitSourceControl/Binaries/Win64/UE4Editor-GitSourceControl.dll (API version 3944462).
LogModuleManager: Display: Found up-to-date module file ../../../Engine/Plugins/Developer/PerforceSourceControl/Binaries/Win64/UE4Editor-PerforceSourceControl.dll (API version 3944462).
LogModuleManager: Display: Found up-to-date module file ../../../Engine/Plugins/Developer/SubversionSourceControl/Binaries/Win64/UE4Editor-SubversionSourceControl.dll (API version 3944462).
LogModuleManager: Display: Found up-to-date module file ../../../Engine/Plugins/Developer/UObjectPlugin/Binaries/Win64/UE4Editor-UObjectPlugin.dll (API version 3944462).
LogModuleManager: Display: Found up-to-date module file ../../../Engine/Plugins/Developer/VisualStudioCodeSourceCodeAccess/Binaries/Win64/UE4Editor-VisualStudioCodeSourceCodeAccess.dll (API version 3944462).
LogModuleManager: Display: Found up-to-date module file ../../../Engine/Plugins/Developer/VisualStudioSourceCodeAccess/Binaries/Win64/UE4Editor-VisualStudioSourceCodeAccess.dll (API version 3944462).
LogModuleManager: Display: Found up-to-date module file ../../../Engine/Plugins/Editor/AssetManagerEditor/Binaries/Win64/UE4Editor-AssetManagerEditor.dll (API version 3944462).
LogModuleManager: Display: Found up-to-date module file ../../../Engine/Plugins/Editor/CryptoKeys/Binaries/Win64/UE4Editor-CryptoKeys.dll (API version 3944462).
LogModuleManager: Display: Found up-to-date module file ../../../Engine/Plugins/Editor/CryptoKeys/Binaries/Win64/UE4Editor-CryptoKeysOpenSSL.dll (API version 3944462).
LogModuleManager: Display: Found up-to-date module file ../../../Engine/Plugins/Editor/DataValidation/Binaries/Win64/UE4Editor-DataValidation.dll (API version 3944462).
LogModuleManager: Display: Found up-to-date module file ../../../Engine/Plugins/Editor/FacialAnimation/Binaries/Win64/UE4Editor-FacialAnimation.dll (API version 3944462).
LogModuleManager: Display: Found up-to-date module file ../../../Engine/Plugins/Editor/FacialAnimation/Binaries/Win64/UE4Editor-FacialAnimationEditor.dll (API version 3944462).
LogModuleManager: Display: Found up-to-date module file ../../../Engine/Plugins/Editor/GameplayTagsEditor/Binaries/Win64/UE4Editor-GameplayTagsEditor.dll (API version 3944462).
LogModuleManager: Display: Found up-to-date module file ../../../Engine/Plugins/Editor/MobileLauncherProfileWizard/Binaries/Win64/UE4Editor-MobileLauncherProfileWizard.dll (API version 3944462).
LogModuleManager: Display: Found up-to-date module file ../../../Engine/Plugins/Editor/PluginBrowser/Binaries/Win64/UE4Editor-PluginBrowser.dll (API version 3944462).
LogModuleManager: Display: Found up-to-date module file ../../../Engine/Plugins/Editor/SpeedTreeImporter/Binaries/Win64/UE4Editor-SpeedTreeImporter.dll (API version 3944462).
LogModuleManager: Display: Found up-to-date module file ../../../Engine/Plugins/Enterprise/DatasmithContent/Binaries/Win64/UE4Editor-DatasmithContent.dll (API version 3944462).
LogModuleManager: Display: Found up-to-date module file ../../../Engine/Plugins/Experimental/AlembicImporter/Binaries/Win64/UE4Editor-AlembicImporter.dll (API version 3944462).
LogModuleManager: Display: Found up-to-date module file ../../../Engine/Plugins/Experimental/AlembicImporter/Binaries/Win64/UE4Editor-AlembicLibrary.dll (API version 3944462).
LogModuleManager: Display: Found up-to-date module file ../../../Engine/Plugins/Experimental/CharacterAI/Binaries/Win64/UE4Editor-CharacterAI.dll (API version 3944462).
LogModuleManager: Display: Found up-to-date module file ../../../Engine/Plugins/Experimental/HTML5Networking/Binaries/Win64/UE4Editor-HTML5Networking.dll (API version 3944462).
LogModuleManager: Display: Found up-to-date module file ../../../Engine/Plugins/Media/AndroidMedia/Binaries/Win64/UE4Editor-AndroidMediaEditor.dll (API version 3944462).
LogModuleManager: Display: Found up-to-date module file ../../../Engine/Plugins/Media/AndroidMedia/Binaries/Win64/UE4Editor-AndroidMediaFactory.dll (API version 3944462).
LogModuleManager: Display: Found up-to-date module file ../../../Engine/Plugins/Media/AvfMedia/Binaries/Win64/UE4Editor-AvfMediaEditor.dll (API version 3944462).
LogModuleManager: Display: Found up-to-date module file ../../../Engine/Plugins/Media/AvfMedia/Binaries/Win64/UE4Editor-AvfMediaFactory.dll (API version 3944462).
LogModuleManager: Display: Found up-to-date module file ../../../Engine/Plugins/Media/AvfMedia/Binaries/Win64/UE4Editor-AvfMediaFactory.dll (API version 3944462).
LogModuleManager: Display: Found up-to-date module file ../../../Engine/Plugins/Media/ImgMedia/Binaries/Win64/UE4Editor-ImgMedia.dll (API version 3944462).
LogModuleManager: Display: Found up-to-date module file ../../../Engine/Plugins/Media/ImgMedia/Binaries/Win64/UE4Editor-ImgMediaEditor.dll (API version 3944462).
LogModuleManager: Display: Found up-to-date module file ../../../Engine/Plugins/Media/ImgMedia/Binaries/Win64/UE4Editor-ImgMediaFactory.dll (API version 3944462).
LogModuleManager: Display: Found up-to-date module file ../../../Engine/Plugins/Media/ImgMedia/Binaries/Win64/UE4Editor-ImgMediaFactory.dll (API version 3944462).
LogModuleManager: Display: Found up-to-date module file ../../../Engine/Plugins/Media/ImgMedia/Binaries/Win64/UE4Editor-OpenExrWrapper.dll (API version 3944462).
LogModuleManager: Display: Found up-to-date module file ../../../Engine/Plugins/Media/LinearTimecode/Binaries/Win64/UE4Editor-LinearTimecode.dll (API version 3944462).
LogModuleManager: Display: Found up-to-date module file ../../../Engine/Plugins/Media/MediaCompositing/Binaries/Win64/UE4Editor-MediaCompositing.dll (API version 3944462).
LogModuleManager: Display: Found up-to-date module file ../../../Engine/Plugins/Media/MediaCompositing/Binaries/Win64/UE4Editor-MediaCompositingEditor.dll (API version 3944462).
LogModuleManager: Display: Found up-to-date module file ../../../Engine/Plugins/Media/MediaPlayerEditor/Binaries/Win64/UE4Editor-MediaPlayerEditor.dll (API version 3944462).
LogModuleManager: Display: Found up-to-date module file ../../../Engine/Plugins/Media/WmfMedia/Binaries/Win64/UE4Editor-WmfMedia.dll (API version 3944462).
LogModuleManager: Display: Found up-to-date module file ../../../Engine/Plugins/Media/WmfMedia/Binaries/Win64/UE4Editor-WmfMediaEditor.dll (API version 3944462).
LogModuleManager: Display: Found up-to-date module file ../../../Engine/Plugins/Media/WmfMedia/Binaries/Win64/UE4Editor-WmfMediaFactory.dll (API version 3944462).
LogModuleManager: Display: Found up-to-date module file ../../../Engine/Plugins/Media/WmfMedia/Binaries/Win64/UE4Editor-WmfMediaFactory.dll (API version 3944462).
LogModuleManager: Display: Found up-to-date module file ../../../Engine/Plugins/Messaging/TcpMessaging/Binaries/Win64/UE4Editor-TcpMessaging.dll (API version 3944462).
LogModuleManager: Display: Found up-to-date module file ../../../Engine/Plugins/Messaging/UdpMessaging/Binaries/Win64/UE4Editor-UdpMessaging.dll (API version 3944462).
LogModuleManager: Display: Found up-to-date module file ../../../Engine/Plugins/MovieScene/ActorSequence/Binaries/Win64/UE4Editor-ActorSequence.dll (API version 3944462).
LogModuleManager: Display: Found up-to-date module file ../../../Engine/Plugins/MovieScene/LevelSequenceEditor/Binaries/Win64/UE4Editor-LevelSequenceEditor.dll (API version 3944462).
LogModuleManager: Display: Found up-to-date module file ../../../Engine/Plugins/MovieScene/MatineeToLevelSequence/Binaries/Win64/UE4Editor-MatineeToLevelSequence.dll (API version 3944462).
LogModuleManager: Display: Found up-to-date module file ../../../Engine/Plugins/NetcodeUnitTest/NetcodeUnitTest/Binaries/Win64/UE4Editor-NetcodeUnitTest.dll (API version 3944462).
LogModuleManager: Display: Found up-to-date module file ../../../Engine/Plugins/NetcodeUnitTest/NUTUnrealEngine4/Binaries/Win64/UE4Editor-NUTUnrealEngine4.dll (API version 3944462).
LogModuleManager: Display: Found up-to-date module file ../../../Engine/Plugins/Online/OnlineSubsystem/Binaries/Win64/UE4Editor-OnlineSubsystem.dll (API version 3944462).
LogModuleManager: Display: Found up-to-date module file ../../../Engine/Plugins/Runtime/AndroidPermission/Binaries/Win64/UE4Editor-AndroidPermission.dll (API version 3944462).
LogModuleManager: Display: Found up-to-date module file ../../../Engine/Plugins/Online/OnlineSubsystemNull/Binaries/Win64/UE4Editor-OnlineSubsystemNull.dll (API version 3944462).
LogModuleManager: Display: Found up-to-date module file ../../../Engine/Plugins/Online/OnlineSubsystemUtils/Binaries/Win64/UE4Editor-OnlineSubsystemUtils.dll (API version 3944462).
LogModuleManager: Display: Found up-to-date module file ../../../Engine/Plugins/Online/OnlineSubsystemUtils/Binaries/Win64/UE4Editor-OnlineBlueprintSupport.dll (API version 3944462).
LogModuleManager: Display: Found up-to-date module file ../../../Engine/Plugins/Runtime/AndroidDeviceProfileSelector/Binaries/Win64/UE4Editor-AndroidDeviceProfileSelector.dll (API version 3944462).
LogModuleManager: Display: Found up-to-date module file ../../../Engine/Plugins/Runtime/AppleARKit/Binaries/Win64/UE4Editor-AppleARKit.dll (API version 3944462).
LogModuleManager: Display: Found up-to-date module file ../../../Engine/Plugins/Runtime/ProceduralMeshComponent/Binaries/Win64/UE4Editor-ProceduralMeshComponent.dll (API version 3944462).
LogModuleManager: Display: Found up-to-date module file ../../../Engine/Plugins/Runtime/ProceduralMeshComponent/Binaries/Win64/UE4Editor-ProceduralMeshComponentEditor.dll (API version 3944462).
LogModuleManager: Display: Found up-to-date module file ../../../Engine/Plugins/Animation/LiveLink/Binaries/Win64/UE4Editor-LiveLink.dll (API version 3944462).
LogModuleManager: Display: Found up-to-date module file ../../../Engine/Plugins/Animation/LiveLink/Binaries/Win64/UE4Editor-LiveLinkEditor.dll (API version 3944462).
LogModuleManager: Display: Found up-to-date module file ../../../Engine/Plugins/Runtime/ArchVisCharacter/Binaries/Win64/UE4Editor-ArchVisCharacter.dll (API version 3944462).
LogModuleManager: Display: Found up-to-date module file ../../../Engine/Plugins/Runtime/AudioCapture/Binaries/Win64/UE4Editor-AudioCapture.dll (API version 3944462).
LogModuleManager: Display: Found up-to-date module file ../../../Engine/Plugins/Runtime/AudioCapture/Binaries/Win64/UE4Editor-AudioCaptureEditor.dll (API version 3944462).
LogModuleManager: Display: Found up-to-date module file ../../../Engine/Plugins/Runtime/CableComponent/Binaries/Win64/UE4Editor-CableComponent.dll (API version 3944462).
LogModuleManager: Display: Found up-to-date module file ../../../Engine/Plugins/Runtime/CustomMeshComponent/Binaries/Win64/UE4Editor-CustomMeshComponent.dll (API version 3944462).
LogModuleManager: Display: Found up-to-date module file ../../../Engine/Plugins/Runtime/ExampleDeviceProfileSelector/Binaries/Win64/UE4Editor-ExampleDeviceProfileSelector.dll (API version 3944462).
LogModuleManager: Display: Found up-to-date module file ../../../Engine/Plugins/Runtime/ImmediatePhysics/Binaries/Win64/UE4Editor-ImmediatePhysics.dll (API version 3944462).
LogModuleManager: Display: Found up-to-date module file ../../../Engine/Plugins/Runtime/ImmediatePhysics/Binaries/Win64/UE4Editor-ImmediatePhysicsEditor.dll (API version 3944462).
LogModuleManager: Display: Found up-to-date module file ../../../Engine/Plugins/Runtime/LocationServicesBPLibrary/Binaries/Win64/UE4Editor-LocationServicesBPLibrary.dll (API version 3944462).
LogModuleManager: Display: Found up-to-date module file ../../../Engine/Plugins/Runtime/MobilePatchingUtils/Binaries/Win64/UE4Editor-MobilePatchingUtils.dll (API version 3944462).
LogModuleManager: Display: Found up-to-date module file ../../../Engine/Plugins/Runtime/Oculus/OculusVR/Binaries/Win64/UE4Editor-OculusHMD.dll (API version 3944462).
LogModuleManager: Display: Found up-to-date module file ../../../Engine/Plugins/Runtime/Oculus/OculusVR/Binaries/Win64/UE4Editor-OculusInput.dll (API version 3944462).
LogModuleManager: Display: Found up-to-date module file ../../../Engine/Plugins/Runtime/Oculus/OculusVR/Binaries/Win64/UE4Editor-OculusEditor.dll (API version 3944462).
LogModuleManager: Display: Found up-to-date module file ../../../Engine/Plugins/Runtime/PhysXVehicles/Binaries/Win64/UE4Editor-PhysXVehicles.dll (API version 3944462).
LogModuleManager: Display: Found up-to-date module file ../../../Engine/Plugins/Runtime/PhysXVehicles/Binaries/Win64/UE4Editor-PhysXVehiclesEditor.dll (API version 3944462).
LogModuleManager: Display: Found up-to-date module file ../../../Engine/Plugins/Runtime/RuntimePhysXCooking/Binaries/Win64/UE4Editor-RuntimePhysXCooking.dll (API version 3944462).
LogModuleManager: Display: Found up-to-date module file ../../../Engine/Plugins/Runtime/Steam/SteamVR/Binaries/Win64/UE4Editor-SteamVR.dll (API version 3944462).
LogModuleManager: Display: Found up-to-date module file ../../../Engine/Plugins/Runtime/Steam/SteamVR/Binaries/Win64/UE4Editor-SteamVRController.dll (API version 3944462).
LogModuleManager: Display: Found up-to-date module file ../../../Engine/Plugins/Runtime/WindowsMoviePlayer/Binaries/Win64/UE4Editor-WindowsMoviePlayer.dll (API version 3944462).
LogPluginManager: Mounting plugin Paper2D
LogPluginManager: Mounting plugin LiveLink
LogPluginManager: Mounting plugin LightPropagationVolume
LogPluginManager: Mounting plugin CLionSourceCodeAccess
LogPluginManager: Mounting plugin CodeLiteSourceCodeAccess
LogPluginManager: Mounting plugin GitSourceControl
LogPluginManager: Mounting plugin KDevelopSourceCodeAccess
LogPluginManager: Mounting plugin NullSourceCodeAccess
LogPluginManager: Mounting plugin PerforceSourceControl
LogPluginManager: Mounting plugin SubversionSourceControl
LogPluginManager: Mounting plugin UObjectPlugin
LogPluginManager: Mounting plugin VisualStudioCodeSourceCodeAccess
LogPluginManager: Mounting plugin VisualStudioSourceCodeAccess
LogPluginManager: Mounting plugin XCodeSourceCodeAccess
LogPluginManager: Mounting plugin AssetManagerEditor
LogPluginManager: Mounting plugin CryptoKeys
LogPluginManager: Mounting plugin DataValidation
LogPluginManager: Mounting plugin FacialAnimation
LogPluginManager: Mounting plugin GameplayTagsEditor
LogPluginManager: Mounting plugin MobileLauncherProfileWizard
LogPluginManager: Mounting plugin PluginBrowser
LogPluginManager: Mounting plugin SpeedTreeImporter
LogPluginManager: Mounting plugin DatasmithContent
LogPluginManager: Mounting plugin AlembicImporter
LogPluginManager: Mounting plugin CharacterAI
LogPluginManager: Mounting plugin HTML5Networking
LogPluginManager: Mounting plugin AndroidMedia
LogPluginManager: Mounting plugin AvfMedia
LogPluginManager: Mounting plugin ImgMedia
LogPluginManager: Mounting plugin LinearTimecode
LogPluginManager: Mounting plugin MediaCompositing
LogPluginManager: Mounting plugin MediaPlayerEditor
LogPluginManager: Mounting plugin WmfMedia
LogPluginManager: Mounting plugin TcpMessaging
LogPluginManager: Mounting plugin UdpMessaging
LogPluginManager: Mounting plugin ActorSequence
LogPluginManager: Mounting plugin LevelSequenceEditor
LogPluginManager: Mounting plugin MatineeToLevelSequence
LogPluginManager: Mounting plugin NetcodeUnitTest
LogPluginManager: Mounting plugin NUTUnrealEngine4
LogPluginManager: Mounting plugin OnlineSubsystemGooglePlay
LogPluginManager: Mounting plugin OnlineSubsystemIOS
LogPluginManager: Mounting plugin OnlineSubsystem
LogPluginManager: Mounting plugin OnlineSubsystemNull
LogPluginManager: Mounting plugin OnlineSubsystemUtils
LogPluginManager: Mounting plugin AndroidDeviceProfileSelector
LogPluginManager: Mounting plugin AndroidMoviePlayer
LogPluginManager: Mounting plugin AndroidPermission
LogPluginManager: Mounting plugin AppleARKit
LogPluginManager: Mounting plugin AppleMoviePlayer
LogPluginManager: Mounting plugin ArchVisCharacter
LogPluginManager: Mounting plugin AudioCapture
LogPluginManager: Mounting plugin CableComponent
LogPluginManager: Mounting plugin CustomMeshComponent
LogPluginManager: Mounting plugin ExampleDeviceProfileSelector
LogPluginManager: Mounting plugin GoogleCloudMessaging
LogPluginManager: Mounting plugin ImmediatePhysics
LogPluginManager: Mounting plugin IOSDeviceProfileSelector
LogPluginManager: Mounting plugin LinuxDeviceProfileSelector
LogPluginManager: Mounting plugin LocationServicesBPLibrary
LogPluginManager: Mounting plugin MobilePatchingUtils
LogPluginManager: Mounting plugin OculusVR
LogPluginManager: Plugin shader directory ../../../Engine/Plugins/Runtime/Oculus/OculusVR/Shaders found
LogPluginManager: Mapping shader source directory ../../../Engine/Plugins/Runtime/Oculus/OculusVR/Shaders to virtual directory /Plugin/OculusVR
LogPluginManager: Mounting plugin PhysXVehicles
LogPluginManager: Mounting plugin ProceduralMeshComponent
LogPluginManager: Mounting plugin RuntimePhysXCooking
LogPluginManager: Mounting plugin SteamVR
LogPluginManager: Mounting plugin WindowsMoviePlayer
LogStreaming: Display: Took  1.486s to configure plugins.
LogInit: Using libcurl 7.47.1
LogInit:  - built for x86_64-pc-win32
LogInit:  - supports SSL with OpenSSL/1.0.2g
LogInit:  - supports HTTP deflate (compression) using libz 1.2.8
LogInit:  - other features:
LogInit:      CURL_VERSION_SSL
LogInit:      CURL_VERSION_LIBZ
LogInit:      CURL_VERSION_IPV6
LogInit:      CURL_VERSION_ASYNCHDNS
LogInit:      CURL_VERSION_LARGEFILE
LogInit:      CURL_VERSION_IDN
LogInit:  CurlRequestOptions (configurable via config and command line):
LogInit:  - bVerifyPeer = false  - Libcurl will NOT verify peer certificate
LogInit:  - bUseHttpProxy = false  - Libcurl will NOT use HTTP proxy
LogInit:  - bDontReuseConnections = false  - Libcurl will reuse connections
LogInit:  - CertBundlePath = nullptr  - Libcurl will use whatever was configured at build time.
LogInit:  - MaxHostConnections = 16  - Libcurl will limit the number of connections to a host
LogInit:  - LocalHostAddr = Default
LogInit: WinSock: version 1.1 (2.2), MaxSocks=32767, MaxUdp=65467
LogInit: WinSock: I am Ganesh (10.3.26.39:0)
LogInit: Build: ++UE4+Release-4.19-CL-3989454
LogInit: Engine Version: 4.19.1-3989454+++UE4+Release-4.19
LogInit: Compatible Engine Version: 4.19.0-3944462+++UE4+Release-4.19
LogInit: Net CL: 3944462
LogDevObjectVersion: Number of dev versions registered: 18
LogDevObjectVersion:   Dev-Blueprints (B0D832E4-1F89-4F0D-ACCF-7EB736FD4AA2): 10
LogDevObjectVersion:   Dev-Build (E1C64328-A22C-4D53-A36C-8E866417BD8C): 0
LogDevObjectVersion:   Dev-Core (375EC13C-06E4-48FB-B500-84F0262A717E): 2
LogDevObjectVersion:   Dev-Editor (E4B068ED-F494-42E9-A231-DA0B2E46BB41): 23
LogDevObjectVersion:   Dev-Framework (CFFC743F-43B0-4480-9391-14DF171D2073): 33
LogDevObjectVersion:   Dev-Mobile (B02B49B5-BB20-44E9-A304-32B752E40360): 2
LogDevObjectVersion:   Dev-Networking (A4E4105C-59A1-49B5-A7C5-40C4547EDFEE): 0
LogDevObjectVersion:   Dev-Online (39C831C9-5AE6-47DC-9A44-9C173E1C8E7C): 0
LogDevObjectVersion:   Dev-Physics (78F01B33-EBEA-4F98-B9B4-84EACCB95AA2): 0
LogDevObjectVersion:   Dev-Platform (6631380F-2D4D-43E0-8009-CF276956A95A): 0
LogDevObjectVersion:   Dev-Rendering (12F88B9F-8875-4AFC-A67C-D90C383ABD29): 25
LogDevObjectVersion:   Dev-Sequencer (7B5AE74C-D270-4C10-A958-57980B212A5A): 6
LogDevObjectVersion:   Dev-VR (D7296918-1DD6-4BDD-9DE2-64A83CC13884): 1
LogDevObjectVersion:   Dev-LoadTimes (C2A15278-BFE7-4AFE-6C17-90FF531DF755): 1
LogDevObjectVersion:   Private-Geometry (6EACA3D4-40EC-4CC1-B786-8BED09428FC5): 2
LogDevObjectVersion:   Dev-AnimPhys (29E575DD-E0A3-4627-9D10-D276232CDCEA): 16
LogDevObjectVersion:   Dev-ReflectionCapture (6B266CEC-1EC7-4B8F-A30B-E4D90942FC07): 1
LogDevObjectVersion:   Dev-Automation (0DF73D61-A23F-47EA-B727-89E90C41499A): 1
LogInit: Compiled (64-bit): Apr  6 2018 12:26:04
LogInit: Compiled with Visual C++: 19.00.24215.01
LogInit: Build Configuration: Development
LogInit: Branch Name: ++UE4+Release-4.19
LogInit: Command Line: -EpicPortal 
LogInit: Base Directory: C:/Program Files/Epic Games/UE_4.19/Engine/Binaries/Win64/
LogInit: Installed Engine Build: 1
LogStreaming: Display: Took  0.000s to delete old logs.
LogInit: Presizing for max 8388607 objects, including 0 objects not considered by GC, pre-allocating 0 bytes for permanent pool.
LogInit: Object subsystem initialized
[2018.04.23-12.03.55:973][  0]LogInit: Selected Device Profile: [Windows]
[2018.04.23-12.03.55:973][  0]LogInit: Applying CVar settings loaded from the selected device profile: [Windows]
[2018.04.23-12.03.56:008][  0]LogInit: Computer: GANESH
[2018.04.23-12.03.56:008][  0]LogInit: User: Demi
[2018.04.23-12.03.56:008][  0]LogInit: CPU Page size=4096, Cores=4
[2018.04.23-12.03.56:008][  0]LogInit: High frequency timer resolution =2.531245 MHz
[2018.04.23-12.03.56:008][  0]LogMemory: Memory total: Physical=15.9GB (16GB approx)
[2018.04.23-12.03.56:008][  0]LogMemory: Platform Memory Stats for Windows
[2018.04.23-12.03.56:008][  0]LogMemory: Process Physical Memory: 276.97 MB used, 276.97 MB peak
[2018.04.23-12.03.56:008][  0]LogMemory: Process Virtual Memory: 264.81 MB used, 264.81 MB peak
[2018.04.23-12.03.56:008][  0]LogMemory: Physical Memory: 7261.85 MB used,  8997.91 MB free, 16259.75 MB total
[2018.04.23-12.03.56:008][  0]LogMemory: Virtual Memory: 684.19 MB used,  8997.91 MB free, 134217728.00 MB total
[2018.04.23-12.03.56:047][  0]LogInit: Using OS detected language (en-US).
[2018.04.23-12.03.56:047][  0]LogInit: Using OS detected locale (en-US).
[2018.04.23-12.03.56:051][  0]LogTextLocalizationManager: No specific localization for 'en-US' exists, so the 'en' localization will be used.
[2018.04.23-12.03.56:508][  0]LogStreaming: Display: Took  0.462s to EndInitTextLocalization.
[2018.04.23-12.03.56:508][  0]LogInit: Setting process to per monitor DPI aware
[2018.04.23-12.03.56:548][  0]LogSlate: New Slate User Created.  User Index 0, Is Virtual User: 0
[2018.04.23-12.03.56:548][  0]LogSlate: Slate User Registered.  User Index 0, Is Virtual User: 0
[2018.04.23-12.03.56:794][  0]LogD3D11RHI: D3D11 adapters:
[2018.04.23-12.03.56:869][  0]LogD3D11RHI:    0. 'NVIDIA GeForce GTX 1060' (Feature Level 11_0)
[2018.04.23-12.03.56:869][  0]LogD3D11RHI:       6084/0/8129 MB DedicatedVideo/DedicatedSystem/SharedSystem, Outputs:1, VendorId:0x10de
[2018.04.23-12.03.56:879][  0]LogD3D11RHI:    1. 'Intel(R) HD Graphics 530' (Feature Level 11_0)
[2018.04.23-12.03.56:879][  0]LogD3D11RHI:       128/0/8129 MB DedicatedVideo/DedicatedSystem/SharedSystem, Outputs:0, VendorId:0x8086
[2018.04.23-12.03.56:881][  0]LogD3D11RHI:    2. 'Microsoft Basic Render Driver' (Feature Level 11_0)
[2018.04.23-12.03.56:881][  0]LogD3D11RHI:       0/0/8129 MB DedicatedVideo/DedicatedSystem/SharedSystem, Outputs:0, VendorId:0x1414
[2018.04.23-12.03.56:881][  0]LogD3D11RHI: Chosen D3D11 Adapter: 0
[2018.04.23-12.03.56:889][  0]LogD3D11RHI: Creating new Direct3DDevice
[2018.04.23-12.03.56:890][  0]LogD3D11RHI:     GPU DeviceId: 0x1c60 (for the marketing name, search the web for "GPU Device Id")
[2018.04.23-12.03.56:890][  0]LogWindows: EnumDisplayDevices:
[2018.04.23-12.03.56:890][  0]LogWindows:    0. 'Intel(R) HD Graphics 530' (P:1 D:1)
[2018.04.23-12.03.56:890][  0]LogWindows:    1. 'Intel(R) HD Graphics 530' (P:0 D:0)
[2018.04.23-12.03.56:890][  0]LogWindows:    2. 'Intel(R) HD Graphics 530' (P:0 D:0)
[2018.04.23-12.03.56:890][  0]LogWindows:    3. 'NVIDIA GeForce GTX 1060' (P:0 D:0)
[2018.04.23-12.03.56:890][  0]LogWindows:    4. 'NVIDIA GeForce GTX 1060' (P:0 D:0)
[2018.04.23-12.03.56:890][  0]LogWindows:    5. 'NVIDIA GeForce GTX 1060' (P:0 D:0)
[2018.04.23-12.03.56:891][  0]LogWindows:    6. 'NVIDIA GeForce GTX 1060' (P:0 D:0)
[2018.04.23-12.03.56:891][  0]LogWindows: DebugString: GetVideoDriverDetailsInvalid PrimaryIsNotTheChoosenAdapter GetVideoDriverDetailsInvalid PrimaryIsNotTheChoosenAdapter GetVideoDriverDetailsInvalid PrimaryIsNotTheChoosenAdapter GetVideoDriverDetailsInvalid PrimaryIsNotTheChoosenAdapter GetVideoDriverDetailsInvalid PrimaryIsNotTheChoosenAdapter GetVideoDriverDetailsInvalid PrimaryIsNotTheChoosenAdapter GetVideoDriverDetailsInvalid PrimaryIsNotTheChoosenAdapter FoundDriverCount:0 
[2018.04.23-12.03.56:891][  0]LogD3D11RHI:     Adapter Name: NVIDIA GeForce GTX 1060
[2018.04.23-12.03.56:891][  0]LogD3D11RHI:   Driver Version: Unknown (internal:Unknown, unified:Unknown)
[2018.04.23-12.03.56:891][  0]LogD3D11RHI:      Driver Date: Unknown
[2018.04.23-12.03.56:891][  0]LogRHI: Texture pool is 4259 MB (70% of 6084 MB)
[2018.04.23-12.03.56:936][  0]LogD3D11RHI: [Aftermath] Aftermath enabled but failed to initialize
[2018.04.23-12.03.56:937][  0]LogD3D11RHI: [Aftermath] Aftermath enabled and primed
[2018.04.23-12.03.56:937][  0]LogD3D11RHI: Async texture creation enabled
[2018.04.23-12.03.56:964][  0]LogD3D11RHI: GPU Timing Frequency: 1000.000000 (Debug: 2 1)
[2018.04.23-12.03.56:966][  0]LogShaderCompilers: Guid format shader working directory is -21 characters bigger than the processId version (../../../../../../Users/Demi/Desktop/Dark Matter/DarkMatter_UEProj/Intermediate/Shaders/WorkingDirectory/8468/).
[2018.04.23-12.03.56:966][  0]LogShaderCompilers: Cleaned the shader compiler working directory 'C:/Users/Demi/AppData/Local/Temp/UnrealShaderWorkingDir/7E6AF2F247F3DC74D85167AC0815881D/'.
[2018.04.23-12.03.57:231][  0]LogTemp: Display: Loaded TP AllDesktopTargetPlatform
[2018.04.23-12.03.57:246][  0]LogTemp: Display: Loaded TP MacClientTargetPlatform
[2018.04.23-12.03.57:263][  0]LogTemp: Display: Loaded TP MacNoEditorTargetPlatform
[2018.04.23-12.03.57:278][  0]LogTemp: Display: Loaded TP MacServerTargetPlatform
[2018.04.23-12.03.57:293][  0]LogTemp: Display: Loaded TP MacTargetPlatform
[2018.04.23-12.03.57:308][  0]LogTemp: Display: Loaded TP WindowsClientTargetPlatform
[2018.04.23-12.03.57:323][  0]LogTemp: Display: Loaded TP WindowsNoEditorTargetPlatform
[2018.04.23-12.03.57:338][  0]LogTemp: Display: Loaded TP WindowsServerTargetPlatform
[2018.04.23-12.03.57:346][  0]LogTemp: Display: Loaded TP WindowsTargetPlatform
[2018.04.23-12.03.57:360][  0]LogTemp: Display: Loaded TP Android_ASTCTargetPlatform
[2018.04.23-12.03.57:374][  0]LogTemp: Display: Loaded TP Android_ATCTargetPlatform
[2018.04.23-12.03.57:387][  0]LogTemp: Display: Loaded TP Android_DXTTargetPlatform
[2018.04.23-12.03.57:400][  0]LogTemp: Display: Loaded TP Android_ETC1aTargetPlatform
[2018.04.23-12.03.57:414][  0]LogTemp: Display: Loaded TP Android_ETC1TargetPlatform
[2018.04.23-12.03.57:427][  0]LogTemp: Display: Loaded TP Android_ETC2TargetPlatform
[2018.04.23-12.03.57:455][  0]LogTemp: Display: Loaded TP Android_MultiTargetPlatform
[2018.04.23-12.03.57:455][  0]LogTemp: Display: Loaded TP Android_PVRTCTargetPlatform
[2018.04.23-12.03.57:468][  0]LogTemp: Display: Loaded TP AndroidTargetPlatform
[2018.04.23-12.03.57:470][  0]LogTemp: Display: Loaded TP HTML5TargetPlatform
[2018.04.23-12.03.57:510][  0]LogTemp: Display: Loaded TP IOSTargetPlatform
[2018.04.23-12.03.57:522][  0]LogTemp: Display: Loaded TP TVOSTargetPlatform
[2018.04.23-12.03.57:535][  0]LogTemp: Display: Loaded TP LinuxClientTargetPlatform
[2018.04.23-12.03.57:548][  0]LogTemp: Display: Loaded TP LinuxNoEditorTargetPlatform
[2018.04.23-12.03.57:561][  0]LogTemp: Display: Loaded TP LinuxServerTargetPlatform
[2018.04.23-12.03.57:575][  0]LogTemp: Display: Loaded TP LinuxTargetPlatform
[2018.04.23-12.03.57:575][  0]LogTargetPlatformManager: Display: Building Assets For Windows
[2018.04.23-12.03.57:713][  0]LogXGEController: Cannot use XGE Controller as Incredibuild is not installed on this machine.
[2018.04.23-12.03.57:713][  0]LogShaderCompilers: Cannot use XGE Shader Compiler as Incredibuild is not installed on this machine.
[2018.04.23-12.03.57:713][  0]LogShaderCompilers: Display: Using Local Shader Compiler.
[2018.04.23-12.03.58:547][  0]LogDerivedDataCache: Display: Max Cache Size: 512 MB
[2018.04.23-12.03.58:627][  0]LogDerivedDataCache: Loaded boot cache 0.08s 74MB C:/Users/Demi/AppData/Local/UnrealEngine/4.19/DerivedDataCache/Boot.ddc.
[2018.04.23-12.03.58:627][  0]LogDerivedDataCache: Display: Loaded Boot cache: C:/Users/Demi/AppData/Local/UnrealEngine/4.19/DerivedDataCache/Boot.ddc
[2018.04.23-12.03.58:628][  0]LogDerivedDataCache: FDerivedDataBackendGraph:  Pak pak cache file ../../../../../../Users/Demi/Desktop/Dark Matter/DarkMatter_UEProj/DerivedDataCache/DDC.ddp not found, will not use a pak cache.
[2018.04.23-12.03.58:628][  0]LogDerivedDataCache: Unable to find inner node Pak for hierarchical cache Hierarchy.
[2018.04.23-12.03.58:628][  0]LogDerivedDataCache: FDerivedDataBackendGraph:  CompressedPak pak cache file ../../../../../../Users/Demi/Desktop/Dark Matter/DarkMatter_UEProj/DerivedDataCache/Compressed.ddp not found, will not use a pak cache.
[2018.04.23-12.03.58:628][  0]LogDerivedDataCache: Unable to find inner node CompressedPak for hierarchical cache Hierarchy.
[2018.04.23-12.03.58:645][  0]LogDerivedDataCache: Display: Pak cache opened for reading ../../../Engine/DerivedDataCache/Compressed.ddp.
[2018.04.23-12.03.58:659][  0]LogDerivedDataCache: Using Local data cache path C:/Users/Demi/AppData/Local/UnrealEngine/Common/DerivedDataCache: Writable
[2018.04.23-12.03.58:670][  0]LogMaterial: Verifying Global Shaders for PCD3D_SM5
[2018.04.23-12.03.58:671][  0]LogSlate: Using Freetype 2.6.0
[2018.04.23-12.03.58:671][  0]LogSlate: SlateFontCache - WITH_FREETYPE: 1, WITH_HARFBUZZ: 1
[2018.04.23-12.03.58:672][  0]LogSlate: SlateFontCache - WITH_FREETYPE: 1, WITH_HARFBUZZ: 1
[2018.04.23-12.03.58:849][  0]LogAssetRegistry: FAssetRegistry took 0.0259 seconds to start up
[2018.04.23-12.03.59:194][  0]LogInit: Selected Device Profile: [Windows]
[2018.04.23-12.03.59:369][  0]LogSimplygon: Simplygon DLL not present - disabling.
[2018.04.23-12.03.59:372][  0]LogMeshReduction: Using SimplygonSwarm for distributed automatic mesh merging
[2018.04.23-12.03.59:372][  0]LogMeshReduction: Using QuadricMeshReduction for automatic static mesh reduction
[2018.04.23-12.03.59:372][  0]LogMeshReduction: No automatic skeletal mesh reduction module available
[2018.04.23-12.03.59:372][  0]LogMeshReduction: No automatic mesh merging module available
[2018.04.23-12.03.59:372][  0]LogMeshMerging: No automatic mesh merging module available
[2018.04.23-12.03.59:417][  0]LogNetVersion: DarkMatter_UEProj , NetCL: 3944462, EngineNetVer: 2, GameNetVer: 0 (Checksum: 1298174506)
[2018.04.23-12.04.00:022][  0]LogPackageLocalizationCache: Processed 9 localized package path(s) for 2 prioritized culture(s) in 0.126377 seconds
[2018.04.23-12.04.00:028][  0]LogUObjectArray: 36728 objects as part of root set at end of initial load.
[2018.04.23-12.04.00:028][  0]LogUObjectAllocator: 7314304 out of 0 bytes used by permanent object pool.
[2018.04.23-12.04.00:028][  0]LogUObjectArray: CloseDisregardForGC: 0/0 objects in disregard for GC pool
[2018.04.23-12.04.02:206][  0]LogTcpMessaging: Initializing TcpMessaging bridge
[2018.04.23-12.04.02:243][  0]LogUdpMessaging: Initializing bridge on interface 0.0.0.0:0 to multicast group 230.0.0.1:6666.
[2018.04.23-12.04.02:699][  0]SourceControl: Source control is disabled
[2018.04.23-12.04.02:699][  0]SourceControl: Source control is disabled
[2018.04.23-12.04.02:724][  0]SourceControl: Source control is disabled
[2018.04.23-12.04.02:747][  0]SourceControl: Source control is disabled
[2018.04.23-12.04.03:364][  0]LogAndroidPermission: UAndroidPermissionCallbackProxy::GetInstance
[2018.04.23-12.04.03:640][  0]LogOcInput: OculusInput pre-init called
[2018.04.23-12.04.03:815][  0]LogEngine: Initializing Engine...
[2018.04.23-12.04.03:817][  0]LogHMD: Failed to initialize OpenVR with code 110
[2018.04.23-12.04.03:819][  0]LogStats: UGameplayTagsManager::ConstructGameplayTagTree: Construct from data asset -  0.000 s
[2018.04.23-12.04.03:819][  0]LogStats: UGameplayTagsManager::ConstructGameplayTagTree: GameplayTagTreeChangedEvent.Broadcast -  0.000 s
[2018.04.23-12.04.04:146][  0]LogAIModule: Creating AISystem for world Untitled
[2018.04.23-12.04.04:162][  0]LogInit: XAudio2 using 'Luidsprekers (Realtek High Definition Audio)' : 2 channels at 48 kHz using 32 bits per sample (channel mask 0x3)
[2018.04.23-12.04.04:238][  0]LogInit: FAudioDevice initialized.
[2018.04.23-12.04.04:334][  0]LogDerivedDataCache: Saved boot cache 0.10s 74MB C:/Users/Demi/AppData/Local/UnrealEngine/4.19/DerivedDataCache/Boot.ddc.
[2018.04.23-12.04.04:348][  0]LogInit: Texture streaming: Enabled
[2018.04.23-12.04.04:369][  0]LogEngineSessionManager: EngineSessionManager initialized
[2018.04.23-12.04.04:387][  0]LogInit: Transaction tracking system initialized
[2018.04.23-12.04.04:416][  0]BlueprintLog: New page: Editor Load
[2018.04.23-12.04.04:514][  0]LocalizationService: Localization service is disabled
[2018.04.23-12.04.04:647][  0]LogConsoleResponse: Display: 
[2018.04.23-12.04.04:824][  0]LogCook: Display: Max memory allowance for cook 16384mb min free memory 0mb
[2018.04.23-12.04.04:825][  0]LogCook: Display: Mobile HDR setting 1
[2018.04.23-12.04.04:825][  0]LogGameplayTags: Display: UGameplayTagsManager::DoneAddingNativeTags. DelegateIsBound: 0
[2018.04.23-12.04.04:825][  0]LogStats: UGameplayTagsManager::ConstructGameplayTagTree: Construct from data asset -  0.000 s
[2018.04.23-12.04.04:825][  0]LogStats: UGameplayTagsManager::ConstructGameplayTagTree: GameplayTagTreeChangedEvent.Broadcast -  0.000 s
[2018.04.23-12.04.05:239][  0]LogFileCache: Scanning file cache for directory 'C:/Users/Demi/Desktop/Dark Matter/DarkMatter_UEProj/Content/' took 0.01s
[2018.04.23-12.04.05:299][  0]SourceControl: Source control is disabled
[2018.04.23-12.04.05:299][  0]Cmd: MAP LOAD FILE="../../../../../../Users/Demi/Desktop/Dark Matter/DarkMatter_UEProj/Content/TopDownBP/Maps/TopDownExampleMap.umap" TEMPLATE=0 SHOWPROGRESS=1 FEATURELEVEL=3
[2018.04.23-12.04.05:300][  0]LightingResults: New page: Lighting Build
[2018.04.23-12.04.05:303][  0]MapCheck: New page: Map Check
[2018.04.23-12.04.05:303][  0]LightingResults: New page: Lighting Build
[2018.04.23-12.04.05:702][  0]LogSkeletalMesh: Skeletal Mesh found in DDC [19.945520ms] /Game/Mannequin/Character/Mesh/SK_Mannequin.SK_Mannequin
[2018.04.23-12.04.05:834][  0]LogAIModule: Creating AISystem for world TopDownExampleMap
[2018.04.23-12.04.05:853][  0]LogEditorServer: Finished looking for orphan Actors (0.000 secs)
[2018.04.23-12.04.05:869][  0]Cmd: MAP CHECKDEP NOCLEARLOG
[2018.04.23-12.04.05:956][  0]MapCheck: Map check complete: 0 Error(s), 0 Warning(s), took 86.973ms to complete.
[2018.04.23-12.04.05:956][  0]LogFileHelpers: Loading map 'TopDownExampleMap' took 0.657
[2018.04.23-12.04.06:056][  0]LogWindowsTextInputMethodSystem: Display: IME system now deactivated.
[2018.04.23-12.04.06:272][  0]LogCollectionManager: Loaded 0 collections in 0.001793 seconds
[2018.04.23-12.04.06:344][  0]LogFileCache: Scanning file cache for directory 'C:/Users/Demi/Desktop/Dark Matter/DarkMatter_UEProj/Saved/Collections/' took 0.01s
[2018.04.23-12.04.06:344][  0]LogFileCache: Scanning file cache for directory 'C:/Users/Demi/Desktop/Dark Matter/DarkMatter_UEProj/Content/Developers/Demi/Collections/' took 0.01s
[2018.04.23-12.04.06:344][  0]LogFileCache: Scanning file cache for directory 'C:/Users/Demi/Desktop/Dark Matter/DarkMatter_UEProj/Content/Collections/' took 0.01s
[2018.04.23-12.04.06:344][  0]LogCollectionManager: Rebuilt the GUID cache for 0 collections in 0.000000 seconds
[2018.04.23-12.04.06:356][  0]LogContentBrowser: Native class hierarchy populated in 0.0104 seconds. Added 2453 classes and 560 folders.
[2018.04.23-12.04.06:368][  0]LogContentBrowser: Native class hierarchy updated for 'WidgetCarousel' in 0.0002 seconds. Added 0 classes and 0 folders.
[2018.04.23-12.04.06:545][  0]LogContentBrowser: Native class hierarchy updated for 'AddContentDialog' in 0.0002 seconds. Added 0 classes and 0 folders.
[2018.04.23-12.04.06:557][  0]LogSlate: Took 0.000277 seconds to synchronously load lazily loaded font '../../../Engine/Content/Slate/Fonts/Roboto-Regular.ttf' (155K)
[2018.04.23-12.04.06:566][  0]LogSlate: Took 0.000367 seconds to synchronously load lazily loaded font '../../../Engine/Content/Slate/Fonts/Roboto-Bold.ttf' (160K)
[2018.04.23-12.04.06:573][  0]LogSlate: Took 0.001926 seconds to synchronously load lazily loaded font '../../../Engine/Content/Editor/Slate/Fonts/FontAwesome.ttf' (139K)
[2018.04.23-12.04.06:734][  0]LogRenderer: Reallocating scene render targets to support 1016x480 Format 10 NumSamples 1 (Frame:1).
[2018.04.23-12.04.07:005][  0]LogContentBrowser: Native class hierarchy updated for 'HierarchicalLODOutliner' in 0.0002 seconds. Added 0 classes and 0 folders.
[2018.04.23-12.04.07:006][  0]LogLoad: (Engine Initialization) Total time: 14.16 seconds
[2018.04.23-12.04.07:006][  0]LogLoad: (Engine Initialization) Total Blueprint compile time: 0.00 seconds
[2018.04.23-12.04.07:048][  0]LogContentStreaming: Texture pool size now 1000 MB
[2018.04.23-12.04.07:083][  0]LogSlate: Took 0.002418 seconds to synchronously load lazily loaded font '../../../Engine/Content/Slate/Fonts/Roboto-Light.ttf' (167K)
[2018.04.23-12.04.07:098][  1]LogAssetRegistry: Asset discovery search completed in 8.2708 seconds
[2018.04.23-12.04.07:100][  1]LogCollectionManager: Rebuilt the object cache for 0 collections in 0.000000 seconds (found 0 objects)
[2018.04.23-12.04.07:100][  1]LogCollectionManager: Fixed up redirectors for 0 collections in 0.000075 seconds (updated 0 objects)
[2018.04.23-12.05.22:191][496]LogSlate: FSceneViewport::OnFocusLost() reason 0
[2018.04.23-12.05.22:291][502]LogTemp: Repeating last play command: Selected Viewport
[2018.04.23-12.05.22:305][502]LogBlueprintUserMessages: Early PlayInEditor Detection: Level '/Game/TopDownBP/Maps/TopDownExampleMap.TopDownExampleMap:PersistentLevel' has LevelScriptBlueprint '/Game/TopDownBP/Maps/TopDownExampleMap.TopDownExampleMap:PersistentLevel.TopDownExampleMap' with GeneratedClass '/Game/TopDownBP/Maps/TopDownExampleMap.TopDownExampleMap_C' with ClassGeneratedBy '/Game/TopDownBP/Maps/TopDownExampleMap.TopDownExampleMap:PersistentLevel.TopDownExampleMap'
[2018.04.23-12.05.22:305][502]LogPlayLevel: PlayLevel: No blueprints needed recompiling
[2018.04.23-12.05.22:306][502]PIE: New page: PIE session: TopDownExampleMap (Apr 23, 2018, 4:05:22 PM)
[2018.04.23-12.05.22:306][502]LogPlayLevel: Creating play world package: /Game/TopDownBP/Maps/UEDPIE_0_TopDownExampleMap
[2018.04.23-12.05.22:339][502]LogPlayLevel: PIE: StaticDuplicateObject took: (0.033045s)
[2018.04.23-12.05.22:340][502]LogAIModule: Creating AISystem for world TopDownExampleMap
[2018.04.23-12.05.22:341][502]LogPlayLevel: PIE: World Init took: (0.001599s)
[2018.04.23-12.05.22:341][502]LogPlayLevel: PIE: Created PIE world by copying editor world from /Game/TopDownBP/Maps/TopDownExampleMap.TopDownExampleMap to /Game/TopDownBP/Maps/UEDPIE_0_TopDownExampleMap.TopDownExampleMap (0.035087s)
[2018.04.23-12.05.22:365][502]LogInit: XAudio2 using 'Luidsprekers (Realtek High Definition Audio)' : 2 channels at 48 kHz using 32 bits per sample (channel mask 0x3)
[2018.04.23-12.05.22:391][502]LogInit: FAudioDevice initialized.
[2018.04.23-12.05.22:440][502]LogLoad: Game class is 'TopDownGameMode_C'
[2018.04.23-12.05.22:445][502]LogWorld: Bringing World /Game/TopDownBP/Maps/UEDPIE_0_TopDownExampleMap.TopDownExampleMap up for play (max tick rate 60) at 2018.04.23-14.05.22
[2018.04.23-12.05.22:446][502]LogWorld: Bringing up level for play took: 0.002950
[2018.04.23-12.05.22:455][502]LogContentBrowser: Native class hierarchy updated for 'MovieSceneCapture' in 0.0003 seconds. Added 11 classes and 0 folders.
[2018.04.23-12.05.22:455][502]PIE: Play in editor start time for /Game/TopDownBP/Maps/UEDPIE_0_TopDownExampleMap -0.587
[2018.04.23-12.05.22:455][502]LogBlueprintUserMessages: Late PlayInEditor Detection: Level '/Game/TopDownBP/Maps/TopDownExampleMap.TopDownExampleMap:PersistentLevel' has LevelScriptBlueprint '/Game/TopDownBP/Maps/TopDownExampleMap.TopDownExampleMap:PersistentLevel.TopDownExampleMap' with GeneratedClass '/Game/TopDownBP/Maps/TopDownExampleMap.TopDownExampleMap_C' with ClassGeneratedBy '/Game/TopDownBP/Maps/TopDownExampleMap.TopDownExampleMap:PersistentLevel.TopDownExampleMap'
[2018.04.23-12.05.45:858][903]LogSlate: FSceneViewport::OnFocusLost() reason 0
[2018.04.23-12.05.48:902][ 73]LogSlate: Window 'Tutorials' being destroyed
[2018.04.23-12.05.48:910][ 73]LogSlate: Window 'Tutorials' being destroyed
[2018.04.23-12.18.40:896][ 96]LogSlate: FSceneViewport::OnFocusLost() reason 0
[2018.04.23-12.21.53:128][252]LogSlate: FSceneViewport::OnFocusLost() reason 0
[2018.04.23-12.21.57:408][701]LogSlate: FSceneViewport::OnFocusLost() reason 0
[2018.04.23-12.22.03:329][345]LogSlate: FSceneViewport::OnFocusLost() reason 0
[2018.04.23-12.22.03:425][356]LogBlueprintUserMessages: Early EndPlayMap Detection: Level '/Game/TopDownBP/Maps/TopDownExampleMap.TopDownExampleMap:PersistentLevel' has LevelScriptBlueprint '/Game/TopDownBP/Maps/TopDownExampleMap.TopDownExampleMap:PersistentLevel.TopDownExampleMap' with GeneratedClass '/Game/TopDownBP/Maps/TopDownExampleMap.TopDownExampleMap_C' with ClassGeneratedBy '/Game/TopDownBP/Maps/TopDownExampleMap.TopDownExampleMap:PersistentLevel.TopDownExampleMap'
[2018.04.23-12.22.03:462][356]LogBlueprintUserMessages: Late EndPlayMap Detection: Level '/Game/TopDownBP/Maps/TopDownExampleMap.TopDownExampleMap:PersistentLevel' has LevelScriptBlueprint '/Game/TopDownBP/Maps/TopDownExampleMap.TopDownExampleMap:PersistentLevel.TopDownExampleMap' with GeneratedClass '/Game/TopDownBP/Maps/TopDownExampleMap.TopDownExampleMap_C' with ClassGeneratedBy '/Game/TopDownBP/Maps/TopDownExampleMap.TopDownExampleMap:PersistentLevel.TopDownExampleMap'
[2018.04.23-12.22.06:313][655]Cmd: BRUSH ADD SELECTNEWBRUSH
[2018.04.23-12.22.10:569][128]LogSlate: FSceneViewport::OnFocusLost() reason 0
[2018.04.23-12.22.10:651][136]LogSlate: Took 0.000224 seconds to synchronously load lazily loaded font '../../../Engine/Content/Slate/Fonts/Roboto-Light.ttf' (167K)
[2018.04.23-12.22.10:827][136]LogSavePackage: Save=120.82ms
[2018.04.23-12.22.10:827][136]LogSavePackage: Moving '../../../../../../Users/Demi/Desktop/Dark Matter/DarkMatter_UEProj/Saved/TopDownExampleMap66174A94460C8B42D67D0B98C52C2CCC.tmp' to '../../../../../../Users/Demi/Desktop/Dark Matter/DarkMatter_UEProj/Content/TopDownBP/Maps/TopDownExampleMap.umap'
[2018.04.23-12.22.10:837][136]LogSavePackage: Display: Finished SavePackage ../../../../../../Users/Demi/Desktop/Dark Matter/DarkMatter_UEProj/Content/TopDownBP/Maps/TopDownExampleMap.umap
[2018.04.23-12.22.11:073][136]LogSavePackage: Save=178.09ms
[2018.04.23-12.22.11:073][136]LogSavePackage: Moving '../../../../../../Users/Demi/Desktop/Dark Matter/DarkMatter_UEProj/Saved/TopDownExampleMap_BuiltData40FB8C114D617980F4B0D39D564A391A.tmp' to '../../../../../../Users/Demi/Desktop/Dark Matter/DarkMatter_UEProj/Content/TopDownBP/Maps/TopDownExampleMap_BuiltData.uasset'
[2018.04.23-12.22.11:077][136]LogSavePackage: Display: Finished SavePackage ../../../../../../Users/Demi/Desktop/Dark Matter/DarkMatter_UEProj/Content/TopDownBP/Maps/TopDownExampleMap_BuiltData.uasset
[2018.04.23-13.14.00:829][971]LogD3D11RHI: Timed out while waiting for GPU to catch up. (500 ms)
[2018.04.23-13.35.20:721][811]LogHttp: Warning: 00000292D67D8700: request failed, libcurl error: 6 (Couldn't resolve host name)
[2018.04.23-13.35.20:722][811]LogHttp: Warning: 00000292D67D8700: libcurl info message cache 0 (Found bundle for host datarouter.ol.epicgames.com: 0x292e933bfe8 [can pipeline])
[2018.04.23-13.35.20:722][811]LogHttp: Warning: 00000292D67D8700: libcurl info message cache 1 (Re-using existing connection! (#8) with host datarouter.ol.epicgames.com)
[2018.04.23-13.35.20:722][811]LogHttp: Warning: 00000292D67D8700: libcurl info message cache 2 (Connected to datarouter.ol.epicgames.com (35.171.11.70) port 443 (#8))
[2018.04.23-13.35.20:722][811]LogHttp: Warning: 00000292D67D8700: libcurl info message cache 3 (upload completely sent off: 711 out of 711 bytes)
[2018.04.23-13.35.20:722][811]LogHttp: Warning: 00000292D67D8700: libcurl info message cache 4 (TLSv1.2 (IN), TLS alert, Client hello (1):)
[2018.04.23-13.35.20:722][811]LogHttp: Warning: 00000292D67D8700: libcurl info message cache 5 (Connection died, retrying a fresh connect)
[2018.04.23-13.35.20:723][811]LogHttp: Warning: 00000292D67D8700: libcurl info message cache 6 (Closing connection 8)
[2018.04.23-13.35.20:723][811]LogHttp: Warning: 00000292D67D8700: libcurl info message cache 7 (TLSv1.2 (OUT), TLS alert, Client hello (1):)
[2018.04.23-13.35.20:723][811]LogHttp: Warning: 00000292D67D8700: libcurl info message cache 8 (Issue another request to this URL: 'https://datarouter.ol.epicgames.com/datarouter/api/v1/public/data?SessionID=%7B2893E3CD-470D-71F1-2D6D-70ADA3A3DD83%7D&AppID=UEEditor.Rocket.Release&AppVersion=4.19.1-3989454%2B%2B%2BUE4%2BRelease-4.19&UserID=16780f744bc018e3491830ba0fc76b66%7Cf9a0354237634815a2b59242208d7987%7C287cbb64-d8bf-4a9f-a9b5-f87f95f8bcab&AppEnvironment=datacollector-binary&UploadType=eteventstream')
[2018.04.23-13.35.20:723][811]LogHttp: Warning: 00000292D67D8700: libcurl info message cache 9 (Could not resolve host: datarouter.ol.epicgames.com)
[2018.04.23-13.35.20:723][811]LogHttp: Warning: 00000292D67D8700: libcurl info message cache 10 (Closing connection 9)
[2018.04.23-13.37.21:062][172]LogHttp: Warning: 00000292D67DB400: request failed, libcurl error: 6 (Couldn't resolve host name)
[2018.04.23-13.37.21:062][172]LogHttp: Warning: 00000292D67DB400: libcurl info message cache 0 (Could not resolve host: datarouter.ol.epicgames.com)
[2018.04.23-13.37.21:062][172]LogHttp: Warning: 00000292D67DB400: libcurl info message cache 1 (Closing connection 10)
[2018.04.23-13.39.21:396][533]LogHttp: Warning: 00000292D67DBB80: request failed, libcurl error: 6 (Couldn't resolve host name)
[2018.04.23-13.39.21:396][533]LogHttp: Warning: 00000292D67DBB80: libcurl info message cache 0 (Could not resolve host: datarouter.ol.epicgames.com)
[2018.04.23-13.39.21:396][533]LogHttp: Warning: 00000292D67DBB80: libcurl info message cache 1 (Closing connection 11)
[2018.04.23-13.41.21:728][894]LogHttp: Warning: 00000292D67DB580: request failed, libcurl error: 6 (Couldn't resolve host name)
[2018.04.23-13.41.21:728][894]LogHttp: Warning: 00000292D67DB580: libcurl info message cache 0 (Could not resolve host: datarouter.ol.epicgames.com)
[2018.04.23-13.41.21:728][894]LogHttp: Warning: 00000292D67DB580: libcurl info message cache 1 (Closing connection 12)
[2018.04.23-13.43.22:063][255]LogHttp: Warning: 00000292D67D8880: request failed, libcurl error: 6 (Couldn't resolve host name)
[2018.04.23-13.43.22:063][255]LogHttp: Warning: 00000292D67D8880: libcurl info message cache 0 (Could not resolve host: datarouter.ol.epicgames.com)
[2018.04.23-13.43.22:063][255]LogHttp: Warning: 00000292D67D8880: libcurl info message cache 1 (Closing connection 13)
[2018.04.23-13.45.22:396][616]LogHttp: Warning: 00000292D67DB400: request failed, libcurl error: 6 (Couldn't resolve host name)
[2018.04.23-13.45.22:396][616]LogHttp: Warning: 00000292D67DB400: libcurl info message cache 0 (Could not resolve host: datarouter.ol.epicgames.com)
[2018.04.23-13.45.22:397][616]LogHttp: Warning: 00000292D67DB400: libcurl info message cache 1 (Closing connection 14)
[2018.04.23-13.47.23:063][978]LogHttp: Warning: 00000292D67D8400: request failed, libcurl error: 6 (Couldn't resolve host name)
[2018.04.23-13.47.23:064][978]LogHttp: Warning: 00000292D67D8400: libcurl info message cache 0 (Could not resolve host: datarouter.ol.epicgames.com)
[2018.04.23-13.47.23:064][978]LogHttp: Warning: 00000292D67D8400: libcurl info message cache 1 (Closing connection 15)
[2018.04.23-13.49.23:730][340]LogHttp: Warning: 00000292D67D8400: request failed, libcurl error: 6 (Couldn't resolve host name)
[2018.04.23-13.49.23:730][340]LogHttp: Warning: 00000292D67D8400: libcurl info message cache 0 (Could not resolve host: datarouter.ol.epicgames.com)
[2018.04.23-13.49.23:730][340]LogHttp: Warning: 00000292D67D8400: libcurl info message cache 1 (Closing connection 16)
[2018.04.23-13.51.24:065][701]LogHttp: Warning: 00000292D67D8280: request failed, libcurl error: 6 (Couldn't resolve host name)
[2018.04.23-13.51.24:065][701]LogHttp: Warning: 00000292D67D8280: libcurl info message cache 0 (Could not resolve host: datarouter.ol.epicgames.com)
[2018.04.23-13.51.24:065][701]LogHttp: Warning: 00000292D67D8280: libcurl info message cache 1 (Closing connection 17)
[2018.04.23-13.53.24:732][ 63]LogHttp: Warning: 00000292D67D8400: request failed, libcurl error: 6 (Couldn't resolve host name)
[2018.04.23-13.53.24:732][ 63]LogHttp: Warning: 00000292D67D8400: libcurl info message cache 0 (Could not resolve host: datarouter.ol.epicgames.com)
[2018.04.23-13.53.24:732][ 63]LogHttp: Warning: 00000292D67D8400: libcurl info message cache 1 (Closing connection 18)
[2018.04.23-13.55.25:066][424]LogHttp: Warning: 00000292D67D8880: request failed, libcurl error: 6 (Couldn't resolve host name)
[2018.04.23-13.55.25:066][424]LogHttp: Warning: 00000292D67D8880: libcurl info message cache 0 (Could not resolve host: datarouter.ol.epicgames.com)
[2018.04.23-13.55.25:066][424]LogHttp: Warning: 00000292D67D8880: libcurl info message cache 1 (Closing connection 19)
[2018.04.23-13.57.25:399][785]LogHttp: Warning: 00000292D67DB400: request failed, libcurl error: 6 (Couldn't resolve host name)
[2018.04.23-13.57.25:399][785]LogHttp: Warning: 00000292D67DB400: libcurl info message cache 0 (Could not resolve host: datarouter.ol.epicgames.com)
[2018.04.23-13.57.25:400][785]LogHttp: Warning: 00000292D67DB400: libcurl info message cache 1 (Closing connection 20)
[2018.04.23-13.59.25:733][146]LogHttp: Warning: 00000292D67DB580: request failed, libcurl error: 6 (Couldn't resolve host name)
[2018.04.23-13.59.25:733][146]LogHttp: Warning: 00000292D67DB580: libcurl info message cache 0 (Could not resolve host: datarouter.ol.epicgames.com)
[2018.04.23-13.59.25:733][146]LogHttp: Warning: 00000292D67DB580: libcurl info message cache 1 (Closing connection 21)
[2018.04.23-14.01.26:067][507]LogHttp: Warning: 00000292D67D8280: request failed, libcurl error: 6 (Couldn't resolve host name)
[2018.04.23-14.01.26:067][507]LogHttp: Warning: 00000292D67D8280: libcurl info message cache 0 (Could not resolve host: datarouter.ol.epicgames.com)
[2018.04.23-14.01.26:067][507]LogHttp: Warning: 00000292D67D8280: libcurl info message cache 1 (Closing connection 22)
[2018.04.23-14.03.26:402][868]LogHttp: Warning: 00000292D67DBB80: request failed, libcurl error: 6 (Couldn't resolve host name)
[2018.04.23-14.03.26:403][868]LogHttp: Warning: 00000292D67DBB80: libcurl info message cache 0 (Could not resolve host: datarouter.ol.epicgames.com)
[2018.04.23-14.03.26:403][868]LogHttp: Warning: 00000292D67DBB80: libcurl info message cache 1 (Closing connection 23)
[2018.04.23-14.05.27:070][230]LogHttp: Warning: 00000292D67D8A00: request failed, libcurl error: 6 (Couldn't resolve host name)
[2018.04.23-14.05.27:070][230]LogHttp: Warning: 00000292D67D8A00: libcurl info message cache 0 (Could not resolve host: datarouter.ol.epicgames.com)
[2018.04.23-14.05.27:070][230]LogHttp: Warning: 00000292D67D8A00: libcurl info message cache 1 (Closing connection 24)
[2018.04.23-14.07.27:403][591]LogHttp: Warning: 00000292D67DBB80: request failed, libcurl error: 6 (Couldn't resolve host name)
[2018.04.23-14.07.27:403][591]LogHttp: Warning: 00000292D67DBB80: libcurl info message cache 0 (Could not resolve host: datarouter.ol.epicgames.com)
[2018.04.23-14.07.27:403][591]LogHttp: Warning: 00000292D67DBB80: libcurl info message cache 1 (Closing connection 25)
[2018.04.23-14.09.27:739][952]LogHttp: Warning: 00000292D67DBE80: request failed, libcurl error: 6 (Couldn't resolve host name)
[2018.04.23-14.09.27:739][952]LogHttp: Warning: 00000292D67DBE80: libcurl info message cache 0 (Could not resolve host: datarouter.ol.epicgames.com)
[2018.04.23-14.09.27:739][952]LogHttp: Warning: 00000292D67DBE80: libcurl info message cache 1 (Closing connection 26)
[2018.04.23-14.11.28:406][314]LogHttp: Warning: 00000292D67D8880: request failed, libcurl error: 6 (Couldn't resolve host name)
[2018.04.23-14.11.28:406][314]LogHttp: Warning: 00000292D67D8880: libcurl info message cache 0 (Could not resolve host: datarouter.ol.epicgames.com)
[2018.04.23-14.11.28:406][314]LogHttp: Warning: 00000292D67D8880: libcurl info message cache 1 (Closing connection 27)
[2018.04.23-14.13.28:740][675]LogHttp: Warning: 00000292D67DBB80: request failed, libcurl error: 6 (Couldn't resolve host name)
[2018.04.23-14.13.28:740][675]LogHttp: Warning: 00000292D67DBB80: libcurl info message cache 0 (Could not resolve host: datarouter.ol.epicgames.com)
[2018.04.23-14.13.28:740][675]LogHttp: Warning: 00000292D67DBB80: libcurl info message cache 1 (Closing connection 28)
[2018.04.23-14.15.29:074][ 36]LogHttp: Warning: 00000292D67D8400: request failed, libcurl error: 6 (Couldn't resolve host name)
[2018.04.23-14.15.29:074][ 36]LogHttp: Warning: 00000292D67D8400: libcurl info message cache 0 (Could not resolve host: datarouter.ol.epicgames.com)
[2018.04.23-14.15.29:074][ 36]LogHttp: Warning: 00000292D67D8400: libcurl info message cache 1 (Closing connection 29)
[2018.04.23-15.14.19:492][627]LogHttp: Warning: 00000292D67DB400: request failed, libcurl error: 6 (Couldn't resolve host name)
[2018.04.23-15.14.19:492][627]LogHttp: Warning: 00000292D67DB400: libcurl info message cache 0 (Found bundle for host datarouter.ol.epicgames.com: 0x292e933af20 [can pipeline])
[2018.04.23-15.14.19:492][627]LogHttp: Warning: 00000292D67DB400: libcurl info message cache 1 (Re-using existing connection! (#31) with host datarouter.ol.epicgames.com)
[2018.04.23-15.14.19:492][627]LogHttp: Warning: 00000292D67DB400: libcurl info message cache 2 (Connected to datarouter.ol.epicgames.com (35.173.98.150) port 443 (#31))
[2018.04.23-15.14.19:492][627]LogHttp: Warning: 00000292D67DB400: libcurl info message cache 3 (upload completely sent off: 362 out of 362 bytes)
[2018.04.23-15.14.19:493][627]LogHttp: Warning: 00000292D67DB400: libcurl info message cache 4 (TLSv1.2 (IN), TLS alert, Client hello (1):)
[2018.04.23-15.14.19:493][627]LogHttp: Warning: 00000292D67DB400: libcurl info message cache 5 (Connection died, retrying a fresh connect)
[2018.04.23-15.14.19:493][627]LogHttp: Warning: 00000292D67DB400: libcurl info message cache 6 (Closing connection 31)
[2018.04.23-15.14.19:493][627]LogHttp: Warning: 00000292D67DB400: libcurl info message cache 7 (TLSv1.2 (OUT), TLS alert, Client hello (1):)
[2018.04.23-15.14.19:493][627]LogHttp: Warning: 00000292D67DB400: libcurl info message cache 8 (Issue another request to this URL: 'https://datarouter.ol.epicgames.com/datarouter/api/v1/public/data?SessionID=%7B2893E3CD-470D-71F1-2D6D-70ADA3A3DD83%7D&AppID=UEEditor.Rocket.Release&AppVersion=4.19.1-3989454%2B%2B%2BUE4%2BRelease-4.19&UserID=16780f744bc018e3491830ba0fc76b66%7Cf9a0354237634815a2b59242208d7987%7C287cbb64-d8bf-4a9f-a9b5-f87f95f8bcab&AppEnvironment=datacollector-binary&UploadType=eteventstream')
[2018.04.23-15.14.19:493][627]LogHttp: Warning: 00000292D67DB400: libcurl info message cache 9 (Could not resolve host: datarouter.ol.epicgames.com)
[2018.04.23-15.14.19:493][627]LogHttp: Warning: 00000292D67DB400: libcurl info message cache 10 (Closing connection 32)
[2018.04.23-15.16.30:826][ 21]LogHttp: Warning: 00000292D67D8280: request failed, libcurl error: 6 (Couldn't resolve host name)
[2018.04.23-15.16.30:827][ 21]LogHttp: Warning: 00000292D67D8280: libcurl info message cache 0 (Could not resolve host: datarouter.ol.epicgames.com)
[2018.04.23-15.16.30:827][ 21]LogHttp: Warning: 00000292D67D8280: libcurl info message cache 1 (Closing connection 33)
[2018.04.24-07.21.39:947][686]LogHttp: Warning: 00000292D67D8400: request failed, libcurl error: 6 (Couldn't resolve host name)
[2018.04.24-07.21.39:948][686]LogHttp: Warning: 00000292D67D8400: libcurl info message cache 0 (Found bundle for host datarouter.ol.epicgames.com: 0x292e933af50 [can pipeline])
[2018.04.24-07.21.39:948][686]LogHttp: Warning: 00000292D67D8400: libcurl info message cache 1 (Re-using existing connection! (#37) with host datarouter.ol.epicgames.com)
[2018.04.24-07.21.39:948][686]LogHttp: Warning: 00000292D67D8400: libcurl info message cache 2 (Connected to datarouter.ol.epicgames.com (35.172.167.219) port 443 (#37))
[2018.04.24-07.21.39:948][686]LogHttp: Warning: 00000292D67D8400: libcurl info message cache 3 (SSL read: error:00000000:lib(0):func(0):reason(0), errno 10054)
[2018.04.24-07.21.39:948][686]LogHttp: Warning: 00000292D67D8400: libcurl info message cache 4 (Connection died, retrying a fresh connect)
[2018.04.24-07.21.39:949][686]LogHttp: Warning: 00000292D67D8400: libcurl info message cache 5 (Closing connection 37)
[2018.04.24-07.21.39:949][686]LogHttp: Warning: 00000292D67D8400: libcurl info message cache 6 (Issue another request to this URL: 'https://datarouter.ol.epicgames.com/datarouter/api/v1/public/data?SessionID=%7B2893E3CD-470D-71F1-2D6D-70ADA3A3DD83%7D&AppID=UEEditor.Rocket.Release&AppVersion=4.19.1-3989454%2B%2B%2BUE4%2BRelease-4.19&UserID=16780f744bc018e3491830ba0fc76b66%7Cf9a0354237634815a2b59242208d7987%7C287cbb64-d8bf-4a9f-a9b5-f87f95f8bcab&AppEnvironment=datacollector-binary&UploadType=eteventstream')
[2018.04.24-07.21.39:949][686]LogHttp: Warning: 00000292D67D8400: libcurl info message cache 7 (Could not resolve host: datarouter.ol.epicgames.com)
[2018.04.24-07.21.39:949][686]LogHttp: Warning: 00000292D67D8400: libcurl info message cache 8 (Closing connection 38)
[2018.04.24-07.47.21:188][308]LogHttp: Warning: 00000292D67D8400: request failed, libcurl error: 6 (Couldn't resolve host name)
[2018.04.24-07.47.21:188][308]LogHttp: Warning: 00000292D67D8400: libcurl info message cache 0 (Found bundle for host datarouter.ol.epicgames.com: 0x292e933af50 [can pipeline])
[2018.04.24-07.47.21:188][308]LogHttp: Warning: 00000292D67D8400: libcurl info message cache 1 (Re-using existing connection! (#41) with host datarouter.ol.epicgames.com)
[2018.04.24-07.47.21:188][308]LogHttp: Warning: 00000292D67D8400: libcurl info message cache 2 (Connected to datarouter.ol.epicgames.com (35.171.156.107) port 443 (#41))
[2018.04.24-07.47.21:188][308]LogHttp: Warning: 00000292D67D8400: libcurl info message cache 3 (upload completely sent off: 362 out of 362 bytes)
[2018.04.24-07.47.21:188][308]LogHttp: Warning: 00000292D67D8400: libcurl info message cache 4 (SSL read: error:00000000:lib(0):func(0):reason(0), errno 10054)
[2018.04.24-07.47.21:188][308]LogHttp: Warning: 00000292D67D8400: libcurl info message cache 5 (Connection died, retrying a fresh connect)
[2018.04.24-07.47.21:188][308]LogHttp: Warning: 00000292D67D8400: libcurl info message cache 6 (Closing connection 41)
[2018.04.24-07.47.21:188][308]LogHttp: Warning: 00000292D67D8400: libcurl info message cache 7 (Issue another request to this URL: 'https://datarouter.ol.epicgames.com/datarouter/api/v1/public/data?SessionID=%7B2893E3CD-470D-71F1-2D6D-70ADA3A3DD83%7D&AppID=UEEditor.Rocket.Release&AppVersion=4.19.1-3989454%2B%2B%2BUE4%2BRelease-4.19&UserID=16780f744bc018e3491830ba0fc76b66%7Cf9a0354237634815a2b59242208d7987%7C287cbb64-d8bf-4a9f-a9b5-f87f95f8bcab&AppEnvironment=datacollector-binary&UploadType=eteventstream')
[2018.04.24-07.47.21:189][308]LogHttp: Warning: 00000292D67D8400: libcurl info message cache 8 (Could not resolve host: datarouter.ol.epicgames.com)
[2018.04.24-07.47.21:189][308]LogHttp: Warning: 00000292D67D8400: libcurl info message cache 9 (Closing connection 42)
[2018.04.24-09.06.31:748][559]LogHttp: Warning: 00000292EBF68D00: HTTP request timed out after 180.00 seconds URL=https://datarouter.ol.epicgames.com/datarouter/api/v1/public/data?SessionID=%7B2893E3CD-470D-71F1-2D6D-70ADA3A3DD83%7D&AppID=UEEditor.Rocket.Release&AppVersion=4.19.1-3989454%2B%2B%2BUE4%2BRelease-4.19&UserID=16780f744bc018e3491830ba0fc76b66%7Cf9a0354237634815a2b59242208d7987%7C287cbb64-d8bf-4a9f-a9b5-f87f95f8bcab&AppEnvironment=datacollector-binary&UploadType=eteventstream
[2018.04.24-09.06.31:748][559]LogHttp: Warning: 00000292EBF68D00: request failed, libcurl error: 0 (No error)
[2018.04.24-09.06.31:748][559]LogHttp: Warning: 00000292EBF68D00: libcurl info message cache 0 (Found bundle for host datarouter.ol.epicgames.com: 0x292e933a518 [can pipeline])
[2018.04.24-09.06.31:748][559]LogHttp: Warning: 00000292EBF68D00: libcurl info message cache 1 (Re-using existing connection! (#44) with host datarouter.ol.epicgames.com)
[2018.04.24-09.06.31:749][559]LogHttp: Warning: 00000292EBF68D00: libcurl info message cache 2 (Connected to datarouter.ol.epicgames.com (52.202.254.12) port 443 (#44))
[2018.04.24-09.06.31:749][559]LogHttp: Warning: 00000292EBF68D00: libcurl info message cache 3 (upload completely sent off: 362 out of 362 bytes)
[2018.04.24-09.06.31:749][559]LogHttp: Warning: 00000292EBF68D00: libcurl info message cache 4 (TLSv1.2 (IN), TLS alert, Client hello (1):)
[2018.04.24-09.06.31:749][559]LogHttp: Warning: 00000292EBF68D00: libcurl info message cache 5 (Connection died, retrying a fresh connect)
[2018.04.24-09.06.31:749][559]LogHttp: Warning: 00000292EBF68D00: libcurl info message cache 6 (Closing connection 44)
[2018.04.24-09.06.31:749][559]LogHttp: Warning: 00000292EBF68D00: libcurl info message cache 7 (TLSv1.2 (OUT), TLS alert, Client hello (1):)
[2018.04.24-09.06.31:749][559]LogHttp: Warning: 00000292EBF68D00: libcurl info message cache 8 (Issue another request to this URL: 'https://datarouter.ol.epicgames.com/datarouter/api/v1/public/data?SessionID=%7B2893E3CD-470D-71F1-2D6D-70ADA3A3DD83%7D&AppID=UEEditor.Rocket.Release&AppVersion=4.19.1-3989454%2B%2B%2BUE4%2BRelease-4.19&UserID=16780f744bc018e3491830ba0fc76b66%7Cf9a0354237634815a2b59242208d7987%7C287cbb64-d8bf-4a9f-a9b5-f87f95f8bcab&AppEnvironment=datacollector-binary&UploadType=eteventstream')
[2018.04.24-09.06.31:749][559]LogHttp: Warning: 00000292EBF68D00: libcurl info message cache 9 (  Trying 54.82.79.206...)
[2018.04.24-09.06.31:749][559]LogHttp: Warning: 00000292EBF68D00: libcurl info message cache 10 (Connected to datarouter.ol.epicgames.com (54.82.79.206) port 443 (#45))
[2018.04.24-09.06.31:749][559]LogHttp: Warning: 00000292EBF68D00: libcurl info message cache 11 (ALPN, offering http/1.1)
[2018.04.24-09.06.31:749][559]LogHttp: Warning: 00000292EBF68D00: libcurl info message cache 12 (Cipher selection: ALL:!EXPORT:!EXPORT40:!EXPORT56:!aNULL:!LOW:!RC4:@STRENGTH)
[2018.04.24-09.06.31:749][559]LogHttp: Warning: 00000292EBF68D00: libcurl info message cache 13 (SSL re-using session ID)
[2018.04.24-09.06.31:749][559]LogHttp: Warning: 00000292EBF68D00: libcurl info message cache 14 (TLSv1.2 (OUT), TLS handshake, Client hello (1):)
[2018.04.24-09.06.31:749][559]LogHttp: Warning: 00000292EBF68D00: libcurl info message cache 15 (TLSv1.2 (IN), TLS handshake, Server hello (2):)
[2018.04.24-09.06.31:749][559]LogHttp: Warning: 00000292EBF68D00: libcurl info message cache 16 (Closing connection 45)
[2018.04.24-09.46.02:873][724]LogSlate: Window 'DarkMatter_UEProj - Unreal Editor' being destroyed
[2018.04.24-09.46.02:877][724]LogWindowsTextInputMethodSystem: Display: IME system now deactivated.
[2018.04.24-09.46.03:268][725]Cmd: QUIT_EDITOR
[2018.04.24-09.46.03:800][725]LogSlate: Slate User Destroyed.  User Index 0, Is Virtual User: 0
[2018.04.24-09.46.03:802][725]LogExit: Preparing to exit.
[2018.04.24-09.46.04:451][725]LogDirectoryWatcher: A directory notification for 'C:/Users/Demi/Desktop/Dark Matter/DarkMatter_UEProj/Content/' was aborted.
[2018.04.24-09.46.04:614][725]LogExit: Editor shut down
[2018.04.24-09.46.04:655][725]LogExit: Transaction tracking system shut down
[2018.04.24-09.46.04:884][725]LogDirectoryWatcher: A directory notification for '../../../Engine/Content/' was aborted.
[2018.04.24-09.46.04:884][725]LogDirectoryWatcher: A directory notification for '../../../../../../Users/Demi/Desktop/Dark Matter/DarkMatter_UEProj/Content/' was aborted.
[2018.04.24-09.46.04:884][725]LogDirectoryWatcher: A directory notification for '../../Plugins/2D/Paper2D/Content/' was aborted.
[2018.04.24-09.46.04:884][725]LogDirectoryWatcher: A directory notification for '../../Plugins/Enterprise/DatasmithContent/Content/' was aborted.
[2018.04.24-09.46.04:885][725]LogDirectoryWatcher: A directory notification for '../../Plugins/Media/MediaCompositing/Content/' was aborted.
[2018.04.24-09.46.04:885][725]LogDirectoryWatcher: A directory notification for '../../Plugins/Runtime/AppleARKit/Content/' was aborted.
[2018.04.24-09.46.04:885][725]LogDirectoryWatcher: A directory notification for '../../Plugins/Runtime/Oculus/OculusVR/Content/' was aborted.
[2018.04.24-09.46.04:885][725]LogDirectoryWatcher: A directory notification for '../../Plugins/Runtime/Steam/SteamVR/Content/' was aborted.
[2018.04.24-09.46.05:186][725]LogExit: Object subsystem successfully closed.
[2018.04.24-09.46.05:247][725]LogShaderCompilers: Display: Shaders left to compile 0
[2018.04.24-09.46.05:255][725]LogD3D11RHI: Shutdown
[2018.04.24-09.46.05:255][725]LogD3D11RHI: CleanupD3DDevice
[2018.04.24-09.46.05:265][725]LogD3D11RHI: ~FD3D11DynamicRHI
[2018.04.24-09.46.05:367][725]LogModuleManager: Shutting down and abandoning module MovieSceneCapture (576)
[2018.04.24-09.46.05:367][725]LogModuleManager: Shutting down and abandoning module HierarchicalLODOutliner (574)
[2018.04.24-09.46.05:367][725]LogModuleManager: Shutting down and abandoning module AddContentDialog (572)
[2018.04.24-09.46.05:368][725]LogDirectoryWatcher: A directory notification for 'C:/Program Files/Epic Games/UE_4.19/FeaturePacks/' was aborted.
[2018.04.24-09.46.05:376][725]LogModuleManager: Shutting down and abandoning module WidgetCarousel (571)
[2018.04.24-09.46.05:376][725]LogModuleManager: Shutting down and abandoning module EditorWidgets (568)
[2018.04.24-09.46.05:376][725]LogModuleManager: Shutting down and abandoning module CollectionManager (566)
[2018.04.24-09.46.05:377][725]LogDirectoryWatcher: A directory notification for 'C:/Users/Demi/Desktop/Dark Matter/DarkMatter_UEProj/Content/Collections/' was aborted.
[2018.04.24-09.46.05:377][725]LogDirectoryWatcher: A directory notification for 'C:/Users/Demi/Desktop/Dark Matter/DarkMatter_UEProj/Content/Developers/Demi/Collections/' was aborted.
[2018.04.24-09.46.05:377][725]LogDirectoryWatcher: A directory notification for 'C:/Users/Demi/Desktop/Dark Matter/DarkMatter_UEProj/Saved/Collections/' was aborted.
[2018.04.24-09.46.05:377][725]LogModuleManager: Shutting down and abandoning module SceneOutliner (564)
[2018.04.24-09.46.05:377][725]LogModuleManager: Shutting down and abandoning module StatsViewer (562)
[2018.04.24-09.46.05:377][725]LogModuleManager: Shutting down and abandoning module FoliageEdit (560)
[2018.04.24-09.46.05:378][725]LogModuleManager: Shutting down and abandoning module LandscapeEditor (558)
[2018.04.24-09.46.05:380][725]LogModuleManager: Shutting down and abandoning module MeshPaintMode (556)
[2018.04.24-09.46.05:380][725]LogModuleManager: Shutting down and abandoning module SceneDepthPickerMode (554)
[2018.04.24-09.46.05:380][725]LogModuleManager: Shutting down and abandoning module ActorPickerMode (552)
[2018.04.24-09.46.05:380][725]LogModuleManager: Shutting down and abandoning module GeometryMode (550)
[2018.04.24-09.46.05:381][725]LogModuleManager: Shutting down and abandoning module TextureAlignMode (548)
[2018.04.24-09.46.05:381][725]LogModuleManager: Shutting down and abandoning module BspMode (546)
[2018.04.24-09.46.05:381][725]LogModuleManager: Shutting down and abandoning module PIEPreviewDeviceProfileSelector (544)
[2018.04.24-09.46.05:381][725]LogModuleManager: Shutting down and abandoning module HardwareSurvey (542)
[2018.04.24-09.46.05:381][725]LogModuleManager: Shutting down and abandoning module SequenceRecorderSections (540)
[2018.04.24-09.46.05:381][725]LogModuleManager: Shutting down and abandoning module AutomationWorker (538)
[2018.04.24-09.46.05:381][725]LogModuleManager: Shutting down and abandoning module AudioCaptureEditor (536)
[2018.04.24-09.46.05:381][725]LogModuleManager: Shutting down and abandoning module SequenceRecorder (535)
[2018.04.24-09.46.05:382][725]LogModuleManager: Shutting down and abandoning module MatineeToLevelSequence (532)
[2018.04.24-09.46.05:382][725]LogModuleManager: Shutting down and abandoning module LevelSequenceEditor (530)
[2018.04.24-09.46.05:386][725]LogModuleManager: Shutting down and abandoning module PlacementMode (529)
[2018.04.24-09.46.05:386][725]LogModuleManager: Shutting down and abandoning module MaterialEditor (528)
[2018.04.24-09.46.05:389][725]LogModuleManager: Shutting down and abandoning module WmfMediaFactory (524)
[2018.04.24-09.46.05:389][725]LogModuleManager: Shutting down and abandoning module WmfMediaEditor (522)
[2018.04.24-09.46.05:389][725]LogModuleManager: Shutting down and abandoning module MediaPlayerEditor (520)
[2018.04.24-09.46.05:393][725]LogModuleManager: Shutting down and abandoning module OpenExrWrapper (518)
[2018.04.24-09.46.05:393][725]LogModuleManager: Shutting down and abandoning module ImgMediaFactory (516)
[2018.04.24-09.46.05:393][725]LogModuleManager: Shutting down and abandoning module ImgMediaEditor (514)
[2018.04.24-09.46.05:393][725]LogModuleManager: Shutting down and abandoning module AvfMediaFactory (512)
[2018.04.24-09.46.05:393][725]LogModuleManager: Shutting down and abandoning module AvfMediaEditor (510)
[2018.04.24-09.46.05:393][725]LogModuleManager: Shutting down and abandoning module AndroidMediaFactory (508)
[2018.04.24-09.46.05:393][725]LogModuleManager: Shutting down and abandoning module AndroidMediaEditor (506)
[2018.04.24-09.46.05:393][725]LogModuleManager: Shutting down and abandoning module CharacterAI (504)
[2018.04.24-09.46.05:393][725]LogModuleManager: Shutting down and abandoning module SmartSnapping (502)
[2018.04.24-09.46.05:393][725]LogModuleManager: Shutting down and abandoning module SessionServices (500)
[2018.04.24-09.46.05:393][725]LogModuleManager: Shutting down and abandoning module ViewportSnapping (498)
[2018.04.24-09.46.05:393][725]LogModuleManager: Shutting down and abandoning module ViewportInteraction (496)
[2018.04.24-09.46.05:393][725]LogModuleManager: Shutting down and abandoning module ClothPainter (494)
[2018.04.24-09.46.05:394][725]LogModuleManager: Shutting down and abandoning module SkeletalMeshEditor (493)
[2018.04.24-09.46.05:397][725]LogModuleManager: Shutting down and abandoning module LogVisualizer (490)
[2018.04.24-09.46.05:400][725]LogModuleManager: Shutting down and abandoning module IntroTutorials (488)
[2018.04.24-09.46.05:401][725]LogModuleManager: Shutting down and abandoning module GameProjectGeneration (487)
[2018.04.24-09.46.05:402][725]LogModuleManager: Shutting down and abandoning module IOSPlatformEditor (484)
[2018.04.24-09.46.05:403][725]LogModuleManager: Shutting down and abandoning module HTML5PlatformEditor (482)
[2018.04.24-09.46.05:403][725]LogModuleManager: Shutting down and abandoning module AndroidPlatformEditor (480)
[2018.04.24-09.46.05:403][725]LogModuleManager: Shutting down and abandoning module AndroidDeviceDetection (479)
[2018.04.24-09.46.06:113][725]LogModuleManager: Shutting down and abandoning module WindowsPlatformEditor (476)
[2018.04.24-09.46.06:113][725]LogModuleManager: Shutting down and abandoning module IOSRuntimeSettings (474)
[2018.04.24-09.46.06:113][725]LogModuleManager: Shutting down and abandoning module AndroidRuntimeSettings (472)
[2018.04.24-09.46.06:113][725]LogModuleManager: Shutting down and abandoning module InputBindingEditor (470)
[2018.04.24-09.46.06:115][725]LogModuleManager: Shutting down and abandoning module MergeActors (468)
[2018.04.24-09.46.06:116][725]LogModuleManager: Shutting down and abandoning module LocalizationDashboard (466)
[2018.04.24-09.46.06:118][725]LogModuleManager: Shutting down and abandoning module LocalizationService (465)
[2018.04.24-09.46.06:118][725]LogModuleManager: Shutting down and abandoning module HardwareTargeting (462)
[2018.04.24-09.46.06:118][725]LogModuleManager: Shutting down and abandoning module DeviceProfileEditor (460)
[2018.04.24-09.46.06:119][725]LogModuleManager: Shutting down and abandoning module UndoHistory (458)
[2018.04.24-09.46.06:119][725]LogModuleManager: Shutting down and abandoning module XmlParser (456)
[2018.04.24-09.46.06:120][725]LogModuleManager: Shutting down and abandoning module Blutility (454)
[2018.04.24-09.46.06:120][725]LogModuleManager: Shutting down and abandoning module ProjectSettingsViewer (452)
[2018.04.24-09.46.06:121][725]LogModuleManager: Shutting down and abandoning module ProjectTargetPlatformEditor (451)
[2018.04.24-09.46.06:122][725]LogModuleManager: Shutting down and abandoning module EditorSettingsViewer (448)
[2018.04.24-09.46.06:122][725]LogModuleManager: Shutting down and abandoning module SettingsEditor (446)
[2018.04.24-09.46.06:125][725]LogModuleManager: Shutting down and abandoning module ProjectLauncher (444)
[2018.04.24-09.46.06:126][725]LogModuleManager: Shutting down and abandoning module SessionFrontend (442)
[2018.04.24-09.46.06:127][725]LogModuleManager: Shutting down and abandoning module ProfilerClient (440)
[2018.04.24-09.46.06:128][725]LogModuleManager: Shutting down and abandoning module DeviceManager (438)
[2018.04.24-09.46.06:128][725]LogModuleManager: Shutting down and abandoning module TargetDeviceServices (437)
[2018.04.24-09.46.06:195][725]LogModuleManager: Shutting down and abandoning module AutomationController (434)
[2018.04.24-09.46.06:199][725]LogModuleManager: Shutting down and abandoning module AutomationWindow (432)
[2018.04.24-09.46.06:202][725]LogModuleManager: Shutting down and abandoning module Layers (430)
[2018.04.24-09.46.06:206][725]LogModuleManager: Shutting down and abandoning module ComponentVisualizers (428)
[2018.04.24-09.46.06:206][725]LogModuleManager: Shutting down and abandoning module DetailCustomizations (426)
[2018.04.24-09.46.06:208][725]LogModuleManager: Shutting down and abandoning module PackagesDialog (424)
[2018.04.24-09.46.06:209][725]LogModuleManager: Shutting down and abandoning module Persona (422)
[2018.04.24-09.46.06:212][725]LogModuleManager: Shutting down and abandoning module AdvancedPreviewScene (421)
[2018.04.24-09.46.06:212][725]LogModuleManager: Shutting down and abandoning module AnimGraph (419)
[2018.04.24-09.46.06:212][725]LogModuleManager: Shutting down and abandoning module Kismet (416)
[2018.04.24-09.46.06:216][725]LogModuleManager: Shutting down and abandoning module GraphEditor (414)
[2018.04.24-09.46.06:220][725]LogModuleManager: Shutting down and abandoning module ClassViewer (412)
[2018.04.24-09.46.06:221][725]LogModuleManager: Shutting down and abandoning module Toolbox (410)
[2018.04.24-09.46.06:221][725]LogModuleManager: Shutting down and abandoning module ModuleUI (408)
[2018.04.24-09.46.06:222][725]LogModuleManager: Shutting down and abandoning module MovieSceneTools (406)
[2018.04.24-09.46.06:224][725]LogModuleManager: Shutting down and abandoning module OutputLog (404)
[2018.04.24-09.46.06:225][725]LogModuleManager: Shutting down and abandoning module GammaUI (402)
[2018.04.24-09.46.06:226][725]LogModuleManager: Shutting down and abandoning module Documentation (400)
[2018.04.24-09.46.06:226][725]LogModuleManager: Shutting down and abandoning module MovieSceneTracks (398)
[2018.04.24-09.46.06:226][725]LogModuleManager: Shutting down and abandoning module MovieScene (396)
[2018.04.24-09.46.06:226][725]LogModuleManager: Shutting down and abandoning module StreamingPauseRendering (394)
[2018.04.24-09.46.06:227][725]LogModuleManager: Shutting down and abandoning module LauncherPlatform (392)
[2018.04.24-09.46.06:227][725]LogModuleManager: Shutting down and abandoning module AnalyticsET (390)
[2018.04.24-09.46.06:227][725]LogModuleManager: Shutting down and abandoning module PortalServices (388)
[2018.04.24-09.46.06:227][725]LogModuleManager: Shutting down and abandoning module PortalRpc (386)
[2018.04.24-09.46.06:227][725]LogModuleManager: Shutting down and abandoning module MessagingRpc (384)
[2018.04.24-09.46.06:227][725]LogModuleManager: Shutting down and abandoning module AIModule (382)
[2018.04.24-09.46.06:229][725]LogModuleManager: Shutting down and abandoning module GameplayDebugger (381)
[2018.04.24-09.46.06:229][725]LogModuleManager: Shutting down and abandoning module AITestSuite (379)
[2018.04.24-09.46.06:230][725]LogModuleManager: Shutting down and abandoning module DesktopPlatform (376)
[2018.04.24-09.46.06:233][725]LogModuleManager: Shutting down and abandoning module ProfilerService (374)
[2018.04.24-09.46.06:371][725]LogModuleManager: Shutting down and abandoning module TaskGraph (372)
[2018.04.24-09.46.06:372][725]LogModuleManager: Shutting down and abandoning module SteamVRController (370)
[2018.04.24-09.46.06:372][725]LogModuleManager: Shutting down and abandoning module ProceduralMeshComponentEditor (368)
[2018.04.24-09.46.06:372][725]LogModuleManager: Shutting down and abandoning module ProceduralMeshComponent (366)
[2018.04.24-09.46.06:373][725]LogModuleManager: Shutting down and abandoning module OculusInput (364)
[2018.04.24-09.46.06:374][725]LogModuleManager: Shutting down and abandoning module MobilePatchingUtils (362)
[2018.04.24-09.46.06:374][725]LogModuleManager: Shutting down and abandoning module CustomMeshComponent (360)
[2018.04.24-09.46.06:374][725]LogModuleManager: Shutting down and abandoning module CableComponent (358)
[2018.04.24-09.46.06:374][725]LogModuleManager: Shutting down and abandoning module AudioCapture (356)
[2018.04.24-09.46.06:374][725]LogModuleManager: Shutting down and abandoning module ArchVisCharacter (354)
[2018.04.24-09.46.06:374][725]LogModuleManager: Shutting down and abandoning module AndroidPermission (352)
[2018.04.24-09.46.06:374][725]LogModuleManager: Shutting down and abandoning module NUTUnrealEngine4 (348)
[2018.04.24-09.46.06:374][725]LogModuleManager: Shutting down and abandoning module NetcodeUnitTest (346)
[2018.04.24-09.46.06:376][725]LogModuleManager: Shutting down and abandoning module MediaCompositingEditor (344)
[2018.04.24-09.46.06:377][725]LogModuleManager: Shutting down and abandoning module MediaCompositing (342)
[2018.04.24-09.46.06:377][725]LogModuleManager: Shutting down and abandoning module LinearTimecode (340)
[2018.04.24-09.46.06:377][725]LogModuleManager: Shutting down and abandoning module ImgMedia (338)
[2018.04.24-09.46.06:385][725]LogModuleManager: Shutting down and abandoning module HTML5Networking (336)
[2018.04.24-09.46.06:385][725]LogModuleManager: Shutting down and abandoning module AlembicImporter (334)
[2018.04.24-09.46.06:386][725]LogModuleManager: Shutting down and abandoning module AlembicLibrary (333)
[2018.04.24-09.46.06:386][725]LogModuleManager: Shutting down and abandoning module GeometryCache (332)
[2018.04.24-09.46.06:386][725]LogModuleManager: Shutting down and abandoning module GeometryCacheEd (331)
[2018.04.24-09.46.06:386][725]LogModuleManager: Shutting down and abandoning module DatasmithContent (326)
[2018.04.24-09.46.06:386][725]LogModuleManager: Shutting down and abandoning module SpeedTreeImporter (324)
[2018.04.24-09.46.06:386][725]LogModuleManager: Shutting down and abandoning module PluginBrowser (322)
[2018.04.24-09.46.06:389][725]LogModuleManager: Shutting down and abandoning module MobileLauncherProfileWizard (320)
[2018.04.24-09.46.06:390][725]LogModuleManager: Shutting down and abandoning module CryptoKeysOpenSSL (318)
[2018.04.24-09.46.06:390][725]LogModuleManager: Shutting down and abandoning module CryptoKeys (316)
[2018.04.24-09.46.06:390][725]LogModuleManager: Shutting down and abandoning module VisualStudioSourceCodeAccess (314)
[2018.04.24-09.46.06:391][725]LogModuleManager: Shutting down and abandoning module VisualStudioCodeSourceCodeAccess (312)
[2018.04.24-09.46.06:391][725]LogModuleManager: Shutting down and abandoning module UObjectPlugin (310)
[2018.04.24-09.46.06:391][725]LogModuleManager: Shutting down and abandoning module SubversionSourceControl (308)
[2018.04.24-09.46.06:393][725]LogModuleManager: Shutting down and abandoning module PerforceSourceControl (306)
[2018.04.24-09.46.06:394][725]LogModuleManager: Shutting down and abandoning module GitSourceControl (304)
[2018.04.24-09.46.06:396][725]LogModuleManager: Shutting down and abandoning module SourceControl (303)
[2018.04.24-09.46.06:397][725]LogModuleManager: Shutting down and abandoning module CLionSourceCodeAccess (300)
[2018.04.24-09.46.06:397][725]LogModuleManager: Shutting down and abandoning module LightPropagationVolumeEditor (298)
[2018.04.24-09.46.06:397][725]LogModuleManager: Shutting down and abandoning module PaperTiledImporter (296)
[2018.04.24-09.46.06:397][725]LogModuleManager: Shutting down and abandoning module PaperSpriteSheetImporter (294)
[2018.04.24-09.46.06:397][725]LogModuleManager: Shutting down and abandoning module Paper2DEditor (292)
[2018.04.24-09.46.06:399][725]LogModuleManager: Shutting down and abandoning module MeshPaint (291)
[2018.04.24-09.46.06:399][725]LogModuleManager: Shutting down and abandoning module RuntimePhysXCooking (288)
[2018.04.24-09.46.06:399][725]LogModuleManager: Shutting down and abandoning module PhysXVehiclesEditor (286)
[2018.04.24-09.46.06:400][725]LogModuleManager: Shutting down and abandoning module PhysXVehicles (284)
[2018.04.24-09.46.06:400][725]LogModuleManager: Shutting down and abandoning module OculusEditor (282)
[2018.04.24-09.46.06:400][725]LogModuleManager: Shutting down and abandoning module LocationServicesBPLibrary (280)
[2018.04.24-09.46.06:400][725]LogModuleManager: Shutting down and abandoning module ImmediatePhysicsEditor (278)
[2018.04.24-09.46.06:400][725]LogModuleManager: Shutting down and abandoning module ImmediatePhysics (276)
[2018.04.24-09.46.06:401][725]LogModuleManager: Shutting down and abandoning module ActorSequence (274)
[2018.04.24-09.46.06:401][725]LogModuleManager: Shutting down and abandoning module UdpMessaging (272)
[2018.04.24-09.46.06:503][725]LogModuleManager: Shutting down and abandoning module TcpMessaging (270)
[2018.04.24-09.46.06:604][725]LogModuleManager: Shutting down and abandoning module GameplayTagsEditor (268)
[2018.04.24-09.46.06:606][725]LogModuleManager: Shutting down and abandoning module FacialAnimationEditor (266)
[2018.04.24-09.46.06:606][725]LogModuleManager: Shutting down and abandoning module FacialAnimation (264)
[2018.04.24-09.46.06:606][725]LogModuleManager: Shutting down and abandoning module DataValidation (262)
[2018.04.24-09.46.06:607][725]LogModuleManager: Shutting down and abandoning module AssetManagerEditor (260)
[2018.04.24-09.46.06:608][725]LogModuleManager: Shutting down and abandoning module LevelEditor (259)
[2018.04.24-09.46.06:611][725]LogModuleManager: Shutting down and abandoning module PixelInspectorModule (258)
[2018.04.24-09.46.06:612][725]LogModuleManager: Shutting down and abandoning module CommonMenuExtensions (256)
[2018.04.24-09.46.06:612][725]LogModuleManager: Shutting down and abandoning module MainFrame (254)
[2018.04.24-09.46.06:612][725]LogModuleManager: Shutting down and abandoning module HotReload (253)
[2018.04.24-09.46.06:614][725]LogModuleManager: Shutting down and abandoning module ContentBrowser (249)
[2018.04.24-09.46.06:616][725]LogModuleManager: Shutting down and abandoning module TreeMap (247)
[2018.04.24-09.46.06:617][725]LogModuleManager: Shutting down and abandoning module LightPropagationVolumeRuntime (244)
[2018.04.24-09.46.06:617][725]LogModuleManager: Shutting down and abandoning module LiveLinkEditor (242)
[2018.04.24-09.46.06:618][725]LogModuleManager: Shutting down and abandoning module LiveLink (240)
[2018.04.24-09.46.07:488][725]LogModuleManager: Shutting down and abandoning module Paper2D (238)
[2018.04.24-09.46.07:489][725]LogModuleManager: Shutting down and abandoning module WindowsMoviePlayer (236)
[2018.04.24-09.46.07:489][725]LogModuleManager: Shutting down and abandoning module WmfMedia (234)
[2018.04.24-09.46.07:491][725]LogModuleManager: Shutting down and abandoning module Media (233)
[2018.04.24-09.46.07:498][725]LogModuleManager: Shutting down and abandoning module PacketHandler (230)
[2018.04.24-09.46.07:498][725]LogModuleManager: Shutting down and abandoning module ClothingSystemEditor (228)
[2018.04.24-09.46.07:499][725]LogModuleManager: Shutting down and abandoning module ClothingSystemRuntime (226)
[2018.04.24-09.46.07:500][725]LogModuleManager: Shutting down and abandoning module MediaAssets (224)
[2018.04.24-09.46.07:500][725]LogModuleManager: Shutting down and abandoning module Overlay (222)
[2018.04.24-09.46.07:500][725]LogModuleManager: Shutting down and abandoning module OverlayEditor (221)
[2018.04.24-09.46.07:500][725]LogModuleManager: Shutting down and abandoning module VREditor (218)
[2018.04.24-09.46.07:501][725]LogModuleManager: Shutting down and abandoning module StringTableEditor (216)
[2018.04.24-09.46.07:501][725]LogModuleManager: Shutting down and abandoning module GameplayTasksEditor (214)
[2018.04.24-09.46.07:501][725]LogModuleManager: Shutting down and abandoning module BehaviorTreeEditor (212)
[2018.04.24-09.46.07:504][725]LogModuleManager: Shutting down and abandoning module FunctionalTesting (210)
[2018.04.24-09.46.07:504][725]LogModuleManager: Shutting down and abandoning module CollisionAnalyzer (208)
[2018.04.24-09.46.07:506][725]LogModuleManager: Shutting down and abandoning module WorkspaceMenuStructure (207)
[2018.04.24-09.46.07:506][725]LogModuleManager: Shutting down and abandoning module UMG (204)
[2018.04.24-09.46.07:507][725]LogModuleManager: Shutting down and abandoning module UMGEditor (203)
[2018.04.24-09.46.07:510][725]LogModuleManager: Shutting down and abandoning module Sequencer (202)
[2018.04.24-09.46.07:511][725]LogModuleManager: Shutting down and abandoning module MessageLog (199)
[2018.04.24-09.46.07:511][725]LogModuleManager: Shutting down and abandoning module SlateReflector (194)
[2018.04.24-09.46.07:514][725]LogModuleManager: Shutting down and abandoning module Slate (192)
[2018.04.24-09.46.07:514][725]LogModuleManager: Shutting down and abandoning module EditorStyle (190)
[2018.04.24-09.46.07:517][725]LogModuleManager: Shutting down and abandoning module MRMesh (188)
[2018.04.24-09.46.07:517][725]LogModuleManager: Shutting down and abandoning module SourceCodeAccess (186)
[2018.04.24-09.46.07:517][725]LogModuleManager: Shutting down and abandoning module HeadMountedDisplay (184)
[2018.04.24-09.46.07:517][725]LogModuleManager: Shutting down and abandoning module XAudio2 (182)
[2018.04.24-09.46.07:517][725]LogModuleManager: Shutting down and abandoning module Networking (180)
[2018.04.24-09.46.07:517][725]LogModuleManager: Shutting down and abandoning module Core (178)
[2018.04.24-09.46.07:517][725]LogModuleManager: Shutting down and abandoning module LevelSequence (176)
[2018.04.24-09.46.07:517][725]LogModuleManager: Shutting down and abandoning module KismetCompiler (174)
[2018.04.24-09.46.07:517][725]LogModuleManager: Shutting down and abandoning module MeshUtilities (172)
[2018.04.24-09.46.07:519][725]LogModuleManager: Shutting down and abandoning module MeshMergeUtilities (171)
[2018.04.24-09.46.07:519][725]LogModuleManager: Shutting down and abandoning module MeshReductionInterface (170)
[2018.04.24-09.46.07:519][725]LogModuleManager: Shutting down and abandoning module SimplygonSwarm (169)
[2018.04.24-09.46.07:520][725]LogModuleManager: Shutting down and abandoning module SimplygonMeshReduction (167)
[2018.04.24-09.46.07:520][725]LogModuleManager: Shutting down and abandoning module QuadricMeshReduction (165)
[2018.04.24-09.46.07:521][725]LogModuleManager: Shutting down and abandoning module MaterialBaking (161)
[2018.04.24-09.46.07:521][725]LogModuleManager: Shutting down and abandoning module DirectoryWatcher (157)
[2018.04.24-09.46.07:536][725]LogModuleManager: Shutting down and abandoning module DerivedDataCache (154)
[2018.04.24-09.46.07:626][725]LogDerivedDataCache: Shutdown
[2018.04.24-09.46.07:626][725]LogModuleManager: Shutting down and abandoning module XGEController (152)
[2018.04.24-09.46.07:627][725]LogModuleManager: Shutting down and abandoning module TargetPlatform (150)
[2018.04.24-09.46.07:627][725]LogModuleManager: Shutting down and abandoning module VulkanShaderFormat (149)
[2018.04.24-09.46.07:628][725]LogModuleManager: Shutting down and abandoning module ShaderFormatVectorVM (147)
[2018.04.24-09.46.07:629][725]LogModuleManager: Shutting down and abandoning module ShaderFormatOpenGL (145)
[2018.04.24-09.46.07:629][725]LogModuleManager: Shutting down and abandoning module ShaderFormatD3D (143)
[2018.04.24-09.46.07:630][725]LogModuleManager: Shutting down and abandoning module MetalShaderFormat (141)
[2018.04.24-09.46.07:631][725]LogModuleManager: Shutting down and abandoning module TextureFormatUncompressed (139)
[2018.04.24-09.46.07:631][725]LogModuleManager: Shutting down and abandoning module TextureFormatPVR (137)
[2018.04.24-09.46.07:631][725]LogModuleManager: Shutting down and abandoning module TextureFormatDXT (135)
[2018.04.24-09.46.07:632][725]LogModuleManager: Shutting down and abandoning module TextureFormatIntelISPCTexComp (133)
[2018.04.24-09.46.07:632][725]LogModuleManager: Shutting down and abandoning module TextureFormatASTC (131)
[2018.04.24-09.46.07:632][725]LogModuleManager: Shutting down and abandoning module ImageWrapper (130)
[2018.04.24-09.46.07:633][725]LogModuleManager: Shutting down and abandoning module TextureFormatAndroid (127)
[2018.04.24-09.46.07:633][725]LogModuleManager: Shutting down and abandoning module AudioFormatOpus (125)
[2018.04.24-09.46.07:633][725]LogModuleManager: Shutting down and abandoning module AudioFormatOgg (123)
[2018.04.24-09.46.07:633][725]LogModuleManager: Shutting down and abandoning module AudioFormatADPCM (121)
[2018.04.24-09.46.07:633][725]LogModuleManager: Shutting down and abandoning module LinuxTargetPlatform (119)
[2018.04.24-09.46.07:633][725]LogModuleManager: Shutting down and abandoning module LinuxServerTargetPlatform (117)
[2018.04.24-09.46.07:634][725]LogModuleManager: Shutting down and abandoning module LinuxNoEditorTargetPlatform (115)
[2018.04.24-09.46.07:634][725]LogModuleManager: Shutting down and abandoning module LinuxClientTargetPlatform (113)
[2018.04.24-09.46.07:634][725]LogModuleManager: Shutting down and abandoning module TVOSTargetPlatform (111)
[2018.04.24-09.46.07:634][725]LogModuleManager: Shutting down and abandoning module Messaging (109)
[2018.04.24-09.46.07:634][725]LogModuleManager: Shutting down and abandoning module IOSTargetPlatform (107)
[2018.04.24-09.46.07:634][725]LogModuleManager: Shutting down and abandoning module HTML5TargetPlatform (105)
[2018.04.24-09.46.07:634][725]LogModuleManager: Shutting down and abandoning module AndroidTargetPlatform (103)
[2018.04.24-09.46.07:634][725]LogModuleManager: Shutting down and abandoning module Android_PVRTCTargetPlatform (101)
[2018.04.24-09.46.07:634][725]LogModuleManager: Shutting down and abandoning module Android_MultiTargetPlatform (99)
[2018.04.24-09.46.07:634][725]LogModuleManager: Shutting down and abandoning module Android_ETC2TargetPlatform (97)
[2018.04.24-09.46.07:634][725]LogModuleManager: Shutting down and abandoning module Android_ETC1TargetPlatform (95)
[2018.04.24-09.46.07:634][725]LogModuleManager: Shutting down and abandoning module Android_ETC1aTargetPlatform (93)
[2018.04.24-09.46.07:634][725]LogModuleManager: Shutting down and abandoning module Android_DXTTargetPlatform (91)
[2018.04.24-09.46.07:634][725]LogModuleManager: Shutting down and abandoning module Android_ATCTargetPlatform (89)
[2018.04.24-09.46.07:634][725]LogModuleManager: Shutting down and abandoning module Android_ASTCTargetPlatform (87)
[2018.04.24-09.46.07:634][725]LogModuleManager: Shutting down and abandoning module WindowsTargetPlatform (85)
[2018.04.24-09.46.07:634][725]LogModuleManager: Shutting down and abandoning module WindowsServerTargetPlatform (83)
[2018.04.24-09.46.07:634][725]LogModuleManager: Shutting down and abandoning module WindowsNoEditorTargetPlatform (81)
[2018.04.24-09.46.07:635][725]LogModuleManager: Shutting down and abandoning module WindowsClientTargetPlatform (79)
[2018.04.24-09.46.07:635][725]LogModuleManager: Shutting down and abandoning module MacTargetPlatform (77)
[2018.04.24-09.46.07:635][725]LogModuleManager: Shutting down and abandoning module MacServerTargetPlatform (75)
[2018.04.24-09.46.07:635][725]LogModuleManager: Shutting down and abandoning module MacNoEditorTargetPlatform (73)
[2018.04.24-09.46.07:635][725]LogModuleManager: Shutting down and abandoning module MacClientTargetPlatform (71)
[2018.04.24-09.46.07:635][725]LogModuleManager: Shutting down and abandoning module AllDesktopTargetPlatform (69)
[2018.04.24-09.46.07:635][725]LogModuleManager: Shutting down and abandoning module InputCore (66)
[2018.04.24-09.46.07:635][725]LogModuleManager: Shutting down and abandoning module Settings (64)
[2018.04.24-09.46.07:635][725]LogModuleManager: Shutting down and abandoning module PhysXCooking (62)
[2018.04.24-09.46.07:635][725]LogModuleManager: Shutting down and abandoning module SteamVR (60)
[2018.04.24-09.46.07:635][725]LogModuleManager: Shutting down and abandoning module OculusHMD (58)
[2018.04.24-09.46.07:636][725]LogModuleManager: Shutting down and abandoning module ExampleDeviceProfileSelector (56)
[2018.04.24-09.46.07:637][725]LogModuleManager: Shutting down and abandoning module AppleARKit (54)
[2018.04.24-09.46.07:637][725]LogModuleManager: Shutting down and abandoning module AugmentedReality (51)
[2018.04.24-09.46.07:637][725]LogModuleManager: Shutting down and abandoning module OnlineBlueprintSupport (48)
[2018.04.24-09.46.07:637][725]LogModuleManager: Shutting down and abandoning module OnlineSubsystem (44)
[2018.04.24-09.46.07:638][725]LogModuleManager: Shutting down and abandoning module XMPP (43)
[2018.04.24-09.46.07:640][725]LogModuleManager: Shutting down and abandoning module HTTP (41)
[2018.04.24-09.46.07:641][725]LogHttp: Display: Http module shutting down, but needs to wait on 1 outstanding Http requests:
[2018.04.24-09.46.07:641][725]LogHttp: Display: 	verb=[POST] url=[https://datarouter.ol.epicgames.com/datarouter/api/v1/public/data?SessionID=%7B2893E3CD-470D-71F1-2D6D-70ADA3A3DD83%7D&AppID=UEEditor.Rocket.Release&AppVersion=4.19.1-3989454%2B%2B%2BUE4%2BRelease-4.19&UserID=16780f744bc018e3491830ba0fc76b66%7Cf9a0354237634815a2b59242208d7987%7C287cbb64-d8bf-4a9f-a9b5-f87f95f8bcab&AppEnvironment=datacollector-binary&UploadType=eteventstream] status=Processing
[2018.04.24-09.46.07:655][725]LogModuleManager: Shutting down and abandoning module SSL (40)
[2018.04.24-09.46.07:658][725]LogModuleManager: Shutting down and abandoning module AnimationModifiers (36)
[2018.04.24-09.46.07:660][725]LogModuleManager: Shutting down and abandoning module PropertyEditor (35)
[2018.04.24-09.46.07:662][725]LogModuleManager: Shutting down and abandoning module AudioEditor (32)
[2018.04.24-09.46.07:663][725]LogModuleManager: Shutting down and abandoning module TextureCompressor (30)
[2018.04.24-09.46.07:666][725]LogModuleManager: Shutting down and abandoning module ShaderCore (28)
[2018.04.24-09.46.07:667][725]LogModuleManager: Shutting down and abandoning module Landscape (26)
[2018.04.24-09.46.07:667][725]LogModuleManager: Shutting down and abandoning module SlateRHIRenderer (24)
[2018.04.24-09.46.07:685][725]LogModuleManager: Shutting down and abandoning module OpenGLDrv (22)
[2018.04.24-09.46.07:686][725]LogModuleManager: Shutting down and abandoning module D3D11RHI (20)
[2018.04.24-09.46.07:687][725]LogModuleManager: Shutting down and abandoning module AnimGraphRuntime (18)
[2018.04.24-09.46.07:687][725]LogModuleManager: Shutting down and abandoning module Renderer (16)
[2018.04.24-09.46.07:687][725]LogModuleManager: Shutting down and abandoning module Engine (14)
[2018.04.24-09.46.07:687][725]LogModuleManager: Shutting down and abandoning module CoreUObject (12)
[2018.04.24-09.46.07:687][725]LogModuleManager: Shutting down and abandoning module NetworkFile (10)
[2018.04.24-09.46.07:688][725]LogModuleManager: Shutting down and abandoning module CookedIterativeFile (8)
[2018.04.24-09.46.07:688][725]LogModuleManager: Shutting down and abandoning module StreamingFile (6)
[2018.04.24-09.46.07:689][725]LogModuleManager: Shutting down and abandoning module SandboxFile (4)
[2018.04.24-09.46.07:689][725]LogModuleManager: Shutting down and abandoning module PakFile (2)
[2018.04.24-09.46.07:704][725]LogExit: Exiting.
[2018.04.24-09.46.07:725][725]Log file closed, 04/24/18 11:46:07
